[init] device=cuda  dtype=torch.bfloat16  autocast=True
######################################################################
  Phase 14D: 125M on TinyStories, 10% passkey mix
  Seeds: 42, 123, 7  |  Methods: Geo, EVQ (tau=1.5, r=0)
  YaRN scale=8  |  100M tokens
######################################################################

Loading training data (tinystories)...
  [data] Trying roneneldan/TinyStories (config=None)...
Downloading readme:   0%|          | 0.00/1.06k [00:00<?, ?B/s]Downloading readme: 100%|██████████| 1.06k/1.06k [00:00<00:00, 1.19kB/s]Downloading readme: 100%|██████████| 1.06k/1.06k [00:00<00:00, 1.18kB/s]
    Tokenized 0.0M tokens from 6 docs in 2s
  [data] Connection OK, streaming 100M tokens...
    [sample 0] 'One day, a little girl named Lily found a needle in her room. She knew it was difficult to play with'...
    [sample 1] 'Once upon a time, there was a little car named Beep. Beep loved to go fast and play in the sun. Beep'...
    [sample 2] 'One day, a little fish named Fin was swimming near the shore. He saw a big crab and wanted to be fri'...
'(ReadTimeoutError("HTTPSConnectionPool(host='cas-bridge.xethub.hf.co', port=443): Read timed out. (read timeout=10)"), '(Request ID: 96a837f5-deaa-4bfb-9434-923adcfb55b6)')' thrown while requesting GET https://hf-mirror.com/datasets/roneneldan/TinyStories/resolve/f54c09fd23315a6f9c86f9dc80f725de7d8f9c64/data/train-00000-of-00004-2d5a1467fff1081b.parquet
Retrying in 1s [Retry 1/5].
    [10M/100M tokens] 45046 docs, 0.3M tok/s, ETA 323s
    [20M/100M tokens] 91458 docs, 0.4M tok/s, ETA 227s
    [30M/100M tokens] 135372 docs, 0.4M tok/s, ETA 181s
    [40M/100M tokens] 178394 docs, 0.4M tok/s, ETA 147s
    [50M/100M tokens] 222918 docs, 0.4M tok/s, ETA 118s
    [60M/100M tokens] 266478 docs, 0.4M tok/s, ETA 92s
    [70M/100M tokens] 311054 docs, 0.4M tok/s, ETA 68s
    [80M/100M tokens] 356492 docs, 0.4M tok/s, ETA 45s
    [90M/100M tokens] 401570 docs, 0.4M tok/s, ETA 22s
    [100M/100M tokens] 446533 docs, 0.5M tok/s, ETA -0s
    Tokenized 100.0M tokens from 446533 docs in 221s
  [data] Got 48828 chunks (100.0M tokens) from roneneldan/TinyStories
  [data] Saved cache: /root/autodl-tmp/evq_phase14d/data/train_tinystories_100000000_2048.pt (800.0MB)
Loading validation data (tinystories)...
  [val] Trying roneneldan/TinyStories...
  [val] Got 4.8M tokens from roneneldan/TinyStories
  [val] Saved cache: /root/autodl-tmp/evq_phase14d/data/val_tinystories_5000000.pt (38.0MB)
  [passkey-train] mix target=10.00%, sample_check=195/2000 (9.75%)

============================================================
  125m_tau0.00_seed42  (Geo, 125M, seed=42, tinystories, 10% mix)
============================================================
  Model params: 151.9M
  Training: micro_bs=4, grad_accum=4, effective_bs=16, steps=3051, warmup=61, lr=0.0003
    step 0/3051  loss=10.9361  lr=0.00e+00  elapsed=0.0min  ETA=0.0min
    step 100/3051  loss=3.5454  lr=3.00e-04  elapsed=0.5min  ETA=15.9min
    step 200/3051  loss=2.9341  lr=2.99e-04  elapsed=1.1min  ETA=15.3min
    step 300/3051  loss=2.4668  lr=2.96e-04  elapsed=1.6min  ETA=14.8min
    step 400/3051  loss=2.0644  lr=2.92e-04  elapsed=2.2min  ETA=14.2min
    step 500/3051  loss=1.9356  lr=2.86e-04  elapsed=2.7min  ETA=13.7min
    step 600/3051  loss=2.0015  lr=2.79e-04  elapsed=3.2min  ETA=13.1min
    step 700/3051  loss=1.9749  lr=2.71e-04  elapsed=3.8min  ETA=12.6min
    step 800/3051  loss=1.7024  lr=2.61e-04  elapsed=4.3min  ETA=12.1min
    step 900/3051  loss=1.8755  lr=2.51e-04  elapsed=4.8min  ETA=11.5min
    step 1000/3051  loss=1.7293  lr=2.39e-04  elapsed=5.4min  ETA=11.0min
    step 1100/3051  loss=1.5845  lr=2.27e-04  elapsed=5.9min  ETA=10.5min
    step 1200/3051  loss=1.3750  lr=2.14e-04  elapsed=6.4min  ETA=9.9min
    step 1300/3051  loss=1.5256  lr=2.01e-04  elapsed=7.0min  ETA=9.4min
    step 1400/3051  loss=1.5720  lr=1.87e-04  elapsed=7.5min  ETA=8.8min
    step 1500/3051  loss=1.2187  lr=1.73e-04  elapsed=8.0min  ETA=8.3min
    step 1600/3051  loss=1.0555  lr=1.59e-04  elapsed=8.6min  ETA=7.8min
    step 1700/3051  loss=1.5315  lr=1.45e-04  elapsed=9.1min  ETA=7.2min
    step 1800/3051  loss=1.5431  lr=1.31e-04  elapsed=9.7min  ETA=6.7min
    step 1900/3051  loss=1.4487  lr=1.17e-04  elapsed=10.2min  ETA=6.2min
    step 2000/3051  loss=1.6824  lr=1.04e-04  elapsed=10.7min  ETA=5.6min
    step 2100/3051  loss=1.5221  lr=9.20e-05  elapsed=11.3min  ETA=5.1min
    step 2200/3051  loss=1.5488  lr=8.05e-05  elapsed=11.8min  ETA=4.6min
    step 2300/3051  loss=1.2829  lr=6.99e-05  elapsed=12.3min  ETA=4.0min
    step 2400/3051  loss=1.2441  lr=6.04e-05  elapsed=12.9min  ETA=3.5min
    step 2500/3051  loss=1.4968  lr=5.20e-05  elapsed=13.4min  ETA=2.9min
    step 2600/3051  loss=1.4317  lr=4.49e-05  elapsed=13.9min  ETA=2.4min
    step 2700/3051  loss=1.3144  lr=3.91e-05  elapsed=14.5min  ETA=1.9min
    step 2800/3051  loss=1.5212  lr=3.47e-05  elapsed=15.0min  ETA=1.3min
    step 2900/3051  loss=1.2804  lr=3.17e-05  elapsed=15.6min  ETA=0.8min
    step 3000/3051  loss=1.4514  lr=3.02e-05  elapsed=16.1min  ETA=0.3min
    step 3050/3051  loss=1.4512  lr=3.00e-05  elapsed=16.4min  ETA=0.0min
  Training done in 16.4 min

  [baseline] Geo raw
    L=2048: PPL=5.367  (8 chunks)
    L=4096: PPL=5.944  (8 chunks)
    L=8192: PPL=8.240  (8 chunks)
    L=12288: PPL=9.640  (8 chunks)
    L=16384: PPL=12.862  (8 chunks)
    PPL: {'2048': 5.367, '4096': 5.944, '8192': 8.24, '12288': 9.64, '16384': 12.862}
  L=2048_d=0.1 ... gap=-0.000  ret=40%  AR=0%  (10 trials)
  L=2048_d=0.2 ... gap=+0.014  ret=50%  AR=0%  (10 trials)
  L=2048_d=0.5 ... gap=+0.001  ret=50%  AR=0%  (10 trials)
  L=2048_d=0.8 ... gap=+0.022  ret=60%  AR=0%  (10 trials)
  L=2048_d=0.9 ... gap=-0.013  ret=40%  AR=0%  (10 trials)
  L=4096_d=0.1 ... gap=-0.001  ret=60%  AR=0%  (10 trials)
  L=4096_d=0.2 ... gap=-0.012  ret=50%  AR=0%  (10 trials)
  L=4096_d=0.5 ... gap=+0.065  ret=90%  AR=0%  (10 trials)
  L=4096_d=0.8 ... gap=-0.021  ret=30%  AR=0%  (10 trials)
  L=4096_d=0.9 ... gap=+0.006  ret=50%  AR=0%  (10 trials)
  L=8192_d=0.1 ... gap=-0.071  ret=10%  AR=0%  (10 trials)
  L=8192_d=0.2 ... gap=-0.003  ret=50%  AR=0%  (10 trials)
  L=8192_d=0.5 ... gap=+0.059  ret=60%  AR=0%  (10 trials)
  L=8192_d=0.8 ... gap=-0.104  ret=30%  AR=0%  (10 trials)
  L=8192_d=0.9 ... gap=+0.046  ret=70%  AR=0%  (10 trials)
  L=12288_d=0.1 ... gap=-0.035  ret=50%  AR=0%  (10 trials)
  L=12288_d=0.2 ... gap=+0.070  ret=70%  AR=0%  (10 trials)
  L=12288_d=0.5 ... gap=-0.014  ret=50%  AR=0%  (10 trials)
  L=12288_d=0.8 ... gap=-0.036  ret=30%  AR=0%  (10 trials)
  L=12288_d=0.9 ... gap=+0.064  ret=80%  AR=0%  (10 trials)
  L=16384_d=0.1 ... gap=-0.000  ret=40%  AR=0%  (10 trials)
  L=16384_d=0.2 ... gap=-0.018  ret=50%  AR=0%  (10 trials)
  L=16384_d=0.5 ... gap=+0.010  ret=60%  AR=0%  (10 trials)
  L=16384_d=0.8 ... gap=+0.052  ret=80%  AR=0%  (10 trials)
  L=16384_d=0.9 ... gap=-0.038  ret=30%  AR=0%  (10 trials)
    PK per-length: {'2048': 48, '4096': 56, '8192': 44, '12288': 56, '16384': 52}

  [+YaRN] Geo + YaRN (scale=8.0)
    L=2048: PPL=5.414  (8 chunks)
    L=4096: PPL=5.237  (8 chunks)
    L=8192: PPL=5.443  (8 chunks)
    L=12288: PPL=5.716  (8 chunks)
    L=16384: PPL=7.310  (8 chunks)
    PPL: {'2048': 5.414, '4096': 5.237, '8192': 5.443, '12288': 5.716, '16384': 7.31}
  L=2048_d=0.1 ... gap=-0.002  ret=40%  AR=0%  (10 trials)
  L=2048_d=0.2 ... gap=+0.014  ret=50%  AR=0%  (10 trials)
  L=2048_d=0.5 ... gap=-0.001  ret=50%  AR=0%  (10 trials)
  L=2048_d=0.8 ... gap=+0.022  ret=60%  AR=0%  (10 trials)
  L=2048_d=0.9 ... gap=-0.016  ret=30%  AR=0%  (10 trials)
  L=4096_d=0.1 ... gap=-0.006  ret=60%  AR=0%  (10 trials)
  L=4096_d=0.2 ... gap=-0.002  ret=50%  AR=0%  (10 trials)
  L=4096_d=0.5 ... gap=+0.041  ret=90%  AR=0%  (10 trials)
  L=4096_d=0.8 ... gap=-0.001  ret=50%  AR=0%  (10 trials)
  L=4096_d=0.9 ... gap=-0.009  ret=30%  AR=0%  (10 trials)
  L=8192_d=0.1 ... gap=-0.026  ret=40%  AR=0%  (10 trials)
  L=8192_d=0.2 ... gap=+0.005  ret=40%  AR=0%  (10 trials)
  L=8192_d=0.5 ... gap=+0.027  ret=70%  AR=0%  (10 trials)
  L=8192_d=0.8 ... gap=-0.020  ret=40%  AR=0%  (10 trials)
  L=8192_d=0.9 ... gap=+0.032  ret=70%  AR=0%  (10 trials)
  L=12288_d=0.1 ... gap=-0.013  ret=50%  AR=0%  (10 trials)
  L=12288_d=0.2 ... gap=-0.005  ret=50%  AR=0%  (10 trials)
  L=12288_d=0.5 ... gap=-0.025  ret=40%  AR=0%  (10 trials)
  L=12288_d=0.8 ... gap=-0.004  ret=40%  AR=0%  (10 trials)
  L=12288_d=0.9 ... gap=+0.043  ret=90%  AR=0%  (10 trials)
  L=16384_d=0.1 ... gap=-0.070  ret=40%  AR=0%  (10 trials)
  L=16384_d=0.2 ... gap=-0.031  ret=40%  AR=0%  (10 trials)
  L=16384_d=0.5 ... gap=-0.010  ret=50%  AR=0%  (10 trials)
  L=16384_d=0.8 ... gap=+0.028  ret=70%  AR=0%  (10 trials)
  L=16384_d=0.9 ... gap=-0.019  ret=30%  AR=0%  (10 trials)
    PK per-length: {'2048': 46, '4096': 56, '8192': 52, '12288': 54, '16384': 46}
  Saved: /root/autodl-tmp/evq_phase14d/125m_tau0.00_seed42/result.json

============================================================
  125m_tau0.00_seed123  (Geo, 125M, seed=123, tinystories, 10% mix)
============================================================
  Model params: 151.9M
  Training: micro_bs=4, grad_accum=4, effective_bs=16, steps=3051, warmup=61, lr=0.0003
    step 0/3051  loss=10.9611  lr=0.00e+00  elapsed=0.0min  ETA=0.0min
    step 100/3051  loss=3.5605  lr=3.00e-04  elapsed=0.5min  ETA=15.8min
    step 200/3051  loss=2.8946  lr=2.99e-04  elapsed=1.1min  ETA=15.3min
    step 300/3051  loss=2.3147  lr=2.96e-04  elapsed=1.6min  ETA=14.7min
    step 400/3051  loss=2.2337  lr=2.92e-04  elapsed=2.1min  ETA=14.2min
    step 500/3051  loss=2.0271  lr=2.86e-04  elapsed=2.7min  ETA=13.7min
    step 600/3051  loss=2.0102  lr=2.79e-04  elapsed=3.2min  ETA=13.1min
    step 700/3051  loss=1.9446  lr=2.71e-04  elapsed=3.8min  ETA=12.6min
    step 800/3051  loss=1.7039  lr=2.61e-04  elapsed=4.3min  ETA=12.0min
    step 900/3051  loss=1.8802  lr=2.51e-04  elapsed=4.8min  ETA=11.5min
    step 1000/3051  loss=1.6060  lr=2.39e-04  elapsed=5.4min  ETA=11.0min
    step 1100/3051  loss=1.4249  lr=2.27e-04  elapsed=5.9min  ETA=10.4min
    step 1200/3051  loss=1.5613  lr=2.14e-04  elapsed=6.4min  ETA=9.9min
    step 1300/3051  loss=1.6181  lr=2.01e-04  elapsed=7.0min  ETA=9.4min
    step 1400/3051  loss=1.5285  lr=1.87e-04  elapsed=7.5min  ETA=8.8min
    step 1500/3051  loss=1.6998  lr=1.73e-04  elapsed=8.0min  ETA=8.3min
    step 1600/3051  loss=1.5243  lr=1.59e-04  elapsed=8.6min  ETA=7.8min
    step 1700/3051  loss=1.4469  lr=1.45e-04  elapsed=9.1min  ETA=7.2min
    step 1800/3051  loss=1.5373  lr=1.31e-04  elapsed=9.7min  ETA=6.7min
    step 1900/3051  loss=1.4994  lr=1.17e-04  elapsed=10.2min  ETA=6.2min
    step 2000/3051  loss=1.3810  lr=1.04e-04  elapsed=10.7min  ETA=5.6min
    step 2100/3051  loss=1.3463  lr=9.20e-05  elapsed=11.3min  ETA=5.1min
    step 2200/3051  loss=1.5292  lr=8.05e-05  elapsed=11.8min  ETA=4.6min
    step 2300/3051  loss=1.4589  lr=6.99e-05  elapsed=12.3min  ETA=4.0min
    step 2400/3051  loss=1.3415  lr=6.04e-05  elapsed=12.9min  ETA=3.5min
    step 2500/3051  loss=1.6101  lr=5.20e-05  elapsed=13.4min  ETA=2.9min
    step 2600/3051  loss=1.2785  lr=4.49e-05  elapsed=13.9min  ETA=2.4min
    step 2700/3051  loss=1.4854  lr=3.91e-05  elapsed=14.5min  ETA=1.9min
    step 2800/3051  loss=1.5096  lr=3.47e-05  elapsed=15.0min  ETA=1.3min
    step 2900/3051  loss=1.3639  lr=3.17e-05  elapsed=15.6min  ETA=0.8min
    step 3000/3051  loss=1.5766  lr=3.02e-05  elapsed=16.1min  ETA=0.3min
    step 3050/3051  loss=1.3271  lr=3.00e-05  elapsed=16.4min  ETA=0.0min
  Training done in 16.4 min

  [baseline] Geo raw
    L=2048: PPL=5.392  (8 chunks)
    L=4096: PPL=6.109  (8 chunks)
    L=8192: PPL=8.799  (8 chunks)
    L=12288: PPL=10.309  (8 chunks)
    L=16384: PPL=13.469  (8 chunks)
    PPL: {'2048': 5.392, '4096': 6.109, '8192': 8.799, '12288': 10.309, '16384': 13.469}
  L=2048_d=0.1 ... gap=-0.020  ret=20%  AR=0%  (10 trials)
  L=2048_d=0.2 ... gap=-0.004  ret=40%  AR=0%  (10 trials)
  L=2048_d=0.5 ... gap=+0.001  ret=60%  AR=0%  (10 trials)
  L=2048_d=0.8 ... gap=-0.007  ret=40%  AR=0%  (10 trials)
  L=2048_d=0.9 ... gap=+0.005  ret=60%  AR=0%  (10 trials)
  L=4096_d=0.1 ... gap=+0.006  ret=60%  AR=0%  (10 trials)
  L=4096_d=0.2 ... gap=+0.000  ret=50%  AR=0%  (10 trials)
  L=4096_d=0.5 ... gap=-0.003  ret=50%  AR=0%  (10 trials)
  L=4096_d=0.8 ... gap=-0.014  ret=30%  AR=0%  (10 trials)
  L=4096_d=0.9 ... gap=+0.009  ret=60%  AR=0%  (10 trials)
  L=8192_d=0.1 ... gap=-0.023  ret=20%  AR=0%  (10 trials)
  L=8192_d=0.2 ... gap=-0.002  ret=40%  AR=0%  (10 trials)
  L=8192_d=0.5 ... gap=+0.043  ret=80%  AR=0%  (10 trials)
  L=8192_d=0.8 ... gap=-0.044  ret=30%  AR=0%  (10 trials)
  L=8192_d=0.9 ... gap=-0.011  ret=40%  AR=0%  (10 trials)
  L=12288_d=0.1 ... gap=+0.048  ret=80%  AR=0%  (10 trials)
  L=12288_d=0.2 ... gap=+0.083  ret=70%  AR=0%  (10 trials)
  L=12288_d=0.5 ... gap=+0.035  ret=60%  AR=0%  (10 trials)
  L=12288_d=0.8 ... gap=+0.012  ret=50%  AR=0%  (10 trials)
  L=12288_d=0.9 ... gap=+0.054  ret=80%  AR=0%  (10 trials)
  L=16384_d=0.1 ... gap=-0.035  ret=40%  AR=0%  (10 trials)
  L=16384_d=0.2 ... gap=+0.009  ret=50%  AR=0%  (10 trials)
  L=16384_d=0.5 ... gap=-0.030  ret=40%  AR=0%  (10 trials)
  L=16384_d=0.8 ... gap=-0.075  ret=30%  AR=0%  (10 trials)
  L=16384_d=0.9 ... gap=+0.032  ret=50%  AR=0%  (10 trials)
    PK per-length: {'2048': 44, '4096': 50, '8192': 42, '12288': 68, '16384': 42}

  [+YaRN] Geo + YaRN (scale=8.0)
    L=2048: PPL=5.442  (8 chunks)
    L=4096: PPL=5.240  (8 chunks)
    L=8192: PPL=5.592  (8 chunks)
    L=12288: PPL=5.966  (8 chunks)
    L=16384: PPL=7.684  (8 chunks)
    PPL: {'2048': 5.442, '4096': 5.24, '8192': 5.592, '12288': 5.966, '16384': 7.684}
  L=2048_d=0.1 ... gap=-0.017  ret=20%  AR=0%  (10 trials)
  L=2048_d=0.2 ... gap=-0.007  ret=40%  AR=0%  (10 trials)
  L=2048_d=0.5 ... gap=+0.005  ret=60%  AR=0%  (10 trials)
  L=2048_d=0.8 ... gap=-0.007  ret=40%  AR=0%  (10 trials)
  L=2048_d=0.9 ... gap=+0.003  ret=50%  AR=0%  (10 trials)
  L=4096_d=0.1 ... gap=+0.002  ret=40%  AR=0%  (10 trials)
  L=4096_d=0.2 ... gap=+0.005  ret=50%  AR=0%  (10 trials)
  L=4096_d=0.5 ... gap=-0.003  ret=40%  AR=0%  (10 trials)
  L=4096_d=0.8 ... gap=-0.015  ret=30%  AR=0%  (10 trials)
  L=4096_d=0.9 ... gap=+0.008  ret=60%  AR=0%  (10 trials)
  L=8192_d=0.1 ... gap=-0.014  ret=30%  AR=0%  (10 trials)
  L=8192_d=0.2 ... gap=-0.019  ret=30%  AR=0%  (10 trials)
  L=8192_d=0.5 ... gap=+0.028  ret=80%  AR=0%  (10 trials)
  L=8192_d=0.8 ... gap=-0.020  ret=30%  AR=0%  (10 trials)
  L=8192_d=0.9 ... gap=-0.026  ret=20%  AR=0%  (10 trials)
  L=12288_d=0.1 ... gap=+0.046  ret=70%  AR=0%  (10 trials)
  L=12288_d=0.2 ... gap=+0.052  ret=60%  AR=0%  (10 trials)
  L=12288_d=0.5 ... gap=+0.025  ret=70%  AR=0%  (10 trials)
  L=12288_d=0.8 ... gap=+0.002  ret=50%  AR=0%  (10 trials)
  L=12288_d=0.9 ... gap=+0.045  ret=80%  AR=0%  (10 trials)
  L=16384_d=0.1 ... gap=-0.028  ret=40%  AR=0%  (10 trials)
  L=16384_d=0.2 ... gap=+0.003  ret=60%  AR=0%  (10 trials)
  L=16384_d=0.5 ... gap=-0.021  ret=50%  AR=0%  (10 trials)
  L=16384_d=0.8 ... gap=-0.043  ret=30%  AR=0%  (10 trials)
  L=16384_d=0.9 ... gap=+0.004  ret=50%  AR=0%  (10 trials)
    PK per-length: {'2048': 42, '4096': 44, '8192': 38, '12288': 66, '16384': 46}
  Saved: /root/autodl-tmp/evq_phase14d/125m_tau0.00_seed123/result.json

============================================================
  125m_tau0.00_seed7  (Geo, 125M, seed=7, tinystories, 10% mix)
============================================================
  Model params: 151.9M
  Training: micro_bs=4, grad_accum=4, effective_bs=16, steps=3051, warmup=61, lr=0.0003
    step 0/3051  loss=10.9287  lr=0.00e+00  elapsed=0.0min  ETA=0.0min
    step 100/3051  loss=3.4348  lr=3.00e-04  elapsed=0.5min  ETA=15.8min
    step 200/3051  loss=2.7636  lr=2.99e-04  elapsed=1.1min  ETA=15.3min
    step 300/3051  loss=2.3985  lr=2.96e-04  elapsed=1.6min  ETA=14.7min
    step 400/3051  loss=2.2801  lr=2.92e-04  elapsed=2.1min  ETA=14.2min
    step 500/3051  loss=1.8616  lr=2.86e-04  elapsed=2.7min  ETA=13.7min
    step 600/3051  loss=1.8496  lr=2.79e-04  elapsed=3.2min  ETA=13.1min
    step 700/3051  loss=1.8262  lr=2.71e-04  elapsed=3.8min  ETA=12.6min
    step 800/3051  loss=1.5885  lr=2.61e-04  elapsed=4.3min  ETA=12.1min
    step 900/3051  loss=1.7308  lr=2.51e-04  elapsed=4.8min  ETA=11.5min
    step 1000/3051  loss=1.8223  lr=2.39e-04  elapsed=5.4min  ETA=11.0min
    step 1100/3051  loss=1.5644  lr=2.27e-04  elapsed=5.9min  ETA=10.5min
    step 1200/3051  loss=1.7400  lr=2.14e-04  elapsed=6.4min  ETA=9.9min
    step 1300/3051  loss=1.7190  lr=2.01e-04  elapsed=7.0min  ETA=9.4min
    step 1400/3051  loss=1.8481  lr=1.87e-04  elapsed=7.5min  ETA=8.8min
    step 1500/3051  loss=1.4839  lr=1.73e-04  elapsed=8.0min  ETA=8.3min
    step 1600/3051  loss=1.4435  lr=1.59e-04  elapsed=8.6min  ETA=7.8min
    step 1700/3051  loss=1.5193  lr=1.45e-04  elapsed=9.1min  ETA=7.2min
    step 1800/3051  loss=1.6446  lr=1.31e-04  elapsed=9.7min  ETA=6.7min
    step 1900/3051  loss=1.5424  lr=1.17e-04  elapsed=10.2min  ETA=6.2min
    step 2000/3051  loss=1.5141  lr=1.04e-04  elapsed=10.7min  ETA=5.6min
    step 2100/3051  loss=1.3931  lr=9.20e-05  elapsed=11.3min  ETA=5.1min
    step 2200/3051  loss=1.3695  lr=8.05e-05  elapsed=11.8min  ETA=4.6min
    step 2300/3051  loss=1.3684  lr=6.99e-05  elapsed=12.3min  ETA=4.0min
    step 2400/3051  loss=1.3918  lr=6.04e-05  elapsed=12.9min  ETA=3.5min
    step 2500/3051  loss=0.9344  lr=5.20e-05  elapsed=13.4min  ETA=2.9min
    step 2600/3051  loss=1.3553  lr=4.49e-05  elapsed=13.9min  ETA=2.4min
    step 2700/3051  loss=1.3103  lr=3.91e-05  elapsed=14.5min  ETA=1.9min
    step 2800/3051  loss=1.3866  lr=3.47e-05  elapsed=15.0min  ETA=1.3min
    step 2900/3051  loss=1.0330  lr=3.17e-05  elapsed=15.6min  ETA=0.8min
    step 3000/3051  loss=1.6599  lr=3.02e-05  elapsed=16.1min  ETA=0.3min
    step 3050/3051  loss=1.2423  lr=3.00e-05  elapsed=16.4min  ETA=0.0min
  Training done in 16.4 min

  [baseline] Geo raw
    L=2048: PPL=5.363  (8 chunks)
    L=4096: PPL=5.708  (8 chunks)
    L=8192: PPL=8.792  (8 chunks)
    L=12288: PPL=11.369  (8 chunks)
    L=16384: PPL=16.924  (8 chunks)
    PPL: {'2048': 5.363, '4096': 5.708, '8192': 8.792, '12288': 11.369, '16384': 16.924}
  L=2048_d=0.1 ... gap=-0.007  ret=30%  AR=0%  (10 trials)
  L=2048_d=0.2 ... gap=+0.029  ret=80%  AR=0%  (10 trials)
  L=2048_d=0.5 ... gap=+0.017  ret=80%  AR=0%  (10 trials)
  L=2048_d=0.8 ... gap=-0.004  ret=40%  AR=0%  (10 trials)
  L=2048_d=0.9 ... gap=+0.004  ret=40%  AR=0%  (10 trials)
  L=4096_d=0.1 ... gap=-0.039  ret=30%  AR=0%  (10 trials)
  L=4096_d=0.2 ... gap=-0.077  ret=20%  AR=0%  (10 trials)
  L=4096_d=0.5 ... gap=+0.032  ret=70%  AR=0%  (10 trials)
  L=4096_d=0.8 ... gap=-0.002  ret=60%  AR=0%  (10 trials)
  L=4096_d=0.9 ... gap=-0.003  ret=50%  AR=0%  (10 trials)
  L=8192_d=0.1 ... gap=-0.005  ret=60%  AR=0%  (10 trials)
  L=8192_d=0.2 ... gap=+0.060  ret=60%  AR=0%  (10 trials)
  L=8192_d=0.5 ... gap=-0.030  ret=40%  AR=0%  (10 trials)
  L=8192_d=0.8 ... gap=+0.001  ret=50%  AR=0%  (10 trials)
  L=8192_d=0.9 ... gap=+0.027  ret=50%  AR=0%  (10 trials)
  L=12288_d=0.1 ... gap=+0.018  ret=60%  AR=0%  (10 trials)
  L=12288_d=0.2 ... gap=+0.008  ret=40%  AR=0%  (10 trials)
  L=12288_d=0.5 ... gap=-0.070  ret=40%  AR=0%  (10 trials)
  L=12288_d=0.8 ... gap=-0.031  ret=50%  AR=0%  (10 trials)
  L=12288_d=0.9 ... gap=+0.015  ret=50%  AR=0%  (10 trials)
  L=16384_d=0.1 ... gap=+0.000  ret=60%  AR=0%  (10 trials)
  L=16384_d=0.2 ... gap=+0.085  ret=60%  AR=0%  (10 trials)
  L=16384_d=0.5 ... gap=+0.027  ret=70%  AR=0%  (10 trials)
  L=16384_d=0.8 ... gap=+0.060  ret=60%  AR=0%  (10 trials)
  L=16384_d=0.9 ... gap=+0.051  ret=80%  AR=0%  (10 trials)
    PK per-length: {'2048': 54, '4096': 46, '8192': 52, '12288': 48, '16384': 66}

  [+YaRN] Geo + YaRN (scale=8.0)
    L=2048: PPL=5.397  (8 chunks)
    L=4096: PPL=5.146  (8 chunks)
    L=8192: PPL=5.390  (8 chunks)
    L=12288: PPL=5.734  (8 chunks)
    L=16384: PPL=7.787  (8 chunks)
    PPL: {'2048': 5.397, '4096': 5.146, '8192': 5.39, '12288': 5.734, '16384': 7.787}
  L=2048_d=0.1 ... gap=-0.007  ret=30%  AR=0%  (10 trials)
  L=2048_d=0.2 ... gap=+0.024  ret=70%  AR=0%  (10 trials)
  L=2048_d=0.5 ... gap=+0.018  ret=90%  AR=0%  (10 trials)
  L=2048_d=0.8 ... gap=-0.008  ret=40%  AR=0%  (10 trials)
  L=2048_d=0.9 ... gap=+0.004  ret=40%  AR=0%  (10 trials)
  L=4096_d=0.1 ... gap=-0.008  ret=30%  AR=0%  (10 trials)
  L=4096_d=0.2 ... gap=-0.011  ret=50%  AR=0%  (10 trials)
  L=4096_d=0.5 ... gap=+0.011  ret=80%  AR=0%  (10 trials)
  L=4096_d=0.8 ... gap=+0.012  ret=70%  AR=0%  (10 trials)
  L=4096_d=0.9 ... gap=-0.012  ret=40%  AR=0%  (10 trials)
  L=8192_d=0.1 ... gap=+0.045  ret=60%  AR=0%  (10 trials)
  L=8192_d=0.2 ... gap=+0.088  ret=50%  AR=0%  (10 trials)
  L=8192_d=0.5 ... gap=-0.033  ret=50%  AR=0%  (10 trials)
  L=8192_d=0.8 ... gap=+0.023  ret=40%  AR=0%  (10 trials)
  L=8192_d=0.9 ... gap=-0.023  ret=60%  AR=0%  (10 trials)
  L=12288_d=0.1 ... gap=-0.022  ret=40%  AR=0%  (10 trials)
  L=12288_d=0.2 ... gap=-0.022  ret=40%  AR=0%  (10 trials)
  L=12288_d=0.5 ... gap=-0.046  ret=30%  AR=0%  (10 trials)
  L=12288_d=0.8 ... gap=-0.015  ret=50%  AR=0%  (10 trials)
  L=12288_d=0.9 ... gap=+0.019  ret=50%  AR=0%  (10 trials)
  L=16384_d=0.1 ... gap=+0.029  ret=70%  AR=0%  (10 trials)
  L=16384_d=0.2 ... gap=+0.052  ret=60%  AR=0%  (10 trials)
  L=16384_d=0.5 ... gap=+0.019  ret=60%  AR=0%  (10 trials)
  L=16384_d=0.8 ... gap=+0.026  ret=50%  AR=0%  (10 trials)
  L=16384_d=0.9 ... gap=-0.023  ret=50%  AR=0%  (10 trials)
    PK per-length: {'2048': 54, '4096': 54, '8192': 52, '12288': 42, '16384': 58}
  Saved: /root/autodl-tmp/evq_phase14d/125m_tau0.00_seed7/result.json

============================================================
  125m_tau1.50_seed42  (EVQ, 125M, seed=42, tinystories, 10% mix)
============================================================
  Model params: 151.9M
  Training: micro_bs=4, grad_accum=4, effective_bs=16, steps=3051, warmup=61, lr=0.0003
    step 0/3051  loss=10.9367  lr=0.00e+00  elapsed=0.0min  ETA=0.0min
    step 100/3051  loss=3.5085  lr=3.00e-04  elapsed=0.5min  ETA=15.8min
    step 200/3051  loss=2.9182  lr=2.99e-04  elapsed=1.1min  ETA=15.3min
    step 300/3051  loss=2.4671  lr=2.96e-04  elapsed=1.6min  ETA=14.7min
    step 400/3051  loss=2.0593  lr=2.92e-04  elapsed=2.1min  ETA=14.2min
    step 500/3051  loss=1.9379  lr=2.86e-04  elapsed=2.7min  ETA=13.7min
    step 600/3051  loss=2.0139  lr=2.79e-04  elapsed=3.2min  ETA=13.1min
    step 700/3051  loss=1.9797  lr=2.71e-04  elapsed=3.8min  ETA=12.6min
    step 800/3051  loss=1.7006  lr=2.61e-04  elapsed=4.3min  ETA=12.1min
    step 900/3051  loss=1.8828  lr=2.51e-04  elapsed=4.8min  ETA=11.5min
    step 1000/3051  loss=1.7395  lr=2.39e-04  elapsed=5.4min  ETA=11.0min
    step 1100/3051  loss=1.5886  lr=2.27e-04  elapsed=5.9min  ETA=10.5min
    step 1200/3051  loss=1.3775  lr=2.14e-04  elapsed=6.4min  ETA=9.9min
    step 1300/3051  loss=1.5330  lr=2.01e-04  elapsed=7.0min  ETA=9.4min
    step 1400/3051  loss=1.5763  lr=1.87e-04  elapsed=7.5min  ETA=8.9min
    step 1500/3051  loss=1.2171  lr=1.73e-04  elapsed=8.1min  ETA=8.3min
    step 1600/3051  loss=1.0595  lr=1.59e-04  elapsed=8.6min  ETA=7.8min
    step 1700/3051  loss=1.5339  lr=1.45e-04  elapsed=9.1min  ETA=7.2min
    step 1800/3051  loss=1.5480  lr=1.31e-04  elapsed=9.7min  ETA=6.7min
    step 1900/3051  loss=1.4524  lr=1.17e-04  elapsed=10.2min  ETA=6.2min
    step 2000/3051  loss=1.6833  lr=1.04e-04  elapsed=10.7min  ETA=5.6min
    step 2100/3051  loss=1.5279  lr=9.20e-05  elapsed=11.3min  ETA=5.1min
    step 2200/3051  loss=1.5542  lr=8.05e-05  elapsed=11.8min  ETA=4.6min
    step 2300/3051  loss=1.2891  lr=6.99e-05  elapsed=12.3min  ETA=4.0min
    step 2400/3051  loss=1.2470  lr=6.04e-05  elapsed=12.9min  ETA=3.5min
    step 2500/3051  loss=1.5044  lr=5.20e-05  elapsed=13.4min  ETA=2.9min
    step 2600/3051  loss=1.4336  lr=4.49e-05  elapsed=13.9min  ETA=2.4min
    step 2700/3051  loss=1.3201  lr=3.91e-05  elapsed=14.5min  ETA=1.9min
    step 2800/3051  loss=1.5303  lr=3.47e-05  elapsed=15.0min  ETA=1.3min
    step 2900/3051  loss=1.2860  lr=3.17e-05  elapsed=15.6min  ETA=0.8min
    step 3000/3051  loss=1.4549  lr=3.02e-05  elapsed=16.1min  ETA=0.3min
    step 3050/3051  loss=1.4547  lr=3.00e-05  elapsed=16.4min  ETA=0.0min
  Training done in 16.4 min

  [baseline] EVQ raw
    L=2048: PPL=5.454  (8 chunks)
    L=4096: PPL=5.937  (8 chunks)
    L=8192: PPL=8.906  (8 chunks)
    L=12288: PPL=10.569  (8 chunks)
    L=16384: PPL=13.166  (8 chunks)
    PPL: {'2048': 5.454, '4096': 5.937, '8192': 8.906, '12288': 10.569, '16384': 13.166}
  L=2048_d=0.1 ... gap=-0.001  ret=30%  AR=0%  (10 trials)
  L=2048_d=0.2 ... gap=+0.015  ret=50%  AR=0%  (10 trials)
  L=2048_d=0.5 ... gap=-0.004  ret=40%  AR=0%  (10 trials)
  L=2048_d=0.8 ... gap=+0.030  ret=70%  AR=0%  (10 trials)
  L=2048_d=0.9 ... gap=-0.009  ret=50%  AR=0%  (10 trials)
  L=4096_d=0.1 ... gap=-0.005  ret=40%  AR=0%  (10 trials)
  L=4096_d=0.2 ... gap=+0.010  ret=50%  AR=0%  (10 trials)
  L=4096_d=0.5 ... gap=+0.064  ret=90%  AR=0%  (10 trials)
  L=4096_d=0.8 ... gap=-0.043  ret=20%  AR=0%  (10 trials)
  L=4096_d=0.9 ... gap=+0.011  ret=60%  AR=0%  (10 trials)
  L=8192_d=0.1 ... gap=-0.102  ret=10%  AR=0%  (10 trials)
  L=8192_d=0.2 ... gap=+0.039  ret=50%  AR=0%  (10 trials)
  L=8192_d=0.5 ... gap=+0.057  ret=50%  AR=0%  (10 trials)
  L=8192_d=0.8 ... gap=-0.079  ret=30%  AR=0%  (10 trials)
  L=8192_d=0.9 ... gap=+0.115  ret=80%  AR=0%  (10 trials)
  L=12288_d=0.1 ... gap=-0.068  ret=50%  AR=0%  (10 trials)
  L=12288_d=0.2 ... gap=-0.035  ret=30%  AR=0%  (10 trials)
  L=12288_d=0.5 ... gap=-0.098  ret=30%  AR=0%  (10 trials)
  L=12288_d=0.8 ... gap=-0.027  ret=30%  AR=0%  (10 trials)
  L=12288_d=0.9 ... gap=+0.073  ret=80%  AR=0%  (10 trials)
  L=16384_d=0.1 ... gap=-0.068  ret=30%  AR=0%  (10 trials)
  L=16384_d=0.2 ... gap=-0.054  ret=40%  AR=0%  (10 trials)
  L=16384_d=0.5 ... gap=+0.018  ret=70%  AR=0%  (10 trials)
  L=16384_d=0.8 ... gap=+0.008  ret=40%  AR=0%  (10 trials)
  L=16384_d=0.9 ... gap=-0.034  ret=50%  AR=0%  (10 trials)
    PK per-length: {'2048': 48, '4096': 52, '8192': 44, '12288': 44, '16384': 46}

  [+YaRN] EVQ + YaRN (scale=8.0)
    L=2048: PPL=5.726  (8 chunks)
    L=4096: PPL=5.502  (8 chunks)
    L=8192: PPL=5.395  (8 chunks)
    L=12288: PPL=4.831  (8 chunks)
    L=16384: PPL=5.734  (8 chunks)
    PPL: {'2048': 5.726, '4096': 5.502, '8192': 5.395, '12288': 4.831, '16384': 5.734}
  L=2048_d=0.1 ... gap=-0.004  ret=30%  AR=0%  (10 trials)
  L=2048_d=0.2 ... gap=+0.012  ret=50%  AR=0%  (10 trials)
  L=2048_d=0.5 ... gap=-0.004  ret=50%  AR=0%  (10 trials)
  L=2048_d=0.8 ... gap=+0.026  ret=60%  AR=0%  (10 trials)
  L=2048_d=0.9 ... gap=-0.010  ret=50%  AR=0%  (10 trials)
  L=4096_d=0.1 ... gap=-0.000  ret=70%  AR=0%  (10 trials)
  L=4096_d=0.2 ... gap=+0.001  ret=40%  AR=0%  (10 trials)
  L=4096_d=0.5 ... gap=+0.045  ret=90%  AR=0%  (10 trials)
  L=4096_d=0.8 ... gap=-0.005  ret=40%  AR=0%  (10 trials)
  L=4096_d=0.9 ... gap=-0.013  ret=40%  AR=0%  (10 trials)
  L=8192_d=0.1 ... gap=-0.019  ret=40%  AR=0%  (10 trials)
  L=8192_d=0.2 ... gap=+0.011  ret=40%  AR=0%  (10 trials)
  L=8192_d=0.5 ... gap=+0.012  ret=50%  AR=0%  (10 trials)
  L=8192_d=0.8 ... gap=-0.020  ret=50%  AR=0%  (10 trials)
  L=8192_d=0.9 ... gap=+0.019  ret=60%  AR=0%  (10 trials)
  L=12288_d=0.1 ... gap=-0.040  ret=40%  AR=0%  (10 trials)
  L=12288_d=0.2 ... gap=-0.023  ret=60%  AR=0%  (10 trials)
  L=12288_d=0.5 ... gap=-0.063  ret=30%  AR=0%  (10 trials)
  L=12288_d=0.8 ... gap=-0.036  ret=40%  AR=0%  (10 trials)
  L=12288_d=0.9 ... gap=+0.074  ret=80%  AR=0%  (10 trials)
  L=16384_d=0.1 ... gap=+0.034  ret=60%  AR=0%  (10 trials)
  L=16384_d=0.2 ... gap=+0.012  ret=50%  AR=0%  (10 trials)
  L=16384_d=0.5 ... gap=-0.008  ret=40%  AR=0%  (10 trials)
  L=16384_d=0.8 ... gap=-0.019  ret=60%  AR=0%  (10 trials)
  L=16384_d=0.9 ... gap=-0.036  ret=40%  AR=0%  (10 trials)
    PK per-length: {'2048': 48, '4096': 56, '8192': 48, '12288': 50, '16384': 50}
  Saved: /root/autodl-tmp/evq_phase14d/125m_tau1.50_seed42/result.json

============================================================
  125m_tau1.50_seed123  (EVQ, 125M, seed=123, tinystories, 10% mix)
============================================================
  Model params: 151.9M
  Training: micro_bs=4, grad_accum=4, effective_bs=16, steps=3051, warmup=61, lr=0.0003
    step 0/3051  loss=10.9600  lr=0.00e+00  elapsed=0.0min  ETA=0.0min
    step 100/3051  loss=3.5090  lr=3.00e-04  elapsed=0.5min  ETA=15.8min
    step 200/3051  loss=2.8387  lr=2.99e-04  elapsed=1.1min  ETA=15.3min
    step 300/3051  loss=2.2968  lr=2.96e-04  elapsed=1.6min  ETA=14.8min
    step 400/3051  loss=2.2232  lr=2.92e-04  elapsed=2.2min  ETA=14.2min
    step 500/3051  loss=2.0150  lr=2.86e-04  elapsed=2.7min  ETA=13.7min
    step 600/3051  loss=2.0068  lr=2.79e-04  elapsed=3.2min  ETA=13.1min
    step 700/3051  loss=1.9384  lr=2.71e-04  elapsed=3.8min  ETA=12.6min
    step 800/3051  loss=1.7060  lr=2.61e-04  elapsed=4.3min  ETA=12.1min
    step 900/3051  loss=1.8809  lr=2.51e-04  elapsed=4.8min  ETA=11.5min
    step 1000/3051  loss=1.6072  lr=2.39e-04  elapsed=5.4min  ETA=11.0min
    step 1100/3051  loss=1.4226  lr=2.27e-04  elapsed=5.9min  ETA=10.5min
    step 1200/3051  loss=1.5594  lr=2.14e-04  elapsed=6.4min  ETA=9.9min
    step 1300/3051  loss=1.6134  lr=2.01e-04  elapsed=7.0min  ETA=9.4min
    step 1400/3051  loss=1.5292  lr=1.87e-04  elapsed=7.5min  ETA=8.9min
    step 1500/3051  loss=1.6948  lr=1.73e-04  elapsed=8.1min  ETA=8.3min
    step 1600/3051  loss=1.5238  lr=1.59e-04  elapsed=8.6min  ETA=7.8min
    step 1700/3051  loss=1.4431  lr=1.45e-04  elapsed=9.1min  ETA=7.2min
    step 1800/3051  loss=1.5415  lr=1.31e-04  elapsed=9.7min  ETA=6.7min
    step 1900/3051  loss=1.4994  lr=1.17e-04  elapsed=10.2min  ETA=6.2min
    step 2000/3051  loss=1.3761  lr=1.04e-04  elapsed=10.7min  ETA=5.6min
    step 2100/3051  loss=1.3395  lr=9.20e-05  elapsed=11.3min  ETA=5.1min
    step 2200/3051  loss=1.5275  lr=8.05e-05  elapsed=11.8min  ETA=4.6min
    step 2300/3051  loss=1.4588  lr=6.99e-05  elapsed=12.3min  ETA=4.0min
    step 2400/3051  loss=1.3393  lr=6.04e-05  elapsed=12.9min  ETA=3.5min
    step 2500/3051  loss=1.6086  lr=5.20e-05  elapsed=13.4min  ETA=2.9min
    step 2600/3051  loss=1.2760  lr=4.49e-05  elapsed=13.9min  ETA=2.4min
    step 2700/3051  loss=1.4872  lr=3.91e-05  elapsed=14.5min  ETA=1.9min
    step 2800/3051  loss=1.5091  lr=3.47e-05  elapsed=15.0min  ETA=1.3min
    step 2900/3051  loss=1.3563  lr=3.17e-05  elapsed=15.5min  ETA=0.8min
    step 3000/3051  loss=1.5744  lr=3.02e-05  elapsed=16.1min  ETA=0.3min
    step 3050/3051  loss=1.3274  lr=3.00e-05  elapsed=16.4min  ETA=0.0min
  Training done in 16.4 min

  [baseline] EVQ raw
    L=2048: PPL=5.418  (8 chunks)
    L=4096: PPL=5.861  (8 chunks)
    L=8192: PPL=8.292  (8 chunks)
    L=12288: PPL=9.966  (8 chunks)
    L=16384: PPL=12.533  (8 chunks)
    PPL: {'2048': 5.418, '4096': 5.861, '8192': 8.292, '12288': 9.966, '16384': 12.533}
  L=2048_d=0.1 ... gap=-0.030  ret=10%  AR=0%  (10 trials)
  L=2048_d=0.2 ... gap=-0.005  ret=40%  AR=0%  (10 trials)
  L=2048_d=0.5 ... gap=-0.004  ret=40%  AR=0%  (10 trials)
  L=2048_d=0.8 ... gap=-0.011  ret=40%  AR=0%  (10 trials)
  L=2048_d=0.9 ... gap=+0.008  ret=60%  AR=0%  (10 trials)
  L=4096_d=0.1 ... gap=+0.005  ret=50%  AR=0%  (10 trials)
  L=4096_d=0.2 ... gap=+0.005  ret=60%  AR=0%  (10 trials)
  L=4096_d=0.5 ... gap=+0.000  ret=60%  AR=0%  (10 trials)
  L=4096_d=0.8 ... gap=+0.000  ret=50%  AR=0%  (10 trials)
  L=4096_d=0.9 ... gap=-0.007  ret=40%  AR=0%  (10 trials)
  L=8192_d=0.1 ... gap=+0.016  ret=40%  AR=0%  (10 trials)
  L=8192_d=0.2 ... gap=-0.025  ret=30%  AR=0%  (10 trials)
  L=8192_d=0.5 ... gap=-0.018  ret=50%  AR=0%  (10 trials)
  L=8192_d=0.8 ... gap=+0.021  ret=50%  AR=0%  (10 trials)
  L=8192_d=0.9 ... gap=+0.027  ret=70%  AR=0%  (10 trials)
  L=12288_d=0.1 ... gap=+0.004  ret=50%  AR=0%  (10 trials)
  L=12288_d=0.2 ... gap=+0.030  ret=70%  AR=0%  (10 trials)
  L=12288_d=0.5 ... gap=+0.053  ret=70%  AR=0%  (10 trials)
  L=12288_d=0.8 ... gap=+0.013  ret=60%  AR=0%  (10 trials)
  L=12288_d=0.9 ... gap=-0.020  ret=40%  AR=0%  (10 trials)
  L=16384_d=0.1 ... gap=-0.040  ret=30%  AR=0%  (10 trials)
  L=16384_d=0.2 ... gap=+0.020  ret=70%  AR=0%  (10 trials)
  L=16384_d=0.5 ... gap=-0.045  ret=40%  AR=0%  (10 trials)
  L=16384_d=0.8 ... gap=-0.034  ret=50%  AR=0%  (10 trials)
  L=16384_d=0.9 ... gap=-0.135  ret=10%  AR=0%  (10 trials)
    PK per-length: {'2048': 38, '4096': 52, '8192': 48, '12288': 58, '16384': 40}

  [+YaRN] EVQ + YaRN (scale=8.0)
    L=2048: PPL=5.731  (8 chunks)
    L=4096: PPL=5.527  (8 chunks)
    L=8192: PPL=5.395  (8 chunks)
    L=12288: PPL=4.852  (8 chunks)
    L=16384: PPL=5.765  (8 chunks)
    PPL: {'2048': 5.731, '4096': 5.527, '8192': 5.395, '12288': 4.852, '16384': 5.765}
  L=2048_d=0.1 ... gap=-0.023  ret=10%  AR=0%  (10 trials)
  L=2048_d=0.2 ... gap=-0.008  ret=30%  AR=0%  (10 trials)
  L=2048_d=0.5 ... gap=-0.005  ret=40%  AR=0%  (10 trials)
  L=2048_d=0.8 ... gap=-0.010  ret=20%  AR=0%  (10 trials)
  L=2048_d=0.9 ... gap=+0.003  ret=40%  AR=0%  (10 trials)
  L=4096_d=0.1 ... gap=+0.004  ret=40%  AR=0%  (10 trials)
  L=4096_d=0.2 ... gap=+0.005  ret=60%  AR=0%  (10 trials)
  L=4096_d=0.5 ... gap=-0.003  ret=30%  AR=0%  (10 trials)
  L=4096_d=0.8 ... gap=+0.000  ret=40%  AR=0%  (10 trials)
  L=4096_d=0.9 ... gap=-0.002  ret=60%  AR=0%  (10 trials)
  L=8192_d=0.1 ... gap=-0.010  ret=30%  AR=0%  (10 trials)
  L=8192_d=0.2 ... gap=+0.004  ret=60%  AR=0%  (10 trials)
  L=8192_d=0.5 ... gap=+0.010  ret=60%  AR=0%  (10 trials)
  L=8192_d=0.8 ... gap=-0.007  ret=30%  AR=0%  (10 trials)
  L=8192_d=0.9 ... gap=+0.002  ret=50%  AR=0%  (10 trials)
  L=12288_d=0.1 ... gap=+0.003  ret=40%  AR=0%  (10 trials)
  L=12288_d=0.2 ... gap=+0.016  ret=80%  AR=0%  (10 trials)
  L=12288_d=0.5 ... gap=-0.009  ret=30%  AR=0%  (10 trials)
  L=12288_d=0.8 ... gap=+0.004  ret=50%  AR=0%  (10 trials)
  L=12288_d=0.9 ... gap=+0.003  ret=50%  AR=0%  (10 trials)
  L=16384_d=0.1 ... gap=-0.017  ret=30%  AR=0%  (10 trials)
  L=16384_d=0.2 ... gap=-0.006  ret=50%  AR=0%  (10 trials)
  L=16384_d=0.5 ... gap=-0.006  ret=60%  AR=0%  (10 trials)
  L=16384_d=0.8 ... gap=-0.010  ret=30%  AR=0%  (10 trials)
  L=16384_d=0.9 ... gap=-0.007  ret=30%  AR=0%  (10 trials)
    PK per-length: {'2048': 28, '4096': 46, '8192': 46, '12288': 50, '16384': 40}
  Saved: /root/autodl-tmp/evq_phase14d/125m_tau1.50_seed123/result.json

============================================================
  125m_tau1.50_seed7  (EVQ, 125M, seed=7, tinystories, 10% mix)
============================================================
  Model params: 151.9M
  Training: micro_bs=4, grad_accum=4, effective_bs=16, steps=3051, warmup=61, lr=0.0003
    step 0/3051  loss=10.9277  lr=0.00e+00  elapsed=0.0min  ETA=0.0min
    step 100/3051  loss=3.3996  lr=3.00e-04  elapsed=0.5min  ETA=15.8min
    step 200/3051  loss=2.7487  lr=2.99e-04  elapsed=1.1min  ETA=15.3min
    step 300/3051  loss=2.3914  lr=2.96e-04  elapsed=1.6min  ETA=14.8min
    step 400/3051  loss=2.2869  lr=2.92e-04  elapsed=2.2min  ETA=14.2min
    step 500/3051  loss=1.8732  lr=2.86e-04  elapsed=2.7min  ETA=13.7min
    step 600/3051  loss=1.8604  lr=2.79e-04  elapsed=3.2min  ETA=13.1min
    step 700/3051  loss=1.8292  lr=2.71e-04  elapsed=3.8min  ETA=12.6min
    step 800/3051  loss=1.5978  lr=2.61e-04  elapsed=4.3min  ETA=12.1min
    step 900/3051  loss=1.7313  lr=2.51e-04  elapsed=4.8min  ETA=11.5min
    step 1000/3051  loss=1.8275  lr=2.39e-04  elapsed=5.4min  ETA=11.0min
    step 1100/3051  loss=1.5748  lr=2.27e-04  elapsed=5.9min  ETA=10.5min
    step 1200/3051  loss=1.7441  lr=2.14e-04  elapsed=6.4min  ETA=9.9min
    step 1300/3051  loss=1.7259  lr=2.01e-04  elapsed=7.0min  ETA=9.4min
    step 1400/3051  loss=1.8497  lr=1.87e-04  elapsed=7.5min  ETA=8.9min
    step 1500/3051  loss=1.4855  lr=1.73e-04  elapsed=8.1min  ETA=8.3min
    step 1600/3051  loss=1.4487  lr=1.59e-04  elapsed=8.6min  ETA=7.8min
    step 1700/3051  loss=1.5208  lr=1.45e-04  elapsed=9.1min  ETA=7.2min
    step 1800/3051  loss=1.6470  lr=1.31e-04  elapsed=9.7min  ETA=6.7min
    step 1900/3051  loss=1.5403  lr=1.17e-04  elapsed=10.2min  ETA=6.2min
    step 2000/3051  loss=1.5153  lr=1.04e-04  elapsed=10.7min  ETA=5.6min
    step 2100/3051  loss=1.3865  lr=9.20e-05  elapsed=11.3min  ETA=5.1min
    step 2200/3051  loss=1.3726  lr=8.05e-05  elapsed=11.8min  ETA=4.6min
    step 2300/3051  loss=1.3649  lr=6.99e-05  elapsed=12.3min  ETA=4.0min
    step 2400/3051  loss=1.3918  lr=6.04e-05  elapsed=12.9min  ETA=3.5min
    step 2500/3051  loss=0.9340  lr=5.20e-05  elapsed=13.4min  ETA=3.0min
    step 2600/3051  loss=1.3576  lr=4.49e-05  elapsed=14.0min  ETA=2.4min
    step 2700/3051  loss=1.3133  lr=3.91e-05  elapsed=14.5min  ETA=1.9min
    step 2800/3051  loss=1.3907  lr=3.47e-05  elapsed=15.0min  ETA=1.3min
    step 2900/3051  loss=1.0336  lr=3.17e-05  elapsed=15.6min  ETA=0.8min
    step 3000/3051  loss=1.6631  lr=3.02e-05  elapsed=16.1min  ETA=0.3min
    step 3050/3051  loss=1.2417  lr=3.00e-05  elapsed=16.4min  ETA=0.0min
  Training done in 16.4 min

  [baseline] EVQ raw
    L=2048: PPL=5.365  (8 chunks)
    L=4096: PPL=5.780  (8 chunks)
    L=8192: PPL=8.445  (8 chunks)
    L=12288: PPL=10.119  (8 chunks)
    L=16384: PPL=13.187  (8 chunks)
    PPL: {'2048': 5.365, '4096': 5.78, '8192': 8.445, '12288': 10.119, '16384': 13.187}
  L=2048_d=0.1 ... gap=-0.008  ret=50%  AR=0%  (10 trials)
  L=2048_d=0.2 ... gap=+0.018  ret=60%  AR=0%  (10 trials)
  L=2048_d=0.5 ... gap=+0.021  ret=70%  AR=0%  (10 trials)
  L=2048_d=0.8 ... gap=-0.006  ret=30%  AR=0%  (10 trials)
  L=2048_d=0.9 ... gap=+0.004  ret=40%  AR=0%  (10 trials)
  L=4096_d=0.1 ... gap=-0.008  ret=30%  AR=0%  (10 trials)
  L=4096_d=0.2 ... gap=-0.026  ret=20%  AR=0%  (10 trials)
  L=4096_d=0.5 ... gap=+0.007  ret=60%  AR=0%  (10 trials)
  L=4096_d=0.8 ... gap=+0.017  ret=70%  AR=0%  (10 trials)
  L=4096_d=0.9 ... gap=-0.010  ret=20%  AR=0%  (10 trials)
  L=8192_d=0.1 ... gap=+0.050  ret=60%  AR=0%  (10 trials)
  L=8192_d=0.2 ... gap=+0.012  ret=50%  AR=0%  (10 trials)
  L=8192_d=0.5 ... gap=-0.002  ret=50%  AR=0%  (10 trials)
  L=8192_d=0.8 ... gap=-0.019  ret=30%  AR=0%  (10 trials)
  L=8192_d=0.9 ... gap=-0.041  ret=20%  AR=0%  (10 trials)
  L=12288_d=0.1 ... gap=+0.028  ret=60%  AR=0%  (10 trials)
  L=12288_d=0.2 ... gap=+0.046  ret=70%  AR=0%  (10 trials)
  L=12288_d=0.5 ... gap=-0.042  ret=40%  AR=0%  (10 trials)
  L=12288_d=0.8 ... gap=-0.011  ret=50%  AR=0%  (10 trials)
  L=12288_d=0.9 ... gap=+0.018  ret=60%  AR=0%  (10 trials)
  L=16384_d=0.1 ... gap=-0.002  ret=40%  AR=0%  (10 trials)
  L=16384_d=0.2 ... gap=+0.018  ret=60%  AR=0%  (10 trials)
  L=16384_d=0.5 ... gap=+0.071  ret=80%  AR=0%  (10 trials)
  L=16384_d=0.8 ... gap=+0.043  ret=70%  AR=0%  (10 trials)
  L=16384_d=0.9 ... gap=+0.099  ret=100%  AR=0%  (10 trials)
    PK per-length: {'2048': 50, '4096': 40, '8192': 42, '12288': 56, '16384': 70}

  [+YaRN] EVQ + YaRN (scale=8.0)
    L=2048: PPL=5.609  (8 chunks)
    L=4096: PPL=5.396  (8 chunks)
    L=8192: PPL=5.298  (8 chunks)
    L=12288: PPL=4.787  (8 chunks)
    L=16384: PPL=5.729  (8 chunks)
    PPL: {'2048': 5.609, '4096': 5.396, '8192': 5.298, '12288': 4.787, '16384': 5.729}
  L=2048_d=0.1 ... gap=-0.003  ret=50%  AR=0%  (10 trials)
  L=2048_d=0.2 ... gap=+0.016  ret=60%  AR=0%  (10 trials)
  L=2048_d=0.5 ... gap=+0.024  ret=80%  AR=0%  (10 trials)
  L=2048_d=0.8 ... gap=-0.009  ret=40%  AR=0%  (10 trials)
  L=2048_d=0.9 ... gap=+0.001  ret=40%  AR=0%  (10 trials)
  L=4096_d=0.1 ... gap=-0.008  ret=30%  AR=0%  (10 trials)
  L=4096_d=0.2 ... gap=-0.025  ret=30%  AR=0%  (10 trials)
  L=4096_d=0.5 ... gap=+0.008  ret=60%  AR=0%  (10 trials)
  L=4096_d=0.8 ... gap=+0.017  ret=60%  AR=0%  (10 trials)
  L=4096_d=0.9 ... gap=-0.012  ret=20%  AR=0%  (10 trials)
  L=8192_d=0.1 ... gap=+0.022  ret=60%  AR=0%  (10 trials)
  L=8192_d=0.2 ... gap=+0.002  ret=50%  AR=0%  (10 trials)
  L=8192_d=0.5 ... gap=-0.005  ret=50%  AR=0%  (10 trials)
  L=8192_d=0.8 ... gap=-0.009  ret=40%  AR=0%  (10 trials)
  L=8192_d=0.9 ... gap=-0.030  ret=20%  AR=0%  (10 trials)
  L=12288_d=0.1 ... gap=+0.019  ret=50%  AR=0%  (10 trials)
  L=12288_d=0.2 ... gap=+0.028  ret=80%  AR=0%  (10 trials)
  L=12288_d=0.5 ... gap=-0.006  ret=50%  AR=0%  (10 trials)
  L=12288_d=0.8 ... gap=-0.012  ret=40%  AR=0%  (10 trials)
  L=12288_d=0.9 ... gap=+0.007  ret=70%  AR=0%  (10 trials)
  L=16384_d=0.1 ... gap=-0.002  ret=40%  AR=0%  (10 trials)
  L=16384_d=0.2 ... gap=+0.021  ret=80%  AR=0%  (10 trials)
  L=16384_d=0.5 ... gap=+0.026  ret=80%  AR=0%  (10 trials)
  L=16384_d=0.8 ... gap=+0.019  ret=60%  AR=0%  (10 trials)
  L=16384_d=0.9 ... gap=+0.057  ret=90%  AR=0%  (10 trials)
    PK per-length: {'2048': 54, '4096': 40, '8192': 44, '12288': 58, '16384': 70}
  Saved: /root/autodl-tmp/evq_phase14d/125m_tau1.50_seed7/result.json

======================================================================
  PHASE 14D: 125M on TinyStories, 10% passkey mix, YaRN scale=8
  3 seeds (42/123/7), Geo vs EVQ (tau=1.5, r=0)
======================================================================

  --- Baseline ---
  Config                PK@2K  PK@4K  PK@8K  PK@12K  PK@16K   PPL@2K  PPL@8K  PPL@16K
  -----------------------------------------------------------------------------------
  Geo s42                 48%    56%    44%    56%    52%      5.4     8.2     12.9
  Geo s123                44%    50%    42%    68%    42%      5.4     8.8     13.5
  Geo s7                  54%    46%    52%    48%    66%      5.4     8.8     16.9
  Geo MEAN±STD          49±4 %  51±4 %  46±4 %  57±8 %  53±10%      5.4     8.6    14.4

  EVQ s42                 48%    52%    44%    44%    46%      5.5     8.9     13.2
  EVQ s123                38%    52%    48%    58%    40%      5.4     8.3     12.5
  EVQ s7                  50%    40%    42%    56%    70%      5.4     8.4     13.2
  EVQ MEAN±STD          45±5 %  48±6 %  45±2 %  53±6 %  52±13%      5.4     8.5    13.0


  --- +YaRN (scale=8) ---
  Config                PK@2K  PK@4K  PK@8K  PK@12K  PK@16K   PPL@2K  PPL@8K  PPL@16K
  -----------------------------------------------------------------------------------
  Geo s42                 46%    56%    52%    54%    46%      5.4     5.4      7.3
  Geo s123                42%    44%    38%    66%    46%      5.4     5.6      7.7
  Geo s7                  54%    54%    52%    42%    58%      5.4     5.4      7.8
  Geo MEAN±STD          47±5 %  51±5 %  47±7 %  54±10%  50±6 %      5.4     5.5     7.6

  EVQ s42                 48%    56%    48%    50%    50%      5.7     5.4      5.7
  EVQ s123                28%    46%    46%    50%    40%      5.7     5.4      5.8
  EVQ s7                  54%    40%    44%    58%    70%      5.6     5.3      5.7
  EVQ MEAN±STD          43±11%  47±7 %  46±2 %  53±4 %  53±12%      5.7     5.4     5.7


  --- Delta (EVQ+YaRN - Geo+YaRN) ---
    L= 2048: EVQ+YaRN=43%  Geo+YaRN=47%  Delta=-4pp
    L= 4096: EVQ+YaRN=47%  Geo+YaRN=51%  Delta=-4pp
    L= 8192: EVQ+YaRN=46%  Geo+YaRN=47%  Delta=-1pp
    L=12288: EVQ+YaRN=53%  Geo+YaRN=54%  Delta=-1pp
    L=16384: EVQ+YaRN=53%  Geo+YaRN=50%  Delta=+3pp

  Total time: 2.1 hours
  Results: /root/autodl-tmp/evq_phase14d/all_results.json
  Report:  /root/autodl-tmp/evq_phase14d/REPORT.txt
