2026-02-21 12:30:06,668 | INFO | === Zero-shot Mechanistic Tensor Analysis START ===
2026-02-21 12:30:06,668 | WARNING | CUDA not available in current environment. Falling back to CPU.
2026-02-21 12:30:06,670 | INFO | CPU bfloat16 path is available; using bfloat16 on CPU.
2026-02-21 12:30:06,670 | INFO | Running attempt with sample_count=1000
2026-02-21 12:30:06,700 | INFO | Attempt with sample_count=1000, L=131072, d=128, bins=100, dtype=torch.bfloat16, device=cpu
2026-02-21 12:30:08,633 | INFO | Applying Standard RoPE...
2026-02-21 12:30:08,735 | INFO | Computing Standard RoPE variance curve...
2026-02-21 12:30:08,978 | INFO | Processed 100 / 1000 queries (10.0%)
2026-02-21 12:30:09,181 | INFO | Processed 200 / 1000 queries (20.0%)
2026-02-21 12:30:09,386 | INFO | Processed 300 / 1000 queries (30.0%)
2026-02-21 12:30:09,591 | INFO | Processed 400 / 1000 queries (40.0%)
2026-02-21 12:30:09,800 | INFO | Processed 500 / 1000 queries (50.0%)
2026-02-21 12:30:09,994 | INFO | Processed 600 / 1000 queries (60.0%)
2026-02-21 12:30:10,186 | INFO | Processed 700 / 1000 queries (70.0%)
2026-02-21 12:30:10,385 | INFO | Processed 800 / 1000 queries (80.0%)
2026-02-21 12:30:10,579 | INFO | Processed 900 / 1000 queries (90.0%)
2026-02-21 12:30:10,775 | INFO | Processed 1000 / 1000 queries (100.0%)
2026-02-21 12:30:10,776 | INFO | Curve accumulation finished in 2.04s
2026-02-21 12:30:10,842 | INFO | Applying Analytic Sigmoid-RoPE...
2026-02-21 12:30:10,929 | INFO | Computing Analytic Sigmoid-RoPE variance curve...
2026-02-21 12:30:11,122 | INFO | Processed 100 / 1000 queries (10.0%)
2026-02-21 12:30:11,312 | INFO | Processed 200 / 1000 queries (20.0%)
2026-02-21 12:30:11,506 | INFO | Processed 300 / 1000 queries (30.0%)
2026-02-21 12:30:11,701 | INFO | Processed 400 / 1000 queries (40.0%)
2026-02-21 12:30:11,892 | INFO | Processed 500 / 1000 queries (50.0%)
2026-02-21 12:30:12,083 | INFO | Processed 600 / 1000 queries (60.0%)
2026-02-21 12:30:12,276 | INFO | Processed 700 / 1000 queries (70.0%)
2026-02-21 12:30:12,466 | INFO | Processed 800 / 1000 queries (80.0%)
2026-02-21 12:30:12,663 | INFO | Processed 900 / 1000 queries (90.0%)
2026-02-21 12:30:12,860 | INFO | Processed 1000 / 1000 queries (100.0%)
2026-02-21 12:30:12,860 | INFO | Curve accumulation finished in 1.93s
2026-02-21 12:30:36,430 | INFO | === Zero-shot Mechanistic Tensor Analysis START ===
2026-02-21 12:30:36,430 | WARNING | CUDA not available in current environment. Falling back to CPU.
2026-02-21 12:30:36,431 | INFO | CPU bfloat16 path is available; using bfloat16 on CPU.
2026-02-21 12:30:36,431 | INFO | Running attempt with sample_count=1000
2026-02-21 12:30:36,432 | INFO | Attempt with sample_count=1000, L=131072, d=128, bins=100, dtype=torch.bfloat16, device=cpu
2026-02-21 12:30:38,305 | INFO | Applying Standard RoPE...
2026-02-21 12:30:38,396 | INFO | Computing Standard RoPE variance curve...
2026-02-21 12:30:38,608 | INFO | Processed 100 / 1000 queries (10.0%)
2026-02-21 12:30:38,807 | INFO | Processed 200 / 1000 queries (20.0%)
2026-02-21 12:30:39,003 | INFO | Processed 300 / 1000 queries (30.0%)
2026-02-21 12:30:39,199 | INFO | Processed 400 / 1000 queries (40.0%)
2026-02-21 12:30:39,394 | INFO | Processed 500 / 1000 queries (50.0%)
2026-02-21 12:30:39,592 | INFO | Processed 600 / 1000 queries (60.0%)
2026-02-21 12:30:39,790 | INFO | Processed 700 / 1000 queries (70.0%)
2026-02-21 12:30:39,990 | INFO | Processed 800 / 1000 queries (80.0%)
2026-02-21 12:30:40,186 | INFO | Processed 900 / 1000 queries (90.0%)
2026-02-21 12:30:40,384 | INFO | Processed 1000 / 1000 queries (100.0%)
2026-02-21 12:30:40,384 | INFO | Curve accumulation finished in 1.99s
2026-02-21 12:30:40,448 | INFO | Applying Analytic Sigmoid-RoPE...
2026-02-21 12:30:40,536 | INFO | Computing Analytic Sigmoid-RoPE variance curve...
2026-02-21 12:30:40,739 | INFO | Processed 100 / 1000 queries (10.0%)
2026-02-21 12:30:40,936 | INFO | Processed 200 / 1000 queries (20.0%)
2026-02-21 12:30:41,130 | INFO | Processed 300 / 1000 queries (30.0%)
2026-02-21 12:30:41,327 | INFO | Processed 400 / 1000 queries (40.0%)
2026-02-21 12:30:41,528 | INFO | Processed 500 / 1000 queries (50.0%)
2026-02-21 12:30:41,730 | INFO | Processed 600 / 1000 queries (60.0%)
2026-02-21 12:30:41,923 | INFO | Processed 700 / 1000 queries (70.0%)
2026-02-21 12:30:42,115 | INFO | Processed 800 / 1000 queries (80.0%)
2026-02-21 12:30:42,313 | INFO | Processed 900 / 1000 queries (90.0%)
2026-02-21 12:30:42,506 | INFO | Processed 1000 / 1000 queries (100.0%)
2026-02-21 12:30:42,506 | INFO | Curve accumulation finished in 1.97s
2026-02-21 12:30:43,715 | INFO | Attempt succeeded with sample_count=1000
2026-02-21 12:30:43,718 | INFO | Saved E:\rope\hybrid-rope\artifacts\neurips_zero_shot_mechanism\results.json
2026-02-21 12:30:43,718 | INFO | Saved E:\rope\hybrid-rope\artifacts\neurips_zero_shot_mechanism\phase_collision_comparison.pdf
2026-02-21 12:30:43,718 | INFO | Saved E:\rope\hybrid-rope\artifacts\neurips_zero_shot_mechanism\phase_collision_comparison.png
2026-02-21 12:30:43,718 | INFO | Total elapsed: 7.29s
2026-02-21 12:30:43,718 | INFO | === Zero-shot Mechanistic Tensor Analysis DONE ===
