nohup: ignoring input
=== Phase 14: 750M YaRN@4x Passkey Eval ===
GPU: NVIDIA RTX PRO 6000 Blackwell Server Edition

######################################################################
# Geo 750M + YaRN@4x
######################################################################
[init] device=cuda  dtype=torch.bfloat16  autocast=True
  RoPE: geometric (base=500000.0)
  Model params: 756.8M
  Loaded checkpoint: /root/autodl-tmp/evq_phase9/seed42/geo_750m_2k_1bdata_ckpt/checkpoints/step_15258.pt
  YaRN applied: scale_factor=4.0, original_max_len=2048
    inv_freq range: [3.013858e-06, 1.000000e+00] -> [3.013858e-06, 2.500000e-01]

Passkey TF Eval: geo_750m_yarn4x
  Lengths: [2048, 4096, 8192]
  Depths: [10, 50, 90]
  Trials/cell: 40
  YaRN: 4.0x

  L= 2048 d= 10%: TF_acc=0.500 (40 trials)
  L= 2048 d= 50%: TF_acc=0.500 (40 trials)
  L= 2048 d= 90%: TF_acc=0.550 (40 trials)
  L= 4096 d= 10%: TF_acc=0.600 (40 trials)
  L= 4096 d= 50%: TF_acc=0.425 (40 trials)
  L= 4096 d= 90%: TF_acc=0.275 (40 trials)
  L= 8192 d= 10%: TF_acc=0.525 (40 trials)
  L= 8192 d= 50%: TF_acc=0.375 (40 trials)
  L= 8192 d= 90%: TF_acc=0.475 (40 trials)
{
  "meta": {
    "timestamp": "2026-03-04 00:53:40",
    "variant_used": "geo_750m_yarn4x",
    "rope_used": {
      "type": "geo",
      "tau": 1.5,
      "base": 500000.0
    },
    "attn_used": "sdpa",
    "yarn_scale_factor": 4.0,
    "tier": "750m",
    "checkpoint_path": "/root/autodl-tmp/evq_phase9/seed42/geo_750m_2k_1bdata_ckpt/checkpoints/step_15258.pt",
    "lengths": [
      2048,
      4096,
      8192
    ],
    "depths": [
      10,
      50,
      90
    ],
    "trials_per_cell": 40,
    "seed": 42
  },
  "overall": {
    "tf_accuracy": 0.46944444444444444,
    "margin_mean": -0.05591591066784329,
    "margin_std": 0.9830425243800363,
    "n": 360
  },
  "by_length": {
    "2048": {
      "tf_accuracy": 0.5166666666666667,
      "margin_mean": 0.03926862478256225,
      "margin_std": 0.8499757493259835,
      "n": 120
    },
    "4096": {
      "tf_accuracy": 0.43333333333333335,
      "margin_mean": -0.09182604153951009,
      "margin_std": 0.9862348180188627,
      "n": 120
    },
    "8192": {
      "tf_accuracy": 0.4583333333333333,
      "margin_mean": -0.11519031524658203,
      "margin_std": 1.0982995470356804,
      "n": 120
    }
  }
}

--- Geo+YaRN done ---

######################################################################
# Hybrid 750M + YaRN@4x
######################################################################
[init] device=cuda  dtype=torch.bfloat16  autocast=True
  RoPE: hybrid (tau=1.5, r=16, base=500000.0)
  Model params: 756.8M
  Loaded checkpoint: /root/autodl-tmp/evq_phase9/seed42/hybrid1.5_r16_750m_2k_1bdata_ckpt/checkpoints/step_15258.pt
  YaRN applied: scale_factor=4.0, original_max_len=2048
    inv_freq range: [3.013858e-06, 1.000000e+00] -> [3.013858e-06, 2.500000e-01]

Passkey TF Eval: hybrid_750m_yarn4x
  Lengths: [2048, 4096, 8192]
  Depths: [10, 50, 90]
  Trials/cell: 40
  YaRN: 4.0x

  L= 2048 d= 10%: TF_acc=0.525 (40 trials)
  L= 2048 d= 50%: TF_acc=0.525 (40 trials)
  L= 2048 d= 90%: TF_acc=0.475 (40 trials)
  L= 4096 d= 10%: TF_acc=0.600 (40 trials)
  L= 4096 d= 50%: TF_acc=0.625 (40 trials)
  L= 4096 d= 90%: TF_acc=0.375 (40 trials)
  L= 8192 d= 10%: TF_acc=0.525 (40 trials)
  L= 8192 d= 50%: TF_acc=0.550 (40 trials)
  L= 8192 d= 90%: TF_acc=0.625 (40 trials)
{
  "meta": {
    "timestamp": "2026-03-04 00:54:25",
    "variant_used": "hybrid_750m_yarn4x",
    "rope_used": {
      "type": "hybrid",
      "tau": 1.5,
      "base": 500000.0
    },
    "attn_used": "sdpa",
    "yarn_scale_factor": 4.0,
    "tier": "750m",
    "checkpoint_path": "/root/autodl-tmp/evq_phase9/seed42/hybrid1.5_r16_750m_2k_1bdata_ckpt/checkpoints/step_15258.pt",
    "lengths": [
      2048,
      4096,
      8192
    ],
    "depths": [
      10,
      50,
      90
    ],
    "trials_per_cell": 40,
    "seed": 42
  },
  "overall": {
    "tf_accuracy": 0.5361111111111111,
    "margin_mean": -0.0018761595090230306,
    "margin_std": 1.200233348676936,
    "n": 360
  },
  "by_length": {
    "2048": {
      "tf_accuracy": 0.5083333333333333,
      "margin_mean": 0.1198097030321757,
      "margin_std": 0.9984649322003045,
      "n": 120
    },
    "4096": {
      "tf_accuracy": 0.5333333333333333,
      "margin_mean": -0.12817144393920898,
      "margin_std": 1.1389909361146349,
      "n": 120
    },
    "8192": {
      "tf_accuracy": 0.5666666666666667,
      "margin_mean": 0.0027332623799641927,
      "margin_std": 1.4214854733472444,
      "n": 120
    }
  }
}

=== ALL DONE ===
Results:
{
  "meta": {
    "timestamp": "2026-03-04 00:53:40",
    "variant_used": "geo_750m_yarn4x",
    "rope_used": {
      "type": "geo",
      "tau": 1.5,
      "base": 500000.0
    },
    "attn_used": "sdpa",
    "yarn_scale_factor": 4.0,
    "tier": "750m",
    "checkpoint_path": "/root/autodl-tmp/evq_phase9/seed42/geo_750m_2k_1bdata_ckpt/checkpoints/step_15258.pt",
    "lengths": [
      2048,
      4096,
      8192
    ],
    "depths": [
      10,
      50,
      90
    ],
    "trials_per_cell": 40,
    "seed": 42
  },
  "overall": {
    "tf_accuracy": 0.46944444444444444,
    "margin_mean": -0.05591591066784329,
    "margin_std": 0.9830425243800363,
    "n": 360
  },
  "by_length": {
    "2048": {
      "tf_accuracy": 0.5166666666666667,
      "margin_mean": 0.03926862478256225,
      "margin_std": 0.8499757493259835,
      "n": 120
    },
    "4096": {
      "tf_accuracy": 0.43333333333333335,
      "margin_mean": -0.09182604153951009,
      "margin_std": 0.9862348180188627,
      "n": 120
    },
    "8192": {
      "tf_accuracy": 0.4583333333333333,
      "margin_mean": -0.11519031524658203,
      "margin_std": 1.0982995470356804,
      "n": 120
    }
  }
}
{
  "meta": {
    "timestamp": "2026-03-04 00:54:25",
    "variant_used": "hybrid_750m_yarn4x",
    "rope_used": {
      "type": "hybrid",
      "tau": 1.5,
      "base": 500000.0
    },
    "attn_used": "sdpa",
    "yarn_scale_factor": 4.0,
    "tier": "750m",
    "checkpoint_path": "/root/autodl-tmp/evq_phase9/seed42/hybrid1.5_r16_750m_2k_1bdata_ckpt/checkpoints/step_15258.pt",
    "lengths": [
      2048,
      4096,
      8192
    ],
    "depths": [
      10,
      50,
      90
    ],
    "trials_per_cell": 40,
    "seed": 42
  },
  "overall": {
    "tf_accuracy": 0.5361111111111111,
    "margin_mean": -0.0018761595090230306,
    "margin_std": 1.200233348676936,
    "n": 360
  },
  "by_length": {
    "2048": {
      "tf_accuracy": 0.5083333333333333,
      "margin_mean": 0.1198097030321757,
      "margin_std": 0.9984649322003045,
      "n": 120
    },
    "4096": {
      "tf_accuracy": 0.5333333333333333,
      "margin_mean": -0.12817144393920898,
      "margin_std": 1.1389909361146349,
      "n": 120
    },
    "8192": {
      "tf_accuracy": 0.5666666666666667,
      "margin_mean": 0.0027332623799641927,
      "margin_std": 1.4214854733472444,
      "n": 120
    }
  }
}