[train:geo_20k] n_seq=24,414 total_steps=382/382 micro_batch=64 grad_accum=1
[train:geo_20k] step=1/382 loss=10.9517 lr=0.000e+00 tokens=131,072
[train:geo_20k] step=20/382 loss=6.0981 lr=5.985e-04 tokens=131,072
[train:geo_20k] step=40/382 loss=5.6413 lr=5.893e-04 tokens=131,072
[train:geo_20k] step=60/382 loss=5.2500 lr=5.720e-04 tokens=131,072
[train:geo_20k] step=80/382 loss=4.8097 lr=5.471e-04 tokens=131,072
[train:geo_20k] step=100/382 loss=4.4184 lr=5.152e-04 tokens=131,072
[train:geo_20k] step=120/382 loss=4.0861 lr=4.774e-04 tokens=131,072
[train:geo_20k] step=140/382 loss=3.8719 lr=4.345e-04 tokens=131,072
[train:geo_20k] step=160/382 loss=3.7391 lr=3.879e-04 tokens=131,072
[train:geo_20k] step=180/382 loss=3.5297 lr=3.388e-04 tokens=131,072
[train:geo_20k] step=200/382 loss=3.3517 lr=2.887e-04 tokens=131,072
[train:geo_20k] step=220/382 loss=3.2413 lr=2.389e-04 tokens=131,072
[train:geo_20k] step=240/382 loss=3.1893 lr=1.907e-04 tokens=131,072
[train:geo_20k] step=260/382 loss=3.1236 lr=1.457e-04 tokens=131,072
[train:geo_20k] step=280/382 loss=3.1083 lr=1.049e-04 tokens=131,072
[train:geo_20k] step=300/382 loss=3.0125 lr=6.965e-05 tokens=131,072
[train:geo_20k] step=320/382 loss=2.9477 lr=4.082e-05 tokens=131,072
[train:geo_20k] step=340/382 loss=2.9227 lr=1.926e-05 tokens=131,072
[train:geo_20k] step=360/382 loss=2.9449 lr=5.552e-06 tokens=131,072
[train:geo_20k] step=380/382 loss=2.8990 lr=9.474e-08 tokens=131,072
[eval] L= 2048 PPL=17.505 ± 2.134
[eval] L=16384 PPL=53.631 ± 4.007
{
  "name": "geo_20k",
  "ppl@16384": 53.63119874719725
}
