====== PHASE 6E: 1024-TOK REGIME SENSITIVITY ======
Sun Mar 1 18:21:16 CST 2026
====== G1: 1024tok Geometric ======
[init] device=cuda  dtype=torch.bfloat16  autocast=True
  [CUDA] GPU: NVIDIA GeForce RTX 5090, VRAM: 31.4 GB
  [CUDA <40GB] Adjusted 125m: batch=4, eval=[1024, 2048, 4096, 8192]
  [short-seq] seq_len=1024, batch_size scaled 2x to 8

############################################################
  EVQ τ-SWEEP  |  tier=125m  |  taus=[0.0]
  seq_len=1024  train_tokens=15M
  eval_lengths=[1024, 2048, 4096, 8192]
  device=cuda  dtype=torch.bfloat16  base=500000.0
  work_dir=/root/autodl-tmp/evq_phase6/train_1024tok
############################################################

[init] device=cuda  dtype=torch.bfloat16  autocast=True

  [check] Passkey tokenizer sanity check:
  Tokenisation of '<<PASS:7-4-2-9-1>>':
    IDs:    [14193, 25692, 27, 24, 14, 21, 14, 19, 14, 26, 14, 18, 5064]
    Tokens: ['<<', 'PASS', ':', '7', '-', '4', '-', '2', '-', '9', '-', '1', '>>']
    OK: all digits ['7', '4', '2', '9', '1'] are independent tokens
  [data] Trying HuggingFaceFW/fineweb-edu (config=sample-10BT)...
    Tokenized 0.0M tokens from 2 docs in 4s
  [data] Connection OK, streaming 15M tokens...
    [sample 0] 'The Independent Jane\nFor all the love, romance and scandal in Jane Austen’s books, what they are rea'...
    [sample 1] 'Taking Play Seriously\nBy ROBIN MARANTZ HENIG\nPublished: February 17, 2008\nOn a drizzly Tuesday night'...
    [sample 2] 'How do you get HIV?\nHIV can be passed on when infected bodily fluid, such as blood or semen, is pass'...
    [10M/15M tokens] 9687 docs, 0.4M tok/s, ETA 13s
    Tokenized 15.0M tokens from 14737 docs in 36s
  [data] Got 14648 chunks (15.0M tokens) from HuggingFaceFW/fineweb-edu
  [data] Saved cache: /root/autodl-tmp/evq_phase6/train_1024tok/train_fineweb-edu_15000000_1024.pt (120.0MB)
  [val] Trying HuggingFaceFW/fineweb-edu...
    Tokenized 5.0M tokens from 5108 docs in 20s
  [val] Got 5.0M tokens from HuggingFaceFW/fineweb-edu
  [val] Saved cache: /root/autodl-tmp/evq_phase6/train_1024tok/val_fineweb-edu_5000000.pt (40.0MB)

============================================================
  RUN: 125m_tau0.00_seed42  (base=500000)
============================================================
  inv_freq: shape=torch.Size([32])  max=0.814617  min=0.00000246  hash=88654f1fe2a414d3
  Phase collision total=0.350769
  Model params: 151.9M
    step 0/1831  loss=10.9547  lr=0.00e+00  ETA=0min
    step 50/1831  loss=7.1559  lr=3.00e-04  ETA=3min
    step 100/1831  loss=6.8381  lr=2.99e-04  ETA=2min
    step 150/1831  loss=6.6487  lr=2.97e-04  ETA=2min
    step 200/1831  loss=6.6095  lr=2.94e-04  ETA=2min
    step 250/1831  loss=6.4341  lr=2.91e-04  ETA=2min
    step 300/1831  loss=6.2153  lr=2.86e-04  ETA=2min
    step 350/1831  loss=6.4133  lr=2.80e-04  ETA=2min
    step 400/1831  loss=6.2465  lr=2.74e-04  ETA=2min
    step 450/1831  loss=6.1693  lr=2.66e-04  ETA=2min
    step 500/1831  loss=6.0121  lr=2.58e-04  ETA=2min
    step 550/1831  loss=6.2986  lr=2.49e-04  ETA=2min
    step 600/1831  loss=6.0213  lr=2.39e-04  ETA=2min
    step 650/1831  loss=5.7323  lr=2.29e-04  ETA=2min
    step 700/1831  loss=6.0328  lr=2.19e-04  ETA=2min
    step 750/1831  loss=5.8084  lr=2.08e-04  ETA=1min
    step 800/1831  loss=5.7906  lr=1.96e-04  ETA=1min
    step 850/1831  loss=5.7010  lr=1.85e-04  ETA=1min
    step 900/1831  loss=5.5881  lr=1.73e-04  ETA=1min
    step 950/1831  loss=5.7001  lr=1.61e-04  ETA=1min
    step 1000/1831  loss=5.6256  lr=1.49e-04  ETA=1min
    step 1050/1831  loss=5.3782  lr=1.38e-04  ETA=1min
    step 1100/1831  loss=5.6409  lr=1.26e-04  ETA=1min
    step 1150/1831  loss=5.4383  lr=1.15e-04  ETA=1min
    step 1200/1831  loss=5.2687  lr=1.04e-04  ETA=1min
    step 1250/1831  loss=5.4651  lr=9.40e-05  ETA=1min
    step 1300/1831  loss=5.5405  lr=8.42e-05  ETA=1min
    step 1350/1831  loss=5.5036  lr=7.51e-05  ETA=1min
    step 1400/1831  loss=5.3520  lr=6.66e-05  ETA=1min
    step 1450/1831  loss=5.3042  lr=5.89e-05  ETA=1min
    step 1500/1831  loss=5.3441  lr=5.20e-05  ETA=0min
    step 1550/1831  loss=5.6067  lr=4.60e-05  ETA=0min
    step 1600/1831  loss=5.2258  lr=4.09e-05  ETA=0min
    step 1650/1831  loss=5.3528  lr=3.67e-05  ETA=0min
    step 1700/1831  loss=5.0804  lr=3.35e-05  ETA=0min
    step 1750/1831  loss=5.4203  lr=3.14e-05  ETA=0min
    step 1800/1831  loss=5.1603  lr=3.02e-05  ETA=0min
  Training done in 2.5 min
    L=1024: PPL=189.858  (10 chunks)
    L=2048: PPL=252.036  (10 chunks)
    L=4096: PPL=241.602  (10 chunks)
    L=8192: PPL=309.248  (10 chunks)

  [PI] Inference-time PI baseline (zero-cost, no extra training)
  [PI] scale=8.0  inv_freq hash=61a4945ca26c2340
    L=1024: PPL=315.303  (10 chunks)
    L=2048: PPL=381.875  (10 chunks)
    L=4096: PPL=313.012  (10 chunks)
    L=8192: PPL=328.610  (10 chunks)
  [checkpoint] saved to /root/autodl-tmp/evq_phase6/train_1024tok/results_checkpoint.json

============================================================
  SWEEP COMPLETE  |  2.6 min total
  Results: /root/autodl-tmp/evq_phase6/train_1024tok/results_final.json
============================================================

  Next: python scripts/m4_evq_sweep/evq_analysis.py --input /root/autodl-tmp/evq_phase6/train_1024tok/results_final.json
====== G2: 1024tok tau=1.5 ======
[init] device=cuda  dtype=torch.bfloat16  autocast=True
  [CUDA] GPU: NVIDIA GeForce RTX 5090, VRAM: 31.4 GB
  [CUDA <40GB] Adjusted 125m: batch=4, eval=[1024, 2048, 4096, 8192]
  [short-seq] seq_len=1024, batch_size scaled 2x to 8

############################################################
  EVQ τ-SWEEP  |  tier=125m  |  taus=[1.5]
  seq_len=1024  train_tokens=15M
  eval_lengths=[1024, 2048, 4096, 8192]
  device=cuda  dtype=torch.bfloat16  base=500000.0
  work_dir=/root/autodl-tmp/evq_phase6/train_1024tok
############################################################

[init] device=cuda  dtype=torch.bfloat16  autocast=True

  [check] Passkey tokenizer sanity check:
  Tokenisation of '<<PASS:7-4-2-9-1>>':
    IDs:    [14193, 25692, 27, 24, 14, 21, 14, 19, 14, 26, 14, 18, 5064]
    Tokens: ['<<', 'PASS', ':', '7', '-', '4', '-', '2', '-', '9', '-', '1', '>>']
    OK: all digits ['7', '4', '2', '9', '1'] are independent tokens
  [data] Loading from cache: /root/autodl-tmp/evq_phase6/train_1024tok/train_fineweb-edu_15000000_1024.pt
  [data] Cached: 14648 chunks (15.0M tokens)
  [val] Loading from cache: /root/autodl-tmp/evq_phase6/train_1024tok/val_fineweb-edu_5000000.pt
  [val] Cached: 5.0M tokens
  Resumed 2 existing results

============================================================
  RUN: 125m_tau1.50_seed42  (base=500000)
============================================================
  inv_freq: shape=torch.Size([32])  max=0.882917  min=0.00000268  hash=129bc828f2bd246e
  Phase collision total=0.258812
  Model params: 151.9M
    step 0/1831  loss=10.9527  lr=0.00e+00  ETA=0min
    step 50/1831  loss=7.1687  lr=3.00e-04  ETA=3min
    step 100/1831  loss=6.8361  lr=2.99e-04  ETA=2min
    step 150/1831  loss=6.6376  lr=2.97e-04  ETA=2min
    step 200/1831  loss=6.6172  lr=2.94e-04  ETA=2min
    step 250/1831  loss=6.4301  lr=2.91e-04  ETA=2min
    step 300/1831  loss=6.2164  lr=2.86e-04  ETA=2min
    step 350/1831  loss=6.4063  lr=2.80e-04  ETA=2min
    step 400/1831  loss=6.2492  lr=2.74e-04  ETA=2min
    step 450/1831  loss=6.1475  lr=2.66e-04  ETA=2min
    step 500/1831  loss=6.0010  lr=2.58e-04  ETA=2min
    step 550/1831  loss=6.2866  lr=2.49e-04  ETA=2min
    step 600/1831  loss=6.0135  lr=2.39e-04  ETA=2min
    step 650/1831  loss=5.7252  lr=2.29e-04  ETA=2min
    step 700/1831  loss=6.0253  lr=2.19e-04  ETA=2min
    step 750/1831  loss=5.8179  lr=2.08e-04  ETA=1min
    step 800/1831  loss=5.7886  lr=1.96e-04  ETA=1min
    step 850/1831  loss=5.6987  lr=1.85e-04  ETA=1min
    step 900/1831  loss=5.5701  lr=1.73e-04  ETA=1min
    step 950/1831  loss=5.6986  lr=1.61e-04  ETA=1min
    step 1000/1831  loss=5.6339  lr=1.49e-04  ETA=1min
    step 1050/1831  loss=5.3843  lr=1.38e-04  ETA=1min
    step 1100/1831  loss=5.6305  lr=1.26e-04  ETA=1min
    step 1150/1831  loss=5.4381  lr=1.15e-04  ETA=1min
    step 1200/1831  loss=5.2673  lr=1.04e-04  ETA=1min
    step 1250/1831  loss=5.4525  lr=9.40e-05  ETA=1min
    step 1300/1831  loss=5.5340  lr=8.42e-05  ETA=1min
    step 1350/1831  loss=5.5094  lr=7.51e-05  ETA=1min
    step 1400/1831  loss=5.3436  lr=6.66e-05  ETA=1min
    step 1450/1831  loss=5.2957  lr=5.89e-05  ETA=1min
    step 1500/1831  loss=5.3334  lr=5.20e-05  ETA=0min
    step 1550/1831  loss=5.6119  lr=4.60e-05  ETA=0min
    step 1600/1831  loss=5.2216  lr=4.09e-05  ETA=0min
    step 1650/1831  loss=5.3576  lr=3.67e-05  ETA=0min
    step 1700/1831  loss=5.0811  lr=3.35e-05  ETA=0min
    step 1750/1831  loss=5.4228  lr=3.14e-05  ETA=0min
    step 1800/1831  loss=5.1687  lr=3.02e-05  ETA=0min
  Training done in 2.5 min
    L=1024: PPL=189.823  (10 chunks)
    L=2048: PPL=255.419  (10 chunks)
    L=4096: PPL=256.795  (10 chunks)
    L=8192: PPL=326.481  (10 chunks)
  [checkpoint] saved to /root/autodl-tmp/evq_phase6/train_1024tok/results_checkpoint.json

============================================================
  SWEEP COMPLETE  |  2.6 min total
  Results: /root/autodl-tmp/evq_phase6/train_1024tok/results_final.json
============================================================

  Waterbed Analysis:
    125m_tau1.50_seed42: short=-0.0%  long=+5.6%  waterbed=✗

  Next: python scripts/m4_evq_sweep/evq_analysis.py --input /root/autodl-tmp/evq_phase6/train_1024tok/results_final.json
====== G3: 1024tok tau=2.0 ======
[init] device=cuda  dtype=torch.bfloat16  autocast=True
  [CUDA] GPU: NVIDIA GeForce RTX 5090, VRAM: 31.4 GB
  [CUDA <40GB] Adjusted 125m: batch=4, eval=[1024, 2048, 4096, 8192]
  [short-seq] seq_len=1024, batch_size scaled 2x to 8

############################################################
  EVQ τ-SWEEP  |  tier=125m  |  taus=[2.0]
  seq_len=1024  train_tokens=15M
  eval_lengths=[1024, 2048, 4096, 8192]
  device=cuda  dtype=torch.bfloat16  base=500000.0
  work_dir=/root/autodl-tmp/evq_phase6/train_1024tok
############################################################

[init] device=cuda  dtype=torch.bfloat16  autocast=True

  [check] Passkey tokenizer sanity check:
  Tokenisation of '<<PASS:7-4-2-9-1>>':
    IDs:    [14193, 25692, 27, 24, 14, 21, 14, 19, 14, 26, 14, 18, 5064]
    Tokens: ['<<', 'PASS', ':', '7', '-', '4', '-', '2', '-', '9', '-', '1', '>>']
    OK: all digits ['7', '4', '2', '9', '1'] are independent tokens
  [data] Loading from cache: /root/autodl-tmp/evq_phase6/train_1024tok/train_fineweb-edu_15000000_1024.pt
  [data] Cached: 14648 chunks (15.0M tokens)
  [val] Loading from cache: /root/autodl-tmp/evq_phase6/train_1024tok/val_fineweb-edu_5000000.pt
  [val] Cached: 5.0M tokens
  Resumed 3 existing results

============================================================
  RUN: 125m_tau2.00_seed42  (base=500000)
============================================================
  inv_freq: shape=torch.Size([32])  max=0.905240  min=0.00000290  hash=8cb894ddc2e5628a
  Phase collision total=0.185813
  Model params: 151.9M
    step 0/1831  loss=10.9532  lr=0.00e+00  ETA=0min
    step 50/1831  loss=7.1614  lr=3.00e-04  ETA=3min
    step 100/1831  loss=6.8282  lr=2.99e-04  ETA=2min
    step 150/1831  loss=6.6419  lr=2.97e-04  ETA=2min
    step 200/1831  loss=6.6127  lr=2.94e-04  ETA=2min
    step 250/1831  loss=6.4388  lr=2.91e-04  ETA=2min
    step 300/1831  loss=6.2192  lr=2.86e-04  ETA=2min
    step 350/1831  loss=6.3995  lr=2.80e-04  ETA=2min
    step 400/1831  loss=6.2501  lr=2.74e-04  ETA=2min
    step 450/1831  loss=6.1570  lr=2.66e-04  ETA=2min
    step 500/1831  loss=6.0050  lr=2.58e-04  ETA=2min
    step 550/1831  loss=6.2898  lr=2.49e-04  ETA=2min
    step 600/1831  loss=6.0103  lr=2.39e-04  ETA=2min
    step 650/1831  loss=5.7328  lr=2.29e-04  ETA=2min
    step 700/1831  loss=6.0291  lr=2.19e-04  ETA=2min
    step 750/1831  loss=5.8072  lr=2.08e-04  ETA=1min
    step 800/1831  loss=5.7825  lr=1.96e-04  ETA=1min
    step 850/1831  loss=5.6991  lr=1.85e-04  ETA=1min
    step 900/1831  loss=5.5798  lr=1.73e-04  ETA=1min
    step 950/1831  loss=5.7019  lr=1.61e-04  ETA=1min
    step 1000/1831  loss=5.6373  lr=1.49e-04  ETA=1min
    step 1050/1831  loss=5.3739  lr=1.38e-04  ETA=1min
    step 1100/1831  loss=5.6322  lr=1.26e-04  ETA=1min
    step 1150/1831  loss=5.4390  lr=1.15e-04  ETA=1min
    step 1200/1831  loss=5.2644  lr=1.04e-04  ETA=1min
    step 1250/1831  loss=5.4701  lr=9.40e-05  ETA=1min
    step 1300/1831  loss=5.5409  lr=8.42e-05  ETA=1min
    step 1350/1831  loss=5.5132  lr=7.51e-05  ETA=1min
    step 1400/1831  loss=5.3427  lr=6.66e-05  ETA=1min
    step 1450/1831  loss=5.2976  lr=5.89e-05  ETA=1min
    step 1500/1831  loss=5.3480  lr=5.20e-05  ETA=0min
    step 1550/1831  loss=5.6173  lr=4.60e-05  ETA=0min
    step 1600/1831  loss=5.2184  lr=4.09e-05  ETA=0min
    step 1650/1831  loss=5.3564  lr=3.67e-05  ETA=0min
    step 1700/1831  loss=5.0900  lr=3.35e-05  ETA=0min
    step 1750/1831  loss=5.4247  lr=3.14e-05  ETA=0min
    step 1800/1831  loss=5.1701  lr=3.02e-05  ETA=0min
  Training done in 2.5 min
    L=1024: PPL=189.477  (10 chunks)
    L=2048: PPL=240.072  (10 chunks)
    L=4096: PPL=208.290  (10 chunks)
    L=8192: PPL=241.497  (10 chunks)
  [checkpoint] saved to /root/autodl-tmp/evq_phase6/train_1024tok/results_checkpoint.json

============================================================
  SWEEP COMPLETE  |  2.6 min total
  Results: /root/autodl-tmp/evq_phase6/train_1024tok/results_final.json
============================================================

  Waterbed Analysis:
    125m_tau2.00_seed42: short=-0.2%  long=-21.9%  waterbed=✗

  Next: python scripts/m4_evq_sweep/evq_analysis.py --input /root/autodl-tmp/evq_phase6/train_1024tok/results_final.json
====== G4: 1024tok tau=2.5 ======
[init] device=cuda  dtype=torch.bfloat16  autocast=True
  [CUDA] GPU: NVIDIA GeForce RTX 5090, VRAM: 31.4 GB
  [CUDA <40GB] Adjusted 125m: batch=4, eval=[1024, 2048, 4096, 8192]
  [short-seq] seq_len=1024, batch_size scaled 2x to 8

############################################################
  EVQ τ-SWEEP  |  tier=125m  |  taus=[2.5]
  seq_len=1024  train_tokens=15M
  eval_lengths=[1024, 2048, 4096, 8192]
  device=cuda  dtype=torch.bfloat16  base=500000.0
  work_dir=/root/autodl-tmp/evq_phase6/train_1024tok
############################################################

[init] device=cuda  dtype=torch.bfloat16  autocast=True

  [check] Passkey tokenizer sanity check:
  Tokenisation of '<<PASS:7-4-2-9-1>>':
    IDs:    [14193, 25692, 27, 24, 14, 21, 14, 19, 14, 26, 14, 18, 5064]
    Tokens: ['<<', 'PASS', ':', '7', '-', '4', '-', '2', '-', '9', '-', '1', '>>']
    OK: all digits ['7', '4', '2', '9', '1'] are independent tokens
  [data] Loading from cache: /root/autodl-tmp/evq_phase6/train_1024tok/train_fineweb-edu_15000000_1024.pt
  [data] Cached: 14648 chunks (15.0M tokens)
  [val] Loading from cache: /root/autodl-tmp/evq_phase6/train_1024tok/val_fineweb-edu_5000000.pt
  [val] Cached: 5.0M tokens
  Resumed 4 existing results

============================================================
  RUN: 125m_tau2.50_seed42  (base=500000)
============================================================
  inv_freq: shape=torch.Size([32])  max=0.921697  min=0.00000328  hash=98eb8df289452c77
  Phase collision total=0.226875
  Model params: 151.9M
    step 0/1831  loss=10.9542  lr=0.00e+00  ETA=0min
    step 50/1831  loss=7.1622  lr=3.00e-04  ETA=3min
    step 100/1831  loss=6.8478  lr=2.99e-04  ETA=2min
    step 150/1831  loss=6.6400  lr=2.97e-04  ETA=2min
    step 200/1831  loss=6.6103  lr=2.94e-04  ETA=2min
    step 250/1831  loss=6.4338  lr=2.91e-04  ETA=2min
    step 300/1831  loss=6.2148  lr=2.86e-04  ETA=2min
    step 350/1831  loss=6.4103  lr=2.80e-04  ETA=2min
    step 400/1831  loss=6.2529  lr=2.74e-04  ETA=2min
    step 450/1831  loss=6.1625  lr=2.66e-04  ETA=2min
    step 500/1831  loss=6.0137  lr=2.58e-04  ETA=2min
    step 550/1831  loss=6.3048  lr=2.49e-04  ETA=2min
    step 600/1831  loss=6.0138  lr=2.39e-04  ETA=2min
    step 650/1831  loss=5.7322  lr=2.29e-04  ETA=2min
    step 700/1831  loss=6.0425  lr=2.19e-04  ETA=2min
    step 750/1831  loss=5.8034  lr=2.08e-04  ETA=1min
    step 800/1831  loss=5.7769  lr=1.96e-04  ETA=1min
    step 850/1831  loss=5.6909  lr=1.85e-04  ETA=1min
    step 900/1831  loss=5.5841  lr=1.73e-04  ETA=1min
    step 950/1831  loss=5.6954  lr=1.61e-04  ETA=1min
    step 1000/1831  loss=5.6392  lr=1.49e-04  ETA=1min
    step 1050/1831  loss=5.3855  lr=1.38e-04  ETA=1min
    step 1100/1831  loss=5.6499  lr=1.26e-04  ETA=1min
    step 1150/1831  loss=5.4393  lr=1.15e-04  ETA=1min
    step 1200/1831  loss=5.2757  lr=1.04e-04  ETA=1min
    step 1250/1831  loss=5.4683  lr=9.40e-05  ETA=1min
    step 1300/1831  loss=5.5439  lr=8.42e-05  ETA=1min
    step 1350/1831  loss=5.5110  lr=7.51e-05  ETA=1min
    step 1400/1831  loss=5.3493  lr=6.66e-05  ETA=1min
    step 1450/1831  loss=5.3025  lr=5.89e-05  ETA=1min
    step 1500/1831  loss=5.3449  lr=5.20e-05  ETA=0min
    step 1550/1831  loss=5.6161  lr=4.60e-05  ETA=0min
    step 1600/1831  loss=5.2274  lr=4.09e-05  ETA=0min
    step 1650/1831  loss=5.3646  lr=3.67e-05  ETA=0min
    step 1700/1831  loss=5.0886  lr=3.35e-05  ETA=0min
    step 1750/1831  loss=5.4191  lr=3.14e-05  ETA=0min
    step 1800/1831  loss=5.1733  lr=3.02e-05  ETA=0min
  Training done in 2.5 min
    L=1024: PPL=191.864  (10 chunks)
    L=2048: PPL=242.783  (10 chunks)
    L=4096: PPL=212.108  (10 chunks)
    L=8192: PPL=244.538  (10 chunks)
  [checkpoint] saved to /root/autodl-tmp/evq_phase6/train_1024tok/results_checkpoint.json

============================================================
  SWEEP COMPLETE  |  2.6 min total
  Results: /root/autodl-tmp/evq_phase6/train_1024tok/results_final.json
============================================================

  Waterbed Analysis:
    125m_tau2.50_seed42: short=+1.1%  long=-20.9%  waterbed=✓

  Next: python scripts/m4_evq_sweep/evq_analysis.py --input /root/autodl-tmp/evq_phase6/train_1024tok/results_final.json
====== G5: 1024tok Learnable ======
[init] device=cuda  dtype=torch.bfloat16  autocast=True
  [CUDA] GPU: NVIDIA GeForce RTX 5090, VRAM: 31.4 GB
  [CUDA <40GB] Adjusted 125m: batch=4, eval=[1024, 2048, 4096, 8192]
  [short-seq] seq_len=1024, batch_size scaled 2x to 8

############################################################
  EVQ LEARNABLE τ  |  tier=125m  |  tau_init=1.0
  lr_mult=10.0  seeds=[42]
  seq_len=1024  train_tokens=15M
  eval_lengths=[1024, 2048, 4096, 8192]
  device=cuda  dtype=torch.bfloat16  base=500000.0
  work_dir=/root/autodl-tmp/evq_phase6/train_1024tok
############################################################

[init] device=cuda  dtype=torch.bfloat16  autocast=True

  [check] Passkey tokenizer sanity check:
  Tokenisation of '<<PASS:7-4-2-9-1>>':
    IDs:    [14193, 25692, 27, 24, 14, 21, 14, 19, 14, 26, 14, 18, 5064]
    Tokens: ['<<', 'PASS', ':', '7', '-', '4', '-', '2', '-', '9', '-', '1', '>>']
    OK: all digits ['7', '4', '2', '9', '1'] are independent tokens
  [data] Loading from cache: /root/autodl-tmp/evq_phase6/train_1024tok/train_fineweb-edu_15000000_1024.pt
  [data] Cached: 14648 chunks (15.0M tokens)
  [val] Loading from cache: /root/autodl-tmp/evq_phase6/train_1024tok/val_fineweb-edu_5000000.pt
  [val] Cached: 5.0M tokens
  Resumed 5 existing results

============================================================
  RUN: 125m_learnable_init1.00_seed42  (base=500000)
============================================================
  [learnable] tau_init=1.0000  lr_mult=10.0
  inv_freq: shape=torch.Size([32])  max=0.854819  min=0.00000254  hash=e89431f3d0c5621f
  Phase collision total=0.427785
  Model params: 151.9M
  [PE] Separate param group: lr_pe=3.00e-03, n_pe_params=1
    step 0/1831  loss=10.9537  lr=0.00e+00  tau=1.0000  ETA=0min
    step 50/1831  loss=7.1255  lr=3.00e-04  tau=1.0003  ETA=3min
    step 100/1831  loss=6.8237  lr=2.99e-04  tau=1.0205  ETA=3min
    step 150/1831  loss=6.6257  lr=2.97e-04  tau=1.0262  ETA=3min
    step 200/1831  loss=6.6033  lr=2.94e-04  tau=1.0202  ETA=3min
    step 250/1831  loss=6.4316  lr=2.91e-04  tau=1.0225  ETA=2min
    step 300/1831  loss=6.2130  lr=2.86e-04  tau=1.0239  ETA=2min
    step 350/1831  loss=6.4026  lr=2.80e-04  tau=1.0236  ETA=2min
    step 400/1831  loss=6.2458  lr=2.74e-04  tau=1.0296  ETA=2min
    step 450/1831  loss=6.1567  lr=2.66e-04  tau=1.0269  ETA=2min
    step 500/1831  loss=5.9989  lr=2.58e-04  tau=1.0282  ETA=2min
    step 550/1831  loss=6.2985  lr=2.49e-04  tau=1.0217  ETA=2min
    step 600/1831  loss=6.0233  lr=2.39e-04  tau=1.0181  ETA=2min
    step 650/1831  loss=5.7301  lr=2.29e-04  tau=1.0294  ETA=2min
    step 700/1831  loss=6.0406  lr=2.19e-04  tau=1.0213  ETA=2min
    step 750/1831  loss=5.8129  lr=2.08e-04  tau=1.0251  ETA=2min
    step 800/1831  loss=5.7730  lr=1.96e-04  tau=1.0193  ETA=2min
    step 850/1831  loss=5.6978  lr=1.85e-04  tau=1.0172  ETA=1min
    step 900/1831  loss=5.5790  lr=1.73e-04  tau=1.0174  ETA=1min
    step 950/1831  loss=5.6868  lr=1.61e-04  tau=1.0200  ETA=1min
    step 1000/1831  loss=5.6450  lr=1.49e-04  tau=1.0207  ETA=1min
    step 1050/1831  loss=5.3829  lr=1.38e-04  tau=1.0169  ETA=1min
    step 1100/1831  loss=5.6378  lr=1.26e-04  tau=1.0192  ETA=1min
    step 1150/1831  loss=5.4458  lr=1.15e-04  tau=1.0154  ETA=1min
    step 1200/1831  loss=5.2630  lr=1.04e-04  tau=1.0198  ETA=1min
    step 1250/1831  loss=5.4635  lr=9.40e-05  tau=1.0197  ETA=1min
    step 1300/1831  loss=5.5439  lr=8.42e-05  tau=1.0205  ETA=1min
    step 1350/1831  loss=5.5087  lr=7.51e-05  tau=1.0186  ETA=1min
    step 1400/1831  loss=5.3411  lr=6.66e-05  tau=1.0192  ETA=1min
    step 1450/1831  loss=5.3024  lr=5.89e-05  tau=1.0180  ETA=1min
    step 1500/1831  loss=5.3391  lr=5.20e-05  tau=1.0179  ETA=0min
    step 1550/1831  loss=5.6088  lr=4.60e-05  tau=1.0170  ETA=0min
    step 1600/1831  loss=5.2172  lr=4.09e-05  tau=1.0182  ETA=0min
    step 1650/1831  loss=5.3563  lr=3.67e-05  tau=1.0165  ETA=0min
    step 1700/1831  loss=5.0902  lr=3.35e-05  tau=1.0178  ETA=0min
    step 1750/1831  loss=5.4313  lr=3.14e-05  tau=1.0187  ETA=0min
    step 1800/1831  loss=5.1655  lr=3.02e-05  tau=1.0189  ETA=0min
  Training done in 2.8 min
    L=1024: PPL=189.526  (10 chunks)
    L=2048: PPL=248.815  (10 chunks)
    L=4096: PPL=231.742  (10 chunks)
    L=8192: PPL=286.011  (10 chunks)
  [learnable] Final tau: 1.018830
  [learnable] Convergence std (last 20%): 0.000889
  [checkpoint] saved to /root/autodl-tmp/evq_phase6/train_1024tok/results_checkpoint.json

============================================================
  SWEEP COMPLETE  |  2.8 min total
  Results: /root/autodl-tmp/evq_phase6/train_1024tok/results_final.json
============================================================

  Waterbed Analysis:
    125m_tau1.50_seed42: short=-0.0%  long=+5.6%  waterbed=✗
    125m_tau2.00_seed42: short=-0.2%  long=-21.9%  waterbed=✗

  Next: python scripts/m4_evq_sweep/evq_analysis.py --input /root/autodl-tmp/evq_phase6/train_1024tok/results_final.json

====== PHASE 6E COMPLETE ======
Sun Mar 1 18:36:22 CST 2026
