====== PHASE 6B: YaRN BASELINE ======
Sun Mar 1 18:08:57 CST 2026
====== YaRN-train FineWeb ======
[init] device=cuda  dtype=torch.bfloat16  autocast=True
  [CUDA] GPU: NVIDIA GeForce RTX 5090, VRAM: 31.4 GB
  [CUDA <40GB] Adjusted 125m: batch=4, eval=[128, 256, 512, 1024, 2048, 4096, 8192]
  [short-seq] seq_len=128, batch_size scaled 16x to 64

############################################################
  EVQ τ-SWEEP  |  tier=125m  |  taus=[0.0]
  seq_len=128  train_tokens=15M
  eval_lengths=[128, 256, 512, 1024, 2048, 4096, 8192]
  device=cuda  dtype=torch.bfloat16  base=500000.0
  work_dir=/root/autodl-tmp/evq_phase6/yarn_baseline
############################################################

[init] device=cuda  dtype=torch.bfloat16  autocast=True

  [check] Passkey tokenizer sanity check:
  Tokenisation of '<<PASS:7-4-2-9-1>>':
    IDs:    [14193, 25692, 27, 24, 14, 21, 14, 19, 14, 26, 14, 18, 5064]
    Tokens: ['<<', 'PASS', ':', '7', '-', '4', '-', '2', '-', '9', '-', '1', '>>']
    OK: all digits ['7', '4', '2', '9', '1'] are independent tokens
  [data] Trying HuggingFaceFW/fineweb-edu (config=sample-10BT)...
    Tokenized 0.0M tokens from 2 docs in 4s
  [data] Connection OK, streaming 15M tokens...
Warning: You are sending unauthenticated requests to the HF Hub. Please set a HF_TOKEN to enable higher rate limits and faster downloads.
    [sample 0] 'The Independent Jane\nFor all the love, romance and scandal in Jane Austen’s books, what they are rea'...
    [sample 1] 'Taking Play Seriously\nBy ROBIN MARANTZ HENIG\nPublished: February 17, 2008\nOn a drizzly Tuesday night'...
    [sample 2] 'How do you get HIV?\nHIV can be passed on when infected bodily fluid, such as blood or semen, is pass'...
    [10M/15M tokens] 9687 docs, 0.4M tok/s, ETA 13s
    Tokenized 15.0M tokens from 14737 docs in 37s
  [data] Got 117190 chunks (15.0M tokens) from HuggingFaceFW/fineweb-edu
  [data] Saved cache: /root/autodl-tmp/evq_phase6/yarn_baseline/train_fineweb-edu_15000000_128.pt (120.0MB)
  [val] Trying HuggingFaceFW/fineweb-edu...
    Tokenized 5.0M tokens from 5108 docs in 20s
  [val] Got 5.0M tokens from HuggingFaceFW/fineweb-edu
  [val] Saved cache: /root/autodl-tmp/evq_phase6/yarn_baseline/val_fineweb-edu_5000000.pt (40.0MB)

============================================================
  RUN: 125m_yarn_target8192_seed42  (base=500000)
============================================================
  [yarn] original=128  target=8192  scale=64x
  inv_freq: shape=torch.Size([32])  max=1.000000  min=0.00000005  hash=4d10fabe87c82e16
  Phase collision total=0.702417
  Model params: 151.9M
    step 0/1831  loss=10.9674  lr=0.00e+00  ETA=0min
    step 50/1831  loss=7.3293  lr=3.00e-04  ETA=3min
    step 100/1831  loss=6.9982  lr=2.99e-04  ETA=2min
    step 150/1831  loss=6.7052  lr=2.97e-04  ETA=2min
    step 200/1831  loss=6.5006  lr=2.94e-04  ETA=2min
    step 250/1831  loss=6.4674  lr=2.91e-04  ETA=2min
    step 300/1831  loss=6.3216  lr=2.86e-04  ETA=2min
    step 350/1831  loss=6.2601  lr=2.80e-04  ETA=2min
    step 400/1831  loss=6.1143  lr=2.74e-04  ETA=2min
    step 450/1831  loss=5.9336  lr=2.66e-04  ETA=2min
    step 500/1831  loss=5.8328  lr=2.58e-04  ETA=2min
    step 550/1831  loss=5.8272  lr=2.49e-04  ETA=2min
    step 600/1831  loss=5.8707  lr=2.39e-04  ETA=2min
    step 650/1831  loss=5.7910  lr=2.29e-04  ETA=2min
    step 700/1831  loss=5.7199  lr=2.19e-04  ETA=1min
    step 750/1831  loss=5.5848  lr=2.08e-04  ETA=1min
    step 800/1831  loss=5.5602  lr=1.96e-04  ETA=1min
    step 850/1831  loss=5.6026  lr=1.85e-04  ETA=1min
    step 900/1831  loss=5.4910  lr=1.73e-04  ETA=1min
    step 950/1831  loss=5.6599  lr=1.61e-04  ETA=1min
    step 1000/1831  loss=5.4992  lr=1.49e-04  ETA=1min
    step 1050/1831  loss=5.3847  lr=1.38e-04  ETA=1min
    step 1100/1831  loss=5.4724  lr=1.26e-04  ETA=1min
    step 1150/1831  loss=5.2498  lr=1.15e-04  ETA=1min
    step 1200/1831  loss=5.3233  lr=1.04e-04  ETA=1min
    step 1250/1831  loss=5.3196  lr=9.40e-05  ETA=1min
    step 1300/1831  loss=5.3466  lr=8.42e-05  ETA=1min
    step 1350/1831  loss=5.2658  lr=7.51e-05  ETA=1min
    step 1400/1831  loss=5.3255  lr=6.66e-05  ETA=1min
    step 1450/1831  loss=5.2887  lr=5.89e-05  ETA=1min
    step 1500/1831  loss=5.1840  lr=5.20e-05  ETA=0min
    step 1550/1831  loss=5.2563  lr=4.60e-05  ETA=0min
    step 1600/1831  loss=5.1679  lr=4.09e-05  ETA=0min
    step 1650/1831  loss=5.1086  lr=3.67e-05  ETA=0min
    step 1700/1831  loss=5.1456  lr=3.35e-05  ETA=0min
    step 1750/1831  loss=5.1556  lr=3.14e-05  ETA=0min
    step 1800/1831  loss=5.3447  lr=3.02e-05  ETA=0min
  Training done in 2.4 min
    L=128: PPL=186.731  (10 chunks)
    L=256: PPL=364.226  (10 chunks)
    L=512: PPL=642.487  (10 chunks)
    L=1024: PPL=762.841  (10 chunks)
    L=2048: PPL=711.218  (10 chunks)
    L=4096: PPL=899.387  (10 chunks)
    L=8192: PPL=1136.524  (10 chunks)

  [PI] Inference-time PI baseline (zero-cost, no extra training)
  [PI] scale=64.0  inv_freq hash=4ad0386eff623697
    L=128: PPL=391.908  (10 chunks)
    L=256: PPL=477.775  (10 chunks)
    L=512: PPL=575.384  (10 chunks)
    L=1024: PPL=507.164  (10 chunks)
    L=2048: PPL=417.991  (10 chunks)
    L=4096: PPL=449.759  (10 chunks)
    L=8192: PPL=539.654  (10 chunks)
  [checkpoint] saved to /root/autodl-tmp/evq_phase6/yarn_baseline/results_checkpoint.json

============================================================
  SWEEP COMPLETE  |  2.5 min total
  Results: /root/autodl-tmp/evq_phase6/yarn_baseline/results_final.json
============================================================

  Next: python scripts/m4_evq_sweep/evq_analysis.py --input /root/autodl-tmp/evq_phase6/yarn_baseline/results_final.json
====== YaRN-train TinyStories ======
[init] device=cuda  dtype=torch.bfloat16  autocast=True
  [CUDA] GPU: NVIDIA GeForce RTX 5090, VRAM: 31.4 GB
  [CUDA <40GB] Adjusted 125m: batch=4, eval=[128, 256, 512, 1024, 2048, 4096, 8192]
  [short-seq] seq_len=128, batch_size scaled 16x to 64

############################################################
  EVQ τ-SWEEP  |  tier=125m  |  taus=[0.0]
  seq_len=128  train_tokens=15M
  eval_lengths=[128, 256, 512, 1024, 2048, 4096, 8192]
  device=cuda  dtype=torch.bfloat16  base=500000.0
  work_dir=/root/autodl-tmp/evq_phase6/yarn_baseline_ts
############################################################

[init] device=cuda  dtype=torch.bfloat16  autocast=True

  [check] Passkey tokenizer sanity check:
  Tokenisation of '<<PASS:7-4-2-9-1>>':
    IDs:    [14193, 25692, 27, 24, 14, 21, 14, 19, 14, 26, 14, 18, 5064]
    Tokens: ['<<', 'PASS', ':', '7', '-', '4', '-', '2', '-', '9', '-', '1', '>>']
    OK: all digits ['7', '4', '2', '9', '1'] are independent tokens
  [data] Trying roneneldan/TinyStories (config=None)...
Warning: You are sending unauthenticated requests to the HF Hub. Please set a HF_TOKEN to enable higher rate limits and faster downloads.
    Tokenized 0.0M tokens from 6 docs in 4s
  [data] Connection OK, streaming 15M tokens...
    [sample 0] 'One day, a little girl named Lily found a needle in her room. She knew it was difficult to play with'...
    [sample 1] 'Once upon a time, there was a little car named Beep. Beep loved to go fast and play in the sun. Beep'...
    [sample 2] 'One day, a little fish named Fin was swimming near the shore. He saw a big crab and wanted to be fri'...
    [10M/15M tokens] 45046 docs, 0.5M tok/s, ETA 11s
    Tokenized 15.0M tokens from 67385 docs in 30s
  [data] Got 117189 chunks (15.0M tokens) from roneneldan/TinyStories
  [data] Saved cache: /root/autodl-tmp/evq_phase6/yarn_baseline_ts/train_tinystories_15000000_128.pt (120.0MB)
  [val] Trying roneneldan/TinyStories...
  [val] Got 4.8M tokens from roneneldan/TinyStories
  [val] Saved cache: /root/autodl-tmp/evq_phase6/yarn_baseline_ts/val_tinystories_5000000.pt (38.0MB)

============================================================
  RUN: 125m_yarn_target8192_seed42  (base=500000)
============================================================
  [yarn] original=128  target=8192  scale=64x
  inv_freq: shape=torch.Size([32])  max=1.000000  min=0.00000005  hash=4d10fabe87c82e16
  Phase collision total=0.702417
  Model params: 151.9M
    step 0/1831  loss=10.9441  lr=0.00e+00  ETA=0min
    step 50/1831  loss=4.5128  lr=3.00e-04  ETA=3min
    step 100/1831  loss=3.7150  lr=2.99e-04  ETA=2min
    step 150/1831  loss=3.3919  lr=2.97e-04  ETA=2min
    step 200/1831  loss=3.1533  lr=2.94e-04  ETA=2min
    step 250/1831  loss=2.9925  lr=2.91e-04  ETA=2min
    step 300/1831  loss=2.7912  lr=2.86e-04  ETA=2min
    step 350/1831  loss=2.7733  lr=2.80e-04  ETA=2min
    step 400/1831  loss=2.6691  lr=2.74e-04  ETA=2min
    step 450/1831  loss=2.6635  lr=2.66e-04  ETA=2min
    step 500/1831  loss=2.6272  lr=2.58e-04  ETA=2min
    step 550/1831  loss=2.4677  lr=2.49e-04  ETA=2min
    step 600/1831  loss=2.5325  lr=2.39e-04  ETA=2min
    step 650/1831  loss=2.5705  lr=2.29e-04  ETA=2min
    step 700/1831  loss=2.5003  lr=2.19e-04  ETA=1min
    step 750/1831  loss=2.4599  lr=2.08e-04  ETA=1min
    step 800/1831  loss=2.4665  lr=1.96e-04  ETA=1min
    step 850/1831  loss=2.2990  lr=1.85e-04  ETA=1min
    step 900/1831  loss=2.3678  lr=1.73e-04  ETA=1min
    step 950/1831  loss=2.3248  lr=1.61e-04  ETA=1min
    step 1000/1831  loss=2.1992  lr=1.49e-04  ETA=1min
    step 1050/1831  loss=2.1430  lr=1.38e-04  ETA=1min
    step 1100/1831  loss=2.2854  lr=1.26e-04  ETA=1min
    step 1150/1831  loss=2.2549  lr=1.15e-04  ETA=1min
    step 1200/1831  loss=2.1552  lr=1.04e-04  ETA=1min
    step 1250/1831  loss=2.1143  lr=9.40e-05  ETA=1min
    step 1300/1831  loss=2.1959  lr=8.42e-05  ETA=1min
    step 1350/1831  loss=2.2083  lr=7.51e-05  ETA=1min
    step 1400/1831  loss=2.0885  lr=6.66e-05  ETA=1min
    step 1450/1831  loss=2.1546  lr=5.89e-05  ETA=1min
    step 1500/1831  loss=2.0963  lr=5.20e-05  ETA=0min
    step 1550/1831  loss=2.1779  lr=4.60e-05  ETA=0min
    step 1600/1831  loss=2.0489  lr=4.09e-05  ETA=0min
    step 1650/1831  loss=2.1220  lr=3.67e-05  ETA=0min
    step 1700/1831  loss=2.1013  lr=3.35e-05  ETA=0min
    step 1750/1831  loss=2.0833  lr=3.14e-05  ETA=0min
    step 1800/1831  loss=2.0628  lr=3.02e-05  ETA=0min
  Training done in 2.4 min
    L=128: PPL=12.955  (10 chunks)
    L=256: PPL=16.879  (10 chunks)
    L=512: PPL=47.100  (10 chunks)
    L=1024: PPL=106.330  (10 chunks)
    L=2048: PPL=180.124  (10 chunks)
    L=4096: PPL=221.880  (10 chunks)
    L=8192: PPL=250.845  (10 chunks)

  [PI] Inference-time PI baseline (zero-cost, no extra training)
  [PI] scale=64.0  inv_freq hash=4ad0386eff623697
    L=128: PPL=47.080  (10 chunks)
    L=256: PPL=50.643  (10 chunks)
    L=512: PPL=66.914  (10 chunks)
    L=1024: PPL=75.055  (10 chunks)
    L=2048: PPL=84.669  (10 chunks)
    L=4096: PPL=89.883  (10 chunks)
    L=8192: PPL=92.921  (10 chunks)
  [checkpoint] saved to /root/autodl-tmp/evq_phase6/yarn_baseline_ts/results_checkpoint.json

============================================================
  SWEEP COMPLETE  |  2.5 min total
  Results: /root/autodl-tmp/evq_phase6/yarn_baseline_ts/results_final.json
============================================================

  Next: python scripts/m4_evq_sweep/evq_analysis.py --input /root/autodl-tmp/evq_phase6/yarn_baseline_ts/results_final.json

====== PHASE 6B TRAINING DONE ======
Sun Mar 1 18:16:41 CST 2026
