  Loading AI-ModelScope/TinyStories train (50M tokens) from ModelScope...
  Loading AI-ModelScope/TinyStories validation from ModelScope...

============================================================
  geo_500k_seed42
  seed=42
  freq range: [3.01e-06, 1.0000]
============================================================
  Params: 50.9M
    step 0/762  loss=10.9601  lr=0.00e+00  ETA=8min
    step 100/762  loss=3.8977  lr=5.81e-04  ETA=3min
    step 200/762  loss=3.0694  lr=5.14e-04  ETA=2min
    step 300/762  loss=2.6063  lr=4.09e-04  ETA=2min
    step 400/762  loss=2.4221  lr=2.85e-04  ETA=1min
    step 500/762  loss=2.2346  lr=1.64e-04  ETA=1min
    step 600/762  loss=2.2046  lr=6.70e-05  ETA=1min
    step 700/762  loss=2.1907  lr=1.01e-05  ETA=0min
    L=2048: PPL=6.728
    L=4096: PPL=6.983
    L=8192: PPL=8.636
    L=16384: PPL=15.970

============================================================
  geo_500k_seed123
  seed=123
  freq range: [3.01e-06, 1.0000]
============================================================
  Params: 50.9M
    step 0/762  loss=10.9264  lr=0.00e+00  ETA=0min
    step 100/762  loss=3.9239  lr=5.81e-04  ETA=3min
    step 200/762  loss=3.2343  lr=5.14e-04  ETA=2min
    step 300/762  loss=2.7196  lr=4.09e-04  ETA=2min
    step 400/762  loss=2.4919  lr=2.85e-04  ETA=1min
    step 500/762  loss=2.3549  lr=1.64e-04  ETA=1min
    step 600/762  loss=2.2831  lr=6.70e-05  ETA=1min
    step 700/762  loss=2.2389  lr=1.01e-05  ETA=0min
    L=2048: PPL=6.858
    L=4096: PPL=7.583
    L=8192: PPL=10.233
    L=16384: PPL=19.295

============================================================
  geo_500k_seed7
  seed=7
  freq range: [3.01e-06, 1.0000]
============================================================
  Params: 50.9M
    step 0/762  loss=10.8710  lr=0.00e+00  ETA=0min
    step 100/762  loss=3.9869  lr=5.81e-04  ETA=3min
    step 200/762  loss=3.1707  lr=5.14e-04  ETA=2min
    step 300/762  loss=2.7227  lr=4.09e-04  ETA=2min
    step 400/762  loss=2.4851  lr=2.85e-04  ETA=1min
    step 500/762  loss=2.2502  lr=1.64e-04  ETA=1min
    step 600/762  loss=2.1925  lr=6.70e-05  ETA=1min
    step 700/762  loss=2.1509  lr=1.01e-05  ETA=0min
    L=2048: PPL=6.822
    L=4096: PPL=7.068
    L=8192: PPL=9.551
    L=16384: PPL=19.559

============================================================
  hybrid_a0.2_t100k_seed42
  seed=42
  freq range: [1.23e-05, 1.0000]
============================================================
  Params: 50.9M
    step 0/762  loss=10.9609  lr=0.00e+00  ETA=0min
    step 100/762  loss=3.9239  lr=5.81e-04  ETA=3min
    step 200/762  loss=3.0665  lr=5.14e-04  ETA=2min
    step 300/762  loss=2.6061  lr=4.09e-04  ETA=2min
    step 400/762  loss=2.4157  lr=2.85e-04  ETA=1min
    step 500/762  loss=2.2250  lr=1.64e-04  ETA=1min
    step 600/762  loss=2.1966  lr=6.70e-05  ETA=1min
    step 700/762  loss=2.1834  lr=1.01e-05  ETA=0min
    L=2048: PPL=6.684
    L=4096: PPL=6.729
    L=8192: PPL=8.285
    L=16384: PPL=14.772

============================================================
  hybrid_a0.2_t100k_seed123
  seed=123
  freq range: [1.23e-05, 1.0000]
============================================================
  Params: 50.9M
    step 0/762  loss=10.9260  lr=0.00e+00  ETA=1min
    step 100/762  loss=3.9446  lr=5.81e-04  ETA=3min
    step 200/762  loss=3.1809  lr=5.14e-04  ETA=2min
    step 300/762  loss=2.6838  lr=4.09e-04  ETA=2min
    step 400/762  loss=2.4747  lr=2.85e-04  ETA=1min
    step 500/762  loss=2.3451  lr=1.64e-04  ETA=1min
    step 600/762  loss=2.2707  lr=6.70e-05  ETA=1min
    step 700/762  loss=2.2204  lr=1.01e-05  ETA=0min
    L=2048: PPL=6.849
    L=4096: PPL=7.152
    L=8192: PPL=9.470
    L=16384: PPL=17.846

============================================================
  hybrid_a0.2_t100k_seed7
  seed=7
  freq range: [1.23e-05, 1.0000]
============================================================
  Params: 50.9M
    step 0/762  loss=10.8721  lr=0.00e+00  ETA=0min
    step 100/762  loss=3.8994  lr=5.81e-04  ETA=3min
    step 200/762  loss=3.0433  lr=5.14e-04  ETA=2min
    step 300/762  loss=2.6475  lr=4.09e-04  ETA=2min
    step 400/762  loss=2.4225  lr=2.85e-04  ETA=1min
    step 500/762  loss=2.1921  lr=1.64e-04  ETA=1min
    step 600/762  loss=2.1434  lr=6.70e-05  ETA=1min
    step 700/762  loss=2.1016  lr=1.01e-05  ETA=0min
    L=2048: PPL=6.546
    L=4096: PPL=6.721
    L=8192: PPL=9.352
    L=16384: PPL=18.090

============================================================
  anchpoly_p3.9_omf0.3_t500k_seed42
  seed=42
  freq range: [9.04e-07, 1.0000]
============================================================
  Params: 50.9M
    step 0/762  loss=10.9601  lr=0.00e+00  ETA=0min
    step 100/762  loss=3.9319  lr=5.81e-04  ETA=3min
    step 200/762  loss=3.0416  lr=5.14e-04  ETA=2min
    step 300/762  loss=2.5670  lr=4.09e-04  ETA=2min
    step 400/762  loss=2.3805  lr=2.85e-04  ETA=1min
    step 500/762  loss=2.1911  lr=1.64e-04  ETA=1min
    step 600/762  loss=2.1651  lr=6.70e-05  ETA=1min
    step 700/762  loss=2.1496  lr=1.01e-05  ETA=0min
    L=2048: PPL=6.400
    L=4096: PPL=6.380
    L=8192: PPL=9.670
    L=16384: PPL=20.217

============================================================
  anchpoly_p3.9_omf0.3_t500k_seed123
  seed=123
  freq range: [9.04e-07, 1.0000]
============================================================
  Params: 50.9M
    step 0/762  loss=10.9260  lr=0.00e+00  ETA=0min
    step 100/762  loss=3.9678  lr=5.81e-04  ETA=3min
    step 200/762  loss=3.1610  lr=5.14e-04  ETA=2min
    step 300/762  loss=2.6884  lr=4.09e-04  ETA=2min
    step 400/762  loss=2.4687  lr=2.85e-04  ETA=1min
    step 500/762  loss=2.3375  lr=1.64e-04  ETA=1min
    step 600/762  loss=2.2651  lr=6.70e-05  ETA=1min
    step 700/762  loss=2.2189  lr=1.01e-05  ETA=0min
    L=2048: PPL=6.819
    L=4096: PPL=6.802
    L=8192: PPL=9.473
    L=16384: PPL=18.586

============================================================
  anchpoly_p3.9_omf0.3_t500k_seed7
  seed=7
  freq range: [9.04e-07, 1.0000]
============================================================
  Params: 50.9M
    step 0/762  loss=10.8724  lr=0.00e+00  ETA=0min
    step 100/762  loss=3.9031  lr=5.81e-04  ETA=3min
    step 200/762  loss=3.0288  lr=5.14e-04  ETA=2min
    step 300/762  loss=2.6325  lr=4.09e-04  ETA=2min
    step 400/762  loss=2.4184  lr=2.85e-04  ETA=1min
    step 500/762  loss=2.1825  lr=1.64e-04  ETA=1min
    step 600/762  loss=2.1303  lr=6.70e-05  ETA=1min
    step 700/762  loss=2.0925  lr=1.01e-05  ETA=0min
    L=2048: PPL=6.469
    L=4096: PPL=6.473
    L=8192: PPL=9.151
    L=16384: PPL=17.681

Config              | Seed | PPL@2048 | PPL@16384
geo_500k            |   42 |    6.728 |     15.97
geo_500k            |  123 |    6.858 |    19.295
geo_500k            |    7 |    6.822 |    19.559
hybrid_a0.2_t100k   |   42 |    6.684 |    14.772
hybrid_a0.2_t100k   |  123 |    6.849 |    17.846
hybrid_a0.2_t100k   |    7 |    6.546 |     18.09
anchpoly_p3.9_omf0.3_t500k |   42 |      6.4 |    20.217
anchpoly_p3.9_omf0.3_t500k |  123 |    6.819 |    18.586
anchpoly_p3.9_omf0.3_t500k |    7 |    6.469 |    17.681

Config              | PPL@2048 (mean+-std) | PPL@16384 (mean+-std)
geo_500k            | 6.803 +- 0.055         | 18.275 +- 1.633       
hybrid_a0.2_t100k   | 6.693 +- 0.124         | 16.903 +- 1.510       
anchpoly_p3.9_omf0.3_t500k | 6.563 +- 0.183         | 18.828 +- 1.049       

[done] wrote /opt/dfrope/results/unified_search_3cfg_3seed/results.json
