[00:00:00] [MAIN] ============================================================
[00:00:00] [MAIN] Overnight 8h Experiment Suite — Starting
[00:00:00] [MAIN] Methods: ['baseline', 'pi', 'yarn', 'anchored_hybrid']
[00:00:00] [MAIN] Train: 300 steps @ 16384 ctx
[00:00:00] [MAIN] NIAH: lengths=[4096, 8192, 16384, 32768] depths=11 trials=3
[00:00:00] [MAIN] Output: /root/autodl-tmp/dfrope/hybrid-rope/results/overnight_8h
[00:00:00] [GATE0] ============================================================
[00:00:00] [GATE0] Calibration check for all methods
[00:00:00] [GATE0/baseline] CMD: /root/miniconda3/bin/python /root/autodl-tmp/dfrope/hybrid-rope/2026-02-22/scripts/run_llama8b_fair_suite.py --method baseline --run_name calib_baseline...
[00:00:52] [GATE0]   baseline: OK, patched 1 layers
[00:00:52] [GATE0/pi] CMD: /root/miniconda3/bin/python /root/autodl-tmp/dfrope/hybrid-rope/2026-02-22/scripts/run_llama8b_fair_suite.py --method pi --run_name calib_pi...
[00:01:06] [GATE0]   pi: OK, patched 1 layers
[00:01:06] [GATE0/yarn] CMD: /root/miniconda3/bin/python /root/autodl-tmp/dfrope/hybrid-rope/2026-02-22/scripts/run_llama8b_fair_suite.py --method yarn --run_name calib_yarn...
[00:01:25] [GATE0]   yarn: OK, patched 1 layers
[00:01:25] [GATE0/anchored_hybrid] CMD: /root/miniconda3/bin/python /root/autodl-tmp/dfrope/hybrid-rope/2026-02-22/scripts/run_llama8b_fair_suite.py --method anchored_hybrid --run_name calib_anchored_hybrid...
[00:01:38] [GATE0]   anchored_hybrid: OK, patched 1 layers
[00:01:38] [GATE0] Calibration: 4/4 passed
[00:01:38] [GATE1] ============================================================
[00:01:38] [GATE1] Full training: 300 steps × 4 methods @ 16384 ctx
[00:01:38] [GATE1/baseline] CMD: /root/miniconda3/bin/python /root/autodl-tmp/dfrope/hybrid-rope/2026-02-22/scripts/run_llama8b_fair_suite.py --method baseline --run_name train_baseline...
[00:02:19] [GATE1/baseline] FAILED rc=1
[00:02:19] [GATE1/baseline] ^^^^^^
  File "/root/miniconda3/lib/python3.12/site-packages/torch/nn/modules/module.py", line 1369, in to
    return self._apply(convert)
           ^^^^^^^^^^^^^^^^^^^^
  File "/root/miniconda3/lib/python3.12/site-packages/torch/nn/modules/module.py", line 928, in _apply
    module._apply(fn)
  File "/root/miniconda3/lib/python3.12/site-packages/torch/nn/modules/module.py", line 928, in _apply
    module._apply(fn)
  File "/root/miniconda3/lib/python3.12/site-packages/torch/nn/modules/module.py", line 928, in _apply
    module._apply(fn)
  [Previous line repeated 4 more times]
  File "/root/miniconda3/lib/python3.12/site-packages/torch/nn/modules/module.py", line 955, in _apply
    param_applied = fn(param)
                    ^^^^^^^^^
  File "/root/miniconda3/lib/python3.12/site-packages/torch/nn/modules/module.py", line 1355, in convert
    return t.to(
           ^^^^^
torch.OutOfMemoryError: CUDA out of memory. Tried to allocate 112.00 MiB. GPU 0 has a total capacity of 94.97 GiB of which 80.75 MiB is free. Process 42789 has 81.50 GiB memory in use. Including non-PyTorch memory, this process has 13.38 GiB memory in use. Of the allocated memory 12.83 GiB is allocated by PyTorch, and 7.06 MiB is reserved by PyTorch but unallocated. If reserved but unallocated memory is large try setting PYTORCH_CUDA_ALLOC_CONF=expandable_segments:True to avoid fragmentation.  See documentation for Memory Management  (https://pytorch.org/docs/stable/notes/cuda.html#environment-variables)

[00:02:19] [GATE1]   baseline: FAILED (0h00m40s)
[00:02:19] [GATE1/pi] CMD: /root/miniconda3/bin/python /root/autodl-tmp/dfrope/hybrid-rope/2026-02-22/scripts/run_llama8b_fair_suite.py --method pi --run_name train_pi...
[00:02:38] [GATE1/pi] FAILED rc=1
[00:02:38] [GATE1/pi] ^^^^^^
  File "/root/miniconda3/lib/python3.12/site-packages/torch/nn/modules/module.py", line 1369, in to
    return self._apply(convert)
           ^^^^^^^^^^^^^^^^^^^^
  File "/root/miniconda3/lib/python3.12/site-packages/torch/nn/modules/module.py", line 928, in _apply
    module._apply(fn)
  File "/root/miniconda3/lib/python3.12/site-packages/torch/nn/modules/module.py", line 928, in _apply
    module._apply(fn)
  File "/root/miniconda3/lib/python3.12/site-packages/torch/nn/modules/module.py", line 928, in _apply
    module._apply(fn)
  [Previous line repeated 4 more times]
  File "/root/miniconda3/lib/python3.12/site-packages/torch/nn/modules/module.py", line 955, in _apply
    param_applied = fn(param)
                    ^^^^^^^^^
  File "/root/miniconda3/lib/python3.12/site-packages/torch/nn/modules/module.py", line 1355, in convert
    return t.to(
           ^^^^^
torch.OutOfMemoryError: CUDA out of memory. Tried to allocate 112.00 MiB. GPU 0 has a total capacity of 94.97 GiB of which 80.75 MiB is free. Process 42789 has 81.50 GiB memory in use. Including non-PyTorch memory, this process has 13.38 GiB memory in use. Of the allocated memory 12.83 GiB is allocated by PyTorch, and 7.06 MiB is reserved by PyTorch but unallocated. If reserved but unallocated memory is large try setting PYTORCH_CUDA_ALLOC_CONF=expandable_segments:True to avoid fragmentation.  See documentation for Memory Management  (https://pytorch.org/docs/stable/notes/cuda.html#environment-variables)

[00:02:38] [GATE1]   pi: FAILED (0h00m18s)
[00:02:38] [GATE1/yarn] CMD: /root/miniconda3/bin/python /root/autodl-tmp/dfrope/hybrid-rope/2026-02-22/scripts/run_llama8b_fair_suite.py --method yarn --run_name train_yarn...
[00:02:56] [GATE1/yarn] FAILED rc=1
[00:02:56] [GATE1/yarn] ^^^^^^
  File "/root/miniconda3/lib/python3.12/site-packages/torch/nn/modules/module.py", line 1369, in to
    return self._apply(convert)
           ^^^^^^^^^^^^^^^^^^^^
  File "/root/miniconda3/lib/python3.12/site-packages/torch/nn/modules/module.py", line 928, in _apply
    module._apply(fn)
  File "/root/miniconda3/lib/python3.12/site-packages/torch/nn/modules/module.py", line 928, in _apply
    module._apply(fn)
  File "/root/miniconda3/lib/python3.12/site-packages/torch/nn/modules/module.py", line 928, in _apply
    module._apply(fn)
  [Previous line repeated 4 more times]
  File "/root/miniconda3/lib/python3.12/site-packages/torch/nn/modules/module.py", line 955, in _apply
    param_applied = fn(param)
                    ^^^^^^^^^
  File "/root/miniconda3/lib/python3.12/site-packages/torch/nn/modules/module.py", line 1355, in convert
    return t.to(
           ^^^^^
torch.OutOfMemoryError: CUDA out of memory. Tried to allocate 112.00 MiB. GPU 0 has a total capacity of 94.97 GiB of which 80.75 MiB is free. Process 42789 has 81.50 GiB memory in use. Including non-PyTorch memory, this process has 13.38 GiB memory in use. Of the allocated memory 12.83 GiB is allocated by PyTorch, and 7.06 MiB is reserved by PyTorch but unallocated. If reserved but unallocated memory is large try setting PYTORCH_CUDA_ALLOC_CONF=expandable_segments:True to avoid fragmentation.  See documentation for Memory Management  (https://pytorch.org/docs/stable/notes/cuda.html#environment-variables)

[00:02:56] [GATE1]   yarn: FAILED (0h00m18s)
[00:02:56] [GATE1/anchored_hybrid] CMD: /root/miniconda3/bin/python /root/autodl-tmp/dfrope/hybrid-rope/2026-02-22/scripts/run_llama8b_fair_suite.py --method anchored_hybrid --run_name train_anchored_hybrid...
