[train:hybrid_basegeo500k_alpha0.2] n_seq=24,414 total_steps=382/382 micro_batch=64 grad_accum=1
[train:hybrid_basegeo500k_alpha0.2] step=1/382 loss=10.9519 lr=0.000e+00 tokens=131,072
[train:hybrid_basegeo500k_alpha0.2] step=20/382 loss=6.1225 lr=5.985e-04 tokens=131,072
[train:hybrid_basegeo500k_alpha0.2] step=40/382 loss=5.6849 lr=5.893e-04 tokens=131,072
[train:hybrid_basegeo500k_alpha0.2] step=60/382 loss=5.3282 lr=5.720e-04 tokens=131,072
[train:hybrid_basegeo500k_alpha0.2] step=80/382 loss=4.8745 lr=5.471e-04 tokens=131,072
[train:hybrid_basegeo500k_alpha0.2] step=100/382 loss=4.4826 lr=5.152e-04 tokens=131,072
[train:hybrid_basegeo500k_alpha0.2] step=120/382 loss=4.1284 lr=4.774e-04 tokens=131,072
[train:hybrid_basegeo500k_alpha0.2] step=140/382 loss=3.8830 lr=4.345e-04 tokens=131,072
[train:hybrid_basegeo500k_alpha0.2] step=160/382 loss=3.7773 lr=3.879e-04 tokens=131,072
[train:hybrid_basegeo500k_alpha0.2] step=180/382 loss=3.5685 lr=3.388e-04 tokens=131,072
[train:hybrid_basegeo500k_alpha0.2] step=200/382 loss=3.3862 lr=2.887e-04 tokens=131,072
[train:hybrid_basegeo500k_alpha0.2] step=220/382 loss=3.2695 lr=2.389e-04 tokens=131,072
[train:hybrid_basegeo500k_alpha0.2] step=240/382 loss=3.2092 lr=1.907e-04 tokens=131,072
[train:hybrid_basegeo500k_alpha0.2] step=260/382 loss=3.1429 lr=1.457e-04 tokens=131,072
[train:hybrid_basegeo500k_alpha0.2] step=280/382 loss=3.1205 lr=1.049e-04 tokens=131,072
[train:hybrid_basegeo500k_alpha0.2] step=300/382 loss=3.0281 lr=6.965e-05 tokens=131,072
[train:hybrid_basegeo500k_alpha0.2] step=320/382 loss=2.9645 lr=4.082e-05 tokens=131,072
[train:hybrid_basegeo500k_alpha0.2] step=340/382 loss=2.9399 lr=1.926e-05 tokens=131,072
[train:hybrid_basegeo500k_alpha0.2] step=360/382 loss=2.9579 lr=5.552e-06 tokens=131,072
[train:hybrid_basegeo500k_alpha0.2] step=380/382 loss=2.9129 lr=9.474e-08 tokens=131,072
[eval] L= 2048 PPL=18.041 ± 2.095
[eval] L=16384 PPL=26.552 ± 2.455
{
  "name": "hybrid_basegeo500k_alpha0.2",
  "ppl@16384": 26.552043667391956
}
