2026-02-21 12:34:19,149 | INFO | === Zero-shot Mechanistic Tensor Analysis START ===
2026-02-21 12:34:19,285 | INFO | Using CUDA with torch.bfloat16 as requested.
2026-02-21 12:34:19,285 | INFO | Running attempt with sample_count=1000
2026-02-21 12:34:19,287 | INFO | Attempt with sample_count=1000, L=131072, d=128, bins=100, dtype=torch.bfloat16, device=cuda
2026-02-21 12:34:19,585 | INFO | Applying Standard RoPE...
2026-02-21 12:34:19,625 | INFO | Computing Standard RoPE variance curve...
2026-02-21 12:34:19,999 | INFO | Processed 100 / 1000 queries (10.0%)
2026-02-21 12:34:20,191 | INFO | Processed 200 / 1000 queries (20.0%)
2026-02-21 12:34:20,291 | INFO | Processed 300 / 1000 queries (30.0%)
2026-02-21 12:34:20,368 | INFO | Processed 400 / 1000 queries (40.0%)
2026-02-21 12:34:20,444 | INFO | Processed 500 / 1000 queries (50.0%)
2026-02-21 12:34:20,521 | INFO | Processed 600 / 1000 queries (60.0%)
2026-02-21 12:34:20,599 | INFO | Processed 700 / 1000 queries (70.0%)
2026-02-21 12:34:20,675 | INFO | Processed 800 / 1000 queries (80.0%)
2026-02-21 12:34:20,753 | INFO | Processed 900 / 1000 queries (90.0%)
2026-02-21 12:34:20,830 | INFO | Processed 1000 / 1000 queries (100.0%)
2026-02-21 12:34:20,830 | INFO | Curve accumulation finished in 1.21s
2026-02-21 12:34:20,896 | INFO | Applying Analytic Sigmoid-RoPE...
2026-02-21 12:34:20,897 | INFO | Computing Analytic Sigmoid-RoPE variance curve...
2026-02-21 12:34:20,984 | INFO | Processed 100 / 1000 queries (10.0%)
2026-02-21 12:34:21,064 | INFO | Processed 200 / 1000 queries (20.0%)
2026-02-21 12:34:21,143 | INFO | Processed 300 / 1000 queries (30.0%)
2026-02-21 12:34:21,221 | INFO | Processed 400 / 1000 queries (40.0%)
2026-02-21 12:34:21,298 | INFO | Processed 500 / 1000 queries (50.0%)
2026-02-21 12:34:21,376 | INFO | Processed 600 / 1000 queries (60.0%)
2026-02-21 12:34:21,456 | INFO | Processed 700 / 1000 queries (70.0%)
2026-02-21 12:34:21,533 | INFO | Processed 800 / 1000 queries (80.0%)
2026-02-21 12:34:21,611 | INFO | Processed 900 / 1000 queries (90.0%)
2026-02-21 12:34:21,690 | INFO | Processed 1000 / 1000 queries (100.0%)
2026-02-21 12:34:21,690 | INFO | Curve accumulation finished in 0.79s
2026-02-21 12:34:22,350 | INFO | Attempt succeeded with sample_count=1000
2026-02-21 12:34:22,351 | INFO | Saved /root/autodl-tmp/dfrope/hybrid-rope/artifacts/neurips_zero_shot_mechanism/results.json
2026-02-21 12:34:22,351 | INFO | Saved /root/autodl-tmp/dfrope/hybrid-rope/artifacts/neurips_zero_shot_mechanism/phase_collision_comparison.pdf
2026-02-21 12:34:22,351 | INFO | Saved /root/autodl-tmp/dfrope/hybrid-rope/artifacts/neurips_zero_shot_mechanism/phase_collision_comparison.png
2026-02-21 12:34:22,351 | INFO | Total elapsed: 3.20s
2026-02-21 12:34:22,351 | INFO | === Zero-shot Mechanistic Tensor Analysis DONE ===
