[init] device=cuda  dtype=torch.bfloat16  autocast=True
Phase 11B: 125M L=256 (phase=scaling)
  Seeds: [42, 137, 256], Tokens: 100M
  Batch: 256 (micro=64×ga=4)

[1] Loading data...
  Loading from /root/autodl-tmp/evq_passkey_mix_10pct/train_fineweb-edu_100000000_2048.pt and re-chunking to 256...
  Re-chunked: torch.Size([48828, 2048]) -> torch.Size([390624, 256])
  Loading val from /root/autodl-tmp/evq_passkey_mix_10pct/val_fineweb-edu_5000000.pt
  Train: torch.Size([390624, 256]), Val: torch.Size([5000614])

######################################################################
  PHASE 1: 125M Scaling Law (Geo vs EVQ τ=2.0 vs EVQ τ=4.0)
######################################################################

======================================================================
  RUN: 125m_geo_seed42
  inv_freq: min=0.00000301 max=1.000000 hash=23123293cf50
======================================================================
  Model params: 151.9M
  Training: 100M tok, bs=256 (micro=64×ga=4), L=256, steps=1525, lr=0.0006
    step      1/1525 (  0.1%) | loss=10.9593 | lr=3.95e-06 | 0.07M tok/s | 1s
    step     38/1525 (  2.5%) | loss=7.7686 | lr=1.50e-04 | 0.11M tok/s | 23s
    step     76/1525 (  5.0%) | loss=6.7462 | lr=3.00e-04 | 0.11M tok/s | 45s
    step    114/1525 (  7.5%) | loss=6.2037 | lr=4.50e-04 | 0.11M tok/s | 67s
    step    152/1525 ( 10.0%) | loss=5.9561 | lr=6.00e-04 | 0.11M tok/s | 90s
    step    190/1525 ( 12.5%) | loss=5.6984 | lr=5.99e-04 | 0.11M tok/s | 112s
    step    228/1525 ( 15.0%) | loss=5.4460 | lr=5.97e-04 | 0.11M tok/s | 134s
    step    266/1525 ( 17.4%) | loss=5.2896 | lr=5.93e-04 | 0.11M tok/s | 157s
    step    304/1525 ( 19.9%) | loss=5.1598 | lr=5.87e-04 | 0.11M tok/s | 179s
    step    342/1525 ( 22.4%) | loss=5.0172 | lr=5.80e-04 | 0.11M tok/s | 202s
    step    380/1525 ( 24.9%) | loss=4.9083 | lr=5.71e-04 | 0.11M tok/s | 224s
    step    418/1525 ( 27.4%) | loss=4.8870 | lr=5.60e-04 | 0.11M tok/s | 246s
    step    456/1525 ( 29.9%) | loss=4.7462 | lr=5.49e-04 | 0.11M tok/s | 269s
    step    494/1525 ( 32.4%) | loss=4.7633 | lr=5.36e-04 | 0.11M tok/s | 291s
    step    532/1525 ( 34.9%) | loss=4.6858 | lr=5.21e-04 | 0.11M tok/s | 313s
    step    570/1525 ( 37.4%) | loss=4.6341 | lr=5.06e-04 | 0.11M tok/s | 336s
    step    608/1525 ( 39.9%) | loss=4.5676 | lr=4.89e-04 | 0.11M tok/s | 358s
    step    646/1525 ( 42.4%) | loss=4.5085 | lr=4.72e-04 | 0.11M tok/s | 381s
    step    684/1525 ( 44.9%) | loss=4.4955 | lr=4.53e-04 | 0.11M tok/s | 403s
    step    722/1525 ( 47.3%) | loss=4.4235 | lr=4.34e-04 | 0.11M tok/s | 425s
    step    760/1525 ( 49.8%) | loss=4.4223 | lr=4.14e-04 | 0.11M tok/s | 448s
    step    798/1525 ( 52.3%) | loss=4.4001 | lr=3.94e-04 | 0.11M tok/s | 470s
    step    836/1525 ( 54.8%) | loss=4.3353 | lr=3.73e-04 | 0.11M tok/s | 493s
    step    874/1525 ( 57.3%) | loss=4.2750 | lr=3.53e-04 | 0.11M tok/s | 515s
    step    912/1525 ( 59.8%) | loss=4.2585 | lr=3.31e-04 | 0.11M tok/s | 537s
    step    950/1525 ( 62.3%) | loss=4.2074 | lr=3.10e-04 | 0.11M tok/s | 560s
    step    988/1525 ( 64.8%) | loss=4.2027 | lr=2.89e-04 | 0.11M tok/s | 582s
    step   1026/1525 ( 67.3%) | loss=4.2733 | lr=2.69e-04 | 0.11M tok/s | 605s
    step   1064/1525 ( 69.8%) | loss=4.1954 | lr=2.48e-04 | 0.11M tok/s | 627s
    step   1102/1525 ( 72.3%) | loss=4.1788 | lr=2.28e-04 | 0.11M tok/s | 649s
    step   1140/1525 ( 74.8%) | loss=4.1556 | lr=2.09e-04 | 0.11M tok/s | 672s
    step   1178/1525 ( 77.2%) | loss=4.1345 | lr=1.91e-04 | 0.11M tok/s | 694s
    step   1216/1525 ( 79.7%) | loss=4.0670 | lr=1.73e-04 | 0.11M tok/s | 717s
    step   1254/1525 ( 82.2%) | loss=4.0670 | lr=1.56e-04 | 0.11M tok/s | 739s
    step   1292/1525 ( 84.7%) | loss=4.0569 | lr=1.41e-04 | 0.11M tok/s | 761s
    step   1330/1525 ( 87.2%) | loss=4.0546 | lr=1.26e-04 | 0.11M tok/s | 784s
    step   1368/1525 ( 89.7%) | loss=4.0472 | lr=1.13e-04 | 0.11M tok/s | 806s
    step   1406/1525 ( 92.2%) | loss=4.0234 | lr=1.01e-04 | 0.11M tok/s | 829s
    step   1444/1525 ( 94.7%) | loss=4.0845 | lr=9.05e-05 | 0.11M tok/s | 851s
    step   1482/1525 ( 97.2%) | loss=4.0819 | lr=8.15e-05 | 0.11M tok/s | 873s
    step   1520/1525 ( 99.7%) | loss=4.0011 | lr=7.40e-05 | 0.11M tok/s | 896s
  Training done in 899s (15.0min)

  Evaluating PPL...
    L=  256: PPL=72.19  (8 chunks)
    L=  512: PPL=57.48  (8 chunks)
    L= 1024: PPL=112.17  (8 chunks)
    L= 2048: PPL=212.36  (8 chunks)
    L= 4096: PPL=272.37  (8 chunks)
    L= 8192: PPL=371.60  (8 chunks)

======================================================================
  RUN: 125m_geo_seed137
  inv_freq: min=0.00000301 max=1.000000 hash=23123293cf50
======================================================================
  Model params: 151.9M
  Training: 100M tok, bs=256 (micro=64×ga=4), L=256, steps=1525, lr=0.0006
    step      1/1525 (  0.1%) | loss=10.9916 | lr=3.95e-06 | 0.11M tok/s | 1s
    step     38/1525 (  2.5%) | loss=7.7742 | lr=1.50e-04 | 0.11M tok/s | 22s
    step     76/1525 (  5.0%) | loss=6.7182 | lr=3.00e-04 | 0.11M tok/s | 45s
    step    114/1525 (  7.5%) | loss=6.2796 | lr=4.50e-04 | 0.11M tok/s | 67s
    step    152/1525 ( 10.0%) | loss=5.9434 | lr=6.00e-04 | 0.11M tok/s | 90s
    step    190/1525 ( 12.5%) | loss=5.6621 | lr=5.99e-04 | 0.11M tok/s | 112s
    step    228/1525 ( 15.0%) | loss=5.4941 | lr=5.97e-04 | 0.11M tok/s | 134s
    step    266/1525 ( 17.4%) | loss=5.2951 | lr=5.93e-04 | 0.11M tok/s | 157s
    step    304/1525 ( 19.9%) | loss=5.1343 | lr=5.87e-04 | 0.11M tok/s | 179s
    step    342/1525 ( 22.4%) | loss=5.0544 | lr=5.80e-04 | 0.11M tok/s | 202s
    step    380/1525 ( 24.9%) | loss=4.9477 | lr=5.71e-04 | 0.11M tok/s | 224s
    step    418/1525 ( 27.4%) | loss=4.8473 | lr=5.60e-04 | 0.11M tok/s | 246s
    step    456/1525 ( 29.9%) | loss=4.7780 | lr=5.49e-04 | 0.11M tok/s | 269s
    step    494/1525 ( 32.4%) | loss=4.6895 | lr=5.36e-04 | 0.11M tok/s | 291s
    step    532/1525 ( 34.9%) | loss=4.7187 | lr=5.21e-04 | 0.11M tok/s | 313s
    step    570/1525 ( 37.4%) | loss=4.6139 | lr=5.06e-04 | 0.11M tok/s | 336s
    step    608/1525 ( 39.9%) | loss=4.5386 | lr=4.89e-04 | 0.11M tok/s | 358s
    step    646/1525 ( 42.4%) | loss=4.4714 | lr=4.72e-04 | 0.11M tok/s | 381s
    step    684/1525 ( 44.9%) | loss=4.4366 | lr=4.53e-04 | 0.11M tok/s | 403s
    step    722/1525 ( 47.3%) | loss=4.3948 | lr=4.34e-04 | 0.11M tok/s | 425s
    step    760/1525 ( 49.8%) | loss=4.3999 | lr=4.14e-04 | 0.11M tok/s | 448s
    step    798/1525 ( 52.3%) | loss=4.3710 | lr=3.94e-04 | 0.11M tok/s | 470s
    step    836/1525 ( 54.8%) | loss=4.3455 | lr=3.73e-04 | 0.11M tok/s | 493s
    step    874/1525 ( 57.3%) | loss=4.3188 | lr=3.53e-04 | 0.11M tok/s | 515s
    step    912/1525 ( 59.8%) | loss=4.3088 | lr=3.31e-04 | 0.11M tok/s | 537s
    step    950/1525 ( 62.3%) | loss=4.1971 | lr=3.10e-04 | 0.11M tok/s | 560s
    step    988/1525 ( 64.8%) | loss=4.2281 | lr=2.89e-04 | 0.11M tok/s | 582s
    step   1026/1525 ( 67.3%) | loss=4.1790 | lr=2.69e-04 | 0.11M tok/s | 605s
    step   1064/1525 ( 69.8%) | loss=4.1744 | lr=2.48e-04 | 0.11M tok/s | 627s
    step   1102/1525 ( 72.3%) | loss=4.1387 | lr=2.28e-04 | 0.11M tok/s | 649s
    step   1140/1525 ( 74.8%) | loss=4.1394 | lr=2.09e-04 | 0.11M tok/s | 672s
    step   1178/1525 ( 77.2%) | loss=4.1331 | lr=1.91e-04 | 0.11M tok/s | 694s
    step   1216/1525 ( 79.7%) | loss=4.0810 | lr=1.73e-04 | 0.11M tok/s | 717s
    step   1254/1525 ( 82.2%) | loss=4.0320 | lr=1.56e-04 | 0.11M tok/s | 739s
    step   1292/1525 ( 84.7%) | loss=4.0811 | lr=1.41e-04 | 0.11M tok/s | 761s
    step   1330/1525 ( 87.2%) | loss=4.0317 | lr=1.26e-04 | 0.11M tok/s | 784s
    step   1368/1525 ( 89.7%) | loss=4.0649 | lr=1.13e-04 | 0.11M tok/s | 806s
    step   1406/1525 ( 92.2%) | loss=4.0567 | lr=1.01e-04 | 0.11M tok/s | 829s
    step   1444/1525 ( 94.7%) | loss=4.0106 | lr=9.05e-05 | 0.11M tok/s | 851s
    step   1482/1525 ( 97.2%) | loss=4.0193 | lr=8.15e-05 | 0.11M tok/s | 873s
    step   1520/1525 ( 99.7%) | loss=4.0068 | lr=7.40e-05 | 0.11M tok/s | 896s
  Training done in 899s (15.0min)

  Evaluating PPL...
    L=  256: PPL=72.79  (8 chunks)
    L=  512: PPL=56.04  (8 chunks)
    L= 1024: PPL=110.69  (8 chunks)
    L= 2048: PPL=207.33  (8 chunks)
    L= 4096: PPL=251.99  (8 chunks)
    L= 8192: PPL=336.84  (8 chunks)

======================================================================
  RUN: 125m_geo_seed256
  inv_freq: min=0.00000301 max=1.000000 hash=23123293cf50
======================================================================
  Model params: 151.9M
  Training: 100M tok, bs=256 (micro=64×ga=4), L=256, steps=1525, lr=0.0006
    step      1/1525 (  0.1%) | loss=10.9903 | lr=3.95e-06 | 0.11M tok/s | 1s
    step     38/1525 (  2.5%) | loss=7.8066 | lr=1.50e-04 | 0.11M tok/s | 22s
    step     76/1525 (  5.0%) | loss=6.7563 | lr=3.00e-04 | 0.11M tok/s | 45s
    step    114/1525 (  7.5%) | loss=6.2759 | lr=4.50e-04 | 0.11M tok/s | 67s
    step    152/1525 ( 10.0%) | loss=6.0236 | lr=6.00e-04 | 0.11M tok/s | 90s
    step    190/1525 ( 12.5%) | loss=5.7001 | lr=5.99e-04 | 0.11M tok/s | 112s
    step    228/1525 ( 15.0%) | loss=5.4870 | lr=5.97e-04 | 0.11M tok/s | 134s
    step    266/1525 ( 17.4%) | loss=5.2643 | lr=5.93e-04 | 0.11M tok/s | 157s
    step    304/1525 ( 19.9%) | loss=5.1089 | lr=5.87e-04 | 0.11M tok/s | 179s
    step    342/1525 ( 22.4%) | loss=5.0036 | lr=5.80e-04 | 0.11M tok/s | 202s
    step    380/1525 ( 24.9%) | loss=4.9696 | lr=5.71e-04 | 0.11M tok/s | 224s
    step    418/1525 ( 27.4%) | loss=4.8255 | lr=5.60e-04 | 0.11M tok/s | 246s
    step    456/1525 ( 29.9%) | loss=4.8105 | lr=5.49e-04 | 0.11M tok/s | 269s
    step    494/1525 ( 32.4%) | loss=4.7184 | lr=5.36e-04 | 0.11M tok/s | 291s
    step    532/1525 ( 34.9%) | loss=4.6604 | lr=5.21e-04 | 0.11M tok/s | 314s
    step    570/1525 ( 37.4%) | loss=4.6244 | lr=5.06e-04 | 0.11M tok/s | 336s
    step    608/1525 ( 39.9%) | loss=4.5284 | lr=4.89e-04 | 0.11M tok/s | 358s
    step    646/1525 ( 42.4%) | loss=4.4785 | lr=4.72e-04 | 0.11M tok/s | 381s
    step    684/1525 ( 44.9%) | loss=4.4688 | lr=4.53e-04 | 0.11M tok/s | 403s
    step    722/1525 ( 47.3%) | loss=4.4408 | lr=4.34e-04 | 0.11M tok/s | 426s
    step    760/1525 ( 49.8%) | loss=4.4415 | lr=4.14e-04 | 0.11M tok/s | 448s
    step    798/1525 ( 52.3%) | loss=4.3412 | lr=3.94e-04 | 0.11M tok/s | 470s
    step    836/1525 ( 54.8%) | loss=4.3654 | lr=3.73e-04 | 0.11M tok/s | 493s
    step    874/1525 ( 57.3%) | loss=4.3467 | lr=3.53e-04 | 0.11M tok/s | 515s
    step    912/1525 ( 59.8%) | loss=4.2660 | lr=3.31e-04 | 0.11M tok/s | 538s
    step    950/1525 ( 62.3%) | loss=4.2324 | lr=3.10e-04 | 0.11M tok/s | 560s
    step    988/1525 ( 64.8%) | loss=4.2038 | lr=2.89e-04 | 0.11M tok/s | 582s
    step   1026/1525 ( 67.3%) | loss=4.2328 | lr=2.69e-04 | 0.11M tok/s | 605s
    step   1064/1525 ( 69.8%) | loss=4.1484 | lr=2.48e-04 | 0.11M tok/s | 627s
    step   1102/1525 ( 72.3%) | loss=4.2098 | lr=2.28e-04 | 0.11M tok/s | 649s
    step   1140/1525 ( 74.8%) | loss=4.1374 | lr=2.09e-04 | 0.11M tok/s | 672s
    step   1178/1525 ( 77.2%) | loss=4.0788 | lr=1.91e-04 | 0.11M tok/s | 694s
    step   1216/1525 ( 79.7%) | loss=4.1135 | lr=1.73e-04 | 0.11M tok/s | 717s
    step   1254/1525 ( 82.2%) | loss=4.1101 | lr=1.56e-04 | 0.11M tok/s | 739s
    step   1292/1525 ( 84.7%) | loss=4.0739 | lr=1.41e-04 | 0.11M tok/s | 761s
    step   1330/1525 ( 87.2%) | loss=4.0366 | lr=1.26e-04 | 0.11M tok/s | 784s
    step   1368/1525 ( 89.7%) | loss=4.0955 | lr=1.13e-04 | 0.11M tok/s | 806s
    step   1406/1525 ( 92.2%) | loss=4.0011 | lr=1.01e-04 | 0.11M tok/s | 829s
    step   1444/1525 ( 94.7%) | loss=3.9964 | lr=9.05e-05 | 0.11M tok/s | 851s
    step   1482/1525 ( 97.2%) | loss=4.0060 | lr=8.15e-05 | 0.11M tok/s | 873s
    step   1520/1525 ( 99.7%) | loss=4.0391 | lr=7.40e-05 | 0.11M tok/s | 896s
  Training done in 899s (15.0min)

  Evaluating PPL...
    L=  256: PPL=71.20  (8 chunks)
    L=  512: PPL=55.69  (8 chunks)
    L= 1024: PPL=111.57  (8 chunks)
    L= 2048: PPL=208.41  (8 chunks)
    L= 4096: PPL=255.44  (8 chunks)
    L= 8192: PPL=349.64  (8 chunks)

======================================================================
  RUN: 125m_evq2.0_seed42
  inv_freq: min=0.00000290 max=0.905240 hash=8cb894ddc2e5
======================================================================
  Model params: 151.9M
  Training: 100M tok, bs=256 (micro=64×ga=4), L=256, steps=1525, lr=0.0006
    step      1/1525 (  0.1%) | loss=10.9596 | lr=3.95e-06 | 0.11M tok/s | 1s
    step     38/1525 (  2.5%) | loss=7.7706 | lr=1.50e-04 | 0.11M tok/s | 22s
    step     76/1525 (  5.0%) | loss=6.7443 | lr=3.00e-04 | 0.11M tok/s | 45s
    step    114/1525 (  7.5%) | loss=6.2084 | lr=4.50e-04 | 0.11M tok/s | 67s
    step    152/1525 ( 10.0%) | loss=5.9547 | lr=6.00e-04 | 0.11M tok/s | 90s
    step    190/1525 ( 12.5%) | loss=5.6939 | lr=5.99e-04 | 0.11M tok/s | 112s
    step    228/1525 ( 15.0%) | loss=5.4519 | lr=5.97e-04 | 0.11M tok/s | 134s
    step    266/1525 ( 17.4%) | loss=5.2810 | lr=5.93e-04 | 0.11M tok/s | 157s
    step    304/1525 ( 19.9%) | loss=5.1531 | lr=5.87e-04 | 0.11M tok/s | 179s
    step    342/1525 ( 22.4%) | loss=5.0038 | lr=5.80e-04 | 0.11M tok/s | 201s
    step    380/1525 ( 24.9%) | loss=4.9019 | lr=5.71e-04 | 0.11M tok/s | 224s
    step    418/1525 ( 27.4%) | loss=4.8797 | lr=5.60e-04 | 0.11M tok/s | 246s
    step    456/1525 ( 29.9%) | loss=4.7426 | lr=5.49e-04 | 0.11M tok/s | 269s
    step    494/1525 ( 32.4%) | loss=4.7618 | lr=5.36e-04 | 0.11M tok/s | 291s
    step    532/1525 ( 34.9%) | loss=4.6867 | lr=5.21e-04 | 0.11M tok/s | 313s
    step    570/1525 ( 37.4%) | loss=4.6428 | lr=5.06e-04 | 0.11M tok/s | 336s
    step    608/1525 ( 39.9%) | loss=4.5788 | lr=4.89e-04 | 0.11M tok/s | 358s
    step    646/1525 ( 42.4%) | loss=4.5201 | lr=4.72e-04 | 0.11M tok/s | 381s
    step    684/1525 ( 44.9%) | loss=4.5073 | lr=4.53e-04 | 0.11M tok/s | 403s
    step    722/1525 ( 47.3%) | loss=4.4311 | lr=4.34e-04 | 0.11M tok/s | 425s
    step    760/1525 ( 49.8%) | loss=4.4313 | lr=4.14e-04 | 0.11M tok/s | 448s
    step    798/1525 ( 52.3%) | loss=4.4120 | lr=3.94e-04 | 0.11M tok/s | 470s
    step    836/1525 ( 54.8%) | loss=4.3373 | lr=3.73e-04 | 0.11M tok/s | 493s
    step    874/1525 ( 57.3%) | loss=4.2814 | lr=3.53e-04 | 0.11M tok/s | 515s
    step    912/1525 ( 59.8%) | loss=4.2635 | lr=3.31e-04 | 0.11M tok/s | 537s
    step    950/1525 ( 62.3%) | loss=4.2142 | lr=3.10e-04 | 0.11M tok/s | 560s
    step    988/1525 ( 64.8%) | loss=4.2027 | lr=2.89e-04 | 0.11M tok/s | 582s
    step   1026/1525 ( 67.3%) | loss=4.2750 | lr=2.69e-04 | 0.11M tok/s | 605s
    step   1064/1525 ( 69.8%) | loss=4.1979 | lr=2.48e-04 | 0.11M tok/s | 627s
    step   1102/1525 ( 72.3%) | loss=4.1825 | lr=2.28e-04 | 0.11M tok/s | 649s
    step   1140/1525 ( 74.8%) | loss=4.1547 | lr=2.09e-04 | 0.11M tok/s | 672s
    step   1178/1525 ( 77.2%) | loss=4.1368 | lr=1.91e-04 | 0.11M tok/s | 694s
    step   1216/1525 ( 79.7%) | loss=4.0686 | lr=1.73e-04 | 0.11M tok/s | 717s
    step   1254/1525 ( 82.2%) | loss=4.0669 | lr=1.56e-04 | 0.11M tok/s | 739s
    step   1292/1525 ( 84.7%) | loss=4.0585 | lr=1.41e-04 | 0.11M tok/s | 761s
    step   1330/1525 ( 87.2%) | loss=4.0615 | lr=1.26e-04 | 0.11M tok/s | 784s
    step   1368/1525 ( 89.7%) | loss=4.0539 | lr=1.13e-04 | 0.11M tok/s | 806s
    step   1406/1525 ( 92.2%) | loss=4.0269 | lr=1.01e-04 | 0.11M tok/s | 829s
    step   1444/1525 ( 94.7%) | loss=4.0862 | lr=9.05e-05 | 0.11M tok/s | 851s
    step   1482/1525 ( 97.2%) | loss=4.0813 | lr=8.15e-05 | 0.11M tok/s | 874s
    step   1520/1525 ( 99.7%) | loss=4.0019 | lr=7.40e-05 | 0.11M tok/s | 896s
  Training done in 899s (15.0min)

  Evaluating PPL...
    L=  256: PPL=73.87  (8 chunks)
    L=  512: PPL=50.82  (8 chunks)
    L= 1024: PPL=95.55  (8 chunks)
    L= 2048: PPL=178.22  (8 chunks)
    L= 4096: PPL=219.72  (8 chunks)
    L= 8192: PPL=316.28  (8 chunks)

======================================================================
  RUN: 125m_evq2.0_seed137
  inv_freq: min=0.00000290 max=0.905240 hash=8cb894ddc2e5
======================================================================
  Model params: 151.9M
  Training: 100M tok, bs=256 (micro=64×ga=4), L=256, steps=1525, lr=0.0006
    step      1/1525 (  0.1%) | loss=10.9915 | lr=3.95e-06 | 0.11M tok/s | 1s
    step     38/1525 (  2.5%) | loss=7.7735 | lr=1.50e-04 | 0.11M tok/s | 22s
    step     76/1525 (  5.0%) | loss=6.6880 | lr=3.00e-04 | 0.11M tok/s | 45s
    step    114/1525 (  7.5%) | loss=6.2521 | lr=4.50e-04 | 0.11M tok/s | 67s
    step    152/1525 ( 10.0%) | loss=5.9425 | lr=6.00e-04 | 0.11M tok/s | 90s
    step    190/1525 ( 12.5%) | loss=5.6519 | lr=5.99e-04 | 0.11M tok/s | 112s
    step    228/1525 ( 15.0%) | loss=5.4980 | lr=5.97e-04 | 0.11M tok/s | 135s
    step    266/1525 ( 17.4%) | loss=5.2728 | lr=5.93e-04 | 0.11M tok/s | 157s
    step    304/1525 ( 19.9%) | loss=5.1254 | lr=5.87e-04 | 0.11M tok/s | 179s
    step    342/1525 ( 22.4%) | loss=5.0414 | lr=5.80e-04 | 0.11M tok/s | 202s
    step    380/1525 ( 24.9%) | loss=4.9367 | lr=5.71e-04 | 0.11M tok/s | 224s
    step    418/1525 ( 27.4%) | loss=4.8356 | lr=5.60e-04 | 0.11M tok/s | 247s
    step    456/1525 ( 29.9%) | loss=4.7694 | lr=5.49e-04 | 0.11M tok/s | 269s
    step    494/1525 ( 32.4%) | loss=4.6834 | lr=5.36e-04 | 0.11M tok/s | 292s
    step    532/1525 ( 34.9%) | loss=4.7161 | lr=5.21e-04 | 0.11M tok/s | 314s
    step    570/1525 ( 37.4%) | loss=4.6095 | lr=5.06e-04 | 0.11M tok/s | 336s
    step    608/1525 ( 39.9%) | loss=4.5339 | lr=4.89e-04 | 0.11M tok/s | 359s
    step    646/1525 ( 42.4%) | loss=4.4686 | lr=4.72e-04 | 0.11M tok/s | 381s
    step    684/1525 ( 44.9%) | loss=4.4340 | lr=4.53e-04 | 0.11M tok/s | 404s
    step    722/1525 ( 47.3%) | loss=4.3879 | lr=4.34e-04 | 0.11M tok/s | 426s
    step    760/1525 ( 49.8%) | loss=4.3927 | lr=4.14e-04 | 0.11M tok/s | 448s
    step    798/1525 ( 52.3%) | loss=4.3677 | lr=3.94e-04 | 0.11M tok/s | 471s
    step    836/1525 ( 54.8%) | loss=4.3429 | lr=3.73e-04 | 0.11M tok/s | 493s
    step    874/1525 ( 57.3%) | loss=4.3253 | lr=3.53e-04 | 0.11M tok/s | 515s
    step    912/1525 ( 59.8%) | loss=4.3058 | lr=3.31e-04 | 0.11M tok/s | 538s
    step    950/1525 ( 62.3%) | loss=4.1934 | lr=3.10e-04 | 0.11M tok/s | 560s
    step    988/1525 ( 64.8%) | loss=4.2258 | lr=2.89e-04 | 0.11M tok/s | 583s
    step   1026/1525 ( 67.3%) | loss=4.1767 | lr=2.69e-04 | 0.11M tok/s | 605s
    step   1064/1525 ( 69.8%) | loss=4.1737 | lr=2.48e-04 | 0.11M tok/s | 628s
    step   1102/1525 ( 72.3%) | loss=4.1340 | lr=2.28e-04 | 0.11M tok/s | 650s
    step   1140/1525 ( 74.8%) | loss=4.1371 | lr=2.09e-04 | 0.11M tok/s | 672s
    step   1178/1525 ( 77.2%) | loss=4.1285 | lr=1.91e-04 | 0.11M tok/s | 695s
    step   1216/1525 ( 79.7%) | loss=4.0760 | lr=1.73e-04 | 0.11M tok/s | 717s
    step   1254/1525 ( 82.2%) | loss=4.0312 | lr=1.56e-04 | 0.11M tok/s | 740s
    step   1292/1525 ( 84.7%) | loss=4.0780 | lr=1.41e-04 | 0.11M tok/s | 762s
    step   1330/1525 ( 87.2%) | loss=4.0311 | lr=1.26e-04 | 0.11M tok/s | 784s
    step   1368/1525 ( 89.7%) | loss=4.0656 | lr=1.13e-04 | 0.11M tok/s | 807s
    step   1406/1525 ( 92.2%) | loss=4.0571 | lr=1.01e-04 | 0.11M tok/s | 829s
    step   1444/1525 ( 94.7%) | loss=4.0050 | lr=9.05e-05 | 0.11M tok/s | 852s
    step   1482/1525 ( 97.2%) | loss=4.0198 | lr=8.15e-05 | 0.11M tok/s | 874s
    step   1520/1525 ( 99.7%) | loss=4.0099 | lr=7.40e-05 | 0.11M tok/s | 897s
  Training done in 900s (15.0min)

  Evaluating PPL...
    L=  256: PPL=72.66  (8 chunks)
    L=  512: PPL=51.31  (8 chunks)
    L= 1024: PPL=95.41  (8 chunks)
    L= 2048: PPL=175.66  (8 chunks)
    L= 4096: PPL=223.11  (8 chunks)
    L= 8192: PPL=311.09  (8 chunks)

======================================================================
  RUN: 125m_evq2.0_seed256
  inv_freq: min=0.00000290 max=0.905240 hash=8cb894ddc2e5
======================================================================
  Model params: 151.9M
  Training: 100M tok, bs=256 (micro=64×ga=4), L=256, steps=1525, lr=0.0006
    step      1/1525 (  0.1%) | loss=10.9907 | lr=3.95e-06 | 0.11M tok/s | 1s
    step     38/1525 (  2.5%) | loss=7.8066 | lr=1.50e-04 | 0.11M tok/s | 22s
    step     76/1525 (  5.0%) | loss=6.7435 | lr=3.00e-04 | 0.11M tok/s | 45s
    step    114/1525 (  7.5%) | loss=6.2677 | lr=4.50e-04 | 0.11M tok/s | 67s
    step    152/1525 ( 10.0%) | loss=5.9719 | lr=6.00e-04 | 0.11M tok/s | 90s
    step    190/1525 ( 12.5%) | loss=5.6920 | lr=5.99e-04 | 0.11M tok/s | 112s
    step    228/1525 ( 15.0%) | loss=5.4766 | lr=5.97e-04 | 0.11M tok/s | 135s
    step    266/1525 ( 17.4%) | loss=5.2609 | lr=5.93e-04 | 0.11M tok/s | 157s
    step    304/1525 ( 19.9%) | loss=5.1059 | lr=5.87e-04 | 0.11M tok/s | 179s
    step    342/1525 ( 22.4%) | loss=5.0169 | lr=5.80e-04 | 0.11M tok/s | 202s
    step    380/1525 ( 24.9%) | loss=4.9728 | lr=5.71e-04 | 0.11M tok/s | 224s
    step    418/1525 ( 27.4%) | loss=4.8320 | lr=5.60e-04 | 0.11M tok/s | 247s
    step    456/1525 ( 29.9%) | loss=4.8124 | lr=5.49e-04 | 0.11M tok/s | 269s
    step    494/1525 ( 32.4%) | loss=4.7219 | lr=5.36e-04 | 0.11M tok/s | 291s
    step    532/1525 ( 34.9%) | loss=4.6669 | lr=5.21e-04 | 0.11M tok/s | 314s
    step    570/1525 ( 37.4%) | loss=4.6296 | lr=5.06e-04 | 0.11M tok/s | 336s
    step    608/1525 ( 39.9%) | loss=4.5384 | lr=4.89e-04 | 0.11M tok/s | 359s
    step    646/1525 ( 42.4%) | loss=4.4898 | lr=4.72e-04 | 0.11M tok/s | 381s
    step    684/1525 ( 44.9%) | loss=4.4792 | lr=4.53e-04 | 0.11M tok/s | 403s
    step    722/1525 ( 47.3%) | loss=4.4583 | lr=4.34e-04 | 0.11M tok/s | 426s
    step    760/1525 ( 49.8%) | loss=4.4558 | lr=4.14e-04 | 0.11M tok/s | 448s
    step    798/1525 ( 52.3%) | loss=4.3519 | lr=3.94e-04 | 0.11M tok/s | 471s
    step    836/1525 ( 54.8%) | loss=4.3720 | lr=3.73e-04 | 0.11M tok/s | 493s
    step    874/1525 ( 57.3%) | loss=4.3526 | lr=3.53e-04 | 0.11M tok/s | 516s
    step    912/1525 ( 59.8%) | loss=4.2744 | lr=3.31e-04 | 0.11M tok/s | 538s
    step    950/1525 ( 62.3%) | loss=4.2401 | lr=3.10e-04 | 0.11M tok/s | 561s
    step    988/1525 ( 64.8%) | loss=4.2136 | lr=2.89e-04 | 0.11M tok/s | 583s
    step   1026/1525 ( 67.3%) | loss=4.2368 | lr=2.69e-04 | 0.11M tok/s | 605s
    step   1064/1525 ( 69.8%) | loss=4.1545 | lr=2.48e-04 | 0.11M tok/s | 628s
    step   1102/1525 ( 72.3%) | loss=4.2221 | lr=2.28e-04 | 0.11M tok/s | 650s
    step   1140/1525 ( 74.8%) | loss=4.1513 | lr=2.09e-04 | 0.11M tok/s | 673s
    step   1178/1525 ( 77.2%) | loss=4.0844 | lr=1.91e-04 | 0.11M tok/s | 695s
    step   1216/1525 ( 79.7%) | loss=4.1182 | lr=1.73e-04 | 0.11M tok/s | 717s
    step   1254/1525 ( 82.2%) | loss=4.1144 | lr=1.56e-04 | 0.11M tok/s | 740s
    step   1292/1525 ( 84.7%) | loss=4.0758 | lr=1.41e-04 | 0.11M tok/s | 762s
    step   1330/1525 ( 87.2%) | loss=4.0432 | lr=1.26e-04 | 0.11M tok/s | 785s
    step   1368/1525 ( 89.7%) | loss=4.0988 | lr=1.13e-04 | 0.11M tok/s | 807s
    step   1406/1525 ( 92.2%) | loss=4.0060 | lr=1.01e-04 | 0.11M tok/s | 830s
    step   1444/1525 ( 94.7%) | loss=4.0037 | lr=9.05e-05 | 0.11M tok/s | 852s
    step   1482/1525 ( 97.2%) | loss=4.0137 | lr=8.15e-05 | 0.11M tok/s | 875s
    step   1520/1525 ( 99.7%) | loss=4.0449 | lr=7.40e-05 | 0.11M tok/s | 897s
  Training done in 900s (15.0min)

  Evaluating PPL...
    L=  256: PPL=73.75  (8 chunks)
    L=  512: PPL=49.49  (8 chunks)
    L= 1024: PPL=84.15  (8 chunks)
    L= 2048: PPL=155.35  (8 chunks)
    L= 4096: PPL=187.88  (8 chunks)
    L= 8192: PPL=285.23  (8 chunks)

======================================================================
  RUN: 125m_evq4.0_seed42
  inv_freq: min=0.00000779 max=0.949681 hash=78ebc7bc32db
======================================================================
  Model params: 151.9M
  Training: 100M tok, bs=256 (micro=64×ga=4), L=256, steps=1525, lr=0.0006
    step      1/1525 (  0.1%) | loss=10.9594 | lr=3.95e-06 | 0.11M tok/s | 1s
    step     38/1525 (  2.5%) | loss=7.7771 | lr=1.50e-04 | 0.11M tok/s | 22s
    step     76/1525 (  5.0%) | loss=6.7450 | lr=3.00e-04 | 0.11M tok/s | 45s
    step    114/1525 (  7.5%) | loss=6.2147 | lr=4.50e-04 | 0.11M tok/s | 67s
    step    152/1525 ( 10.0%) | loss=5.9444 | lr=6.00e-04 | 0.11M tok/s | 90s
    step    190/1525 ( 12.5%) | loss=5.6772 | lr=5.99e-04 | 0.11M tok/s | 112s
    step    228/1525 ( 15.0%) | loss=5.4336 | lr=5.97e-04 | 0.11M tok/s | 135s
    step    266/1525 ( 17.4%) | loss=5.2805 | lr=5.93e-04 | 0.11M tok/s | 157s
    step    304/1525 ( 19.9%) | loss=5.1481 | lr=5.87e-04 | 0.11M tok/s | 179s
    step    342/1525 ( 22.4%) | loss=5.0078 | lr=5.80e-04 | 0.11M tok/s | 202s
    step    380/1525 ( 24.9%) | loss=4.9078 | lr=5.71e-04 | 0.11M tok/s | 224s
    step    418/1525 ( 27.4%) | loss=4.8833 | lr=5.60e-04 | 0.11M tok/s | 247s
    step    456/1525 ( 29.9%) | loss=4.7486 | lr=5.49e-04 | 0.11M tok/s | 269s
    step    494/1525 ( 32.4%) | loss=4.7719 | lr=5.36e-04 | 0.11M tok/s | 291s
    step    532/1525 ( 34.9%) | loss=4.6996 | lr=5.21e-04 | 0.11M tok/s | 314s
    step    570/1525 ( 37.4%) | loss=4.6538 | lr=5.06e-04 | 0.11M tok/s | 336s
    step    608/1525 ( 39.9%) | loss=4.5927 | lr=4.89e-04 | 0.11M tok/s | 359s
    step    646/1525 ( 42.4%) | loss=4.5424 | lr=4.72e-04 | 0.11M tok/s | 381s
    step    684/1525 ( 44.9%) | loss=4.5289 | lr=4.53e-04 | 0.11M tok/s | 404s
    step    722/1525 ( 47.3%) | loss=4.4522 | lr=4.34e-04 | 0.11M tok/s | 426s
    step    760/1525 ( 49.8%) | loss=4.4477 | lr=4.14e-04 | 0.11M tok/s | 448s
    step    798/1525 ( 52.3%) | loss=4.4326 | lr=3.94e-04 | 0.11M tok/s | 471s
    step    836/1525 ( 54.8%) | loss=4.3532 | lr=3.73e-04 | 0.11M tok/s | 493s
    step    874/1525 ( 57.3%) | loss=4.2927 | lr=3.53e-04 | 0.11M tok/s | 516s
    step    912/1525 ( 59.8%) | loss=4.2820 | lr=3.31e-04 | 0.11M tok/s | 538s
    step    950/1525 ( 62.3%) | loss=4.2312 | lr=3.10e-04 | 0.11M tok/s | 560s
    step    988/1525 ( 64.8%) | loss=4.2220 | lr=2.89e-04 | 0.11M tok/s | 583s
    step   1026/1525 ( 67.3%) | loss=4.2916 | lr=2.69e-04 | 0.11M tok/s | 605s
    step   1064/1525 ( 69.8%) | loss=4.2159 | lr=2.48e-04 | 0.11M tok/s | 628s
    step   1102/1525 ( 72.3%) | loss=4.1985 | lr=2.28e-04 | 0.11M tok/s | 650s
    step   1140/1525 ( 74.8%) | loss=4.1691 | lr=2.09e-04 | 0.11M tok/s | 673s
    step   1178/1525 ( 77.2%) | loss=4.1514 | lr=1.91e-04 | 0.11M tok/s | 695s
    step   1216/1525 ( 79.7%) | loss=4.0819 | lr=1.73e-04 | 0.11M tok/s | 717s
    step   1254/1525 ( 82.2%) | loss=4.0840 | lr=1.56e-04 | 0.11M tok/s | 740s
    step   1292/1525 ( 84.7%) | loss=4.0772 | lr=1.41e-04 | 0.11M tok/s | 762s
    step   1330/1525 ( 87.2%) | loss=4.0715 | lr=1.26e-04 | 0.11M tok/s | 784s
    step   1368/1525 ( 89.7%) | loss=4.0693 | lr=1.13e-04 | 0.11M tok/s | 807s
    step   1406/1525 ( 92.2%) | loss=4.0411 | lr=1.01e-04 | 0.11M tok/s | 829s
    step   1444/1525 ( 94.7%) | loss=4.0995 | lr=9.05e-05 | 0.11M tok/s | 852s
    step   1482/1525 ( 97.2%) | loss=4.0939 | lr=8.15e-05 | 0.11M tok/s | 874s
    step   1520/1525 ( 99.7%) | loss=4.0160 | lr=7.40e-05 | 0.11M tok/s | 896s
  Training done in 899s (15.0min)

  Evaluating PPL...
    L=  256: PPL=73.65  (8 chunks)
    L=  512: PPL=49.36  (8 chunks)
    L= 1024: PPL=78.70  (8 chunks)
    L= 2048: PPL=143.15  (8 chunks)
    L= 4096: PPL=182.05  (8 chunks)
    L= 8192: PPL=269.05  (8 chunks)

======================================================================
  RUN: 125m_evq4.0_seed137
  inv_freq: min=0.00000779 max=0.949681 hash=78ebc7bc32db
======================================================================
  Model params: 151.9M
  Training: 100M tok, bs=256 (micro=64×ga=4), L=256, steps=1525, lr=0.0006
    step      1/1525 (  0.1%) | loss=10.9912 | lr=3.95e-06 | 0.11M tok/s | 1s
    step     38/1525 (  2.5%) | loss=7.7733 | lr=1.50e-04 | 0.11M tok/s | 22s
    step     76/1525 (  5.0%) | loss=6.6974 | lr=3.00e-04 | 0.11M tok/s | 45s
    step    114/1525 (  7.5%) | loss=6.2618 | lr=4.50e-04 | 0.11M tok/s | 67s
    step    152/1525 ( 10.0%) | loss=5.9285 | lr=6.00e-04 | 0.11M tok/s | 90s
    step    190/1525 ( 12.5%) | loss=5.6502 | lr=5.99e-04 | 0.11M tok/s | 112s
    step    228/1525 ( 15.0%) | loss=5.4836 | lr=5.97e-04 | 0.11M tok/s | 134s
    step    266/1525 ( 17.4%) | loss=5.2847 | lr=5.93e-04 | 0.11M tok/s | 157s
    step    304/1525 ( 19.9%) | loss=5.1342 | lr=5.87e-04 | 0.11M tok/s | 179s
    step    342/1525 ( 22.4%) | loss=5.0507 | lr=5.80e-04 | 0.11M tok/s | 202s
    step    380/1525 ( 24.9%) | loss=4.9474 | lr=5.71e-04 | 0.11M tok/s | 224s
    step    418/1525 ( 27.4%) | loss=4.8522 | lr=5.60e-04 | 0.11M tok/s | 246s
    step    456/1525 ( 29.9%) | loss=4.7829 | lr=5.49e-04 | 0.11M tok/s | 269s
    step    494/1525 ( 32.4%) | loss=4.6995 | lr=5.36e-04 | 0.11M tok/s | 291s
    step    532/1525 ( 34.9%) | loss=4.7361 | lr=5.21e-04 | 0.11M tok/s | 314s
    step    570/1525 ( 37.4%) | loss=4.6352 | lr=5.06e-04 | 0.11M tok/s | 336s
    step    608/1525 ( 39.9%) | loss=4.5557 | lr=4.89e-04 | 0.11M tok/s | 358s
    step    646/1525 ( 42.4%) | loss=4.4971 | lr=4.72e-04 | 0.11M tok/s | 381s
    step    684/1525 ( 44.9%) | loss=4.4633 | lr=4.53e-04 | 0.11M tok/s | 403s
    step    722/1525 ( 47.3%) | loss=4.4184 | lr=4.34e-04 | 0.11M tok/s | 426s
    step    760/1525 ( 49.8%) | loss=4.4211 | lr=4.14e-04 | 0.11M tok/s | 448s
    step    798/1525 ( 52.3%) | loss=4.3970 | lr=3.94e-04 | 0.11M tok/s | 470s
    step    836/1525 ( 54.8%) | loss=4.3683 | lr=3.73e-04 | 0.11M tok/s | 493s
    step    874/1525 ( 57.3%) | loss=4.3464 | lr=3.53e-04 | 0.11M tok/s | 515s
    step    912/1525 ( 59.8%) | loss=4.3258 | lr=3.31e-04 | 0.11M tok/s | 538s
    step    950/1525 ( 62.3%) | loss=4.2217 | lr=3.10e-04 | 0.11M tok/s | 560s
    step    988/1525 ( 64.8%) | loss=4.2466 | lr=2.89e-04 | 0.11M tok/s | 583s
    step   1026/1525 ( 67.3%) | loss=4.2005 | lr=2.69e-04 | 0.11M tok/s | 605s
    step   1064/1525 ( 69.8%) | loss=4.1896 | lr=2.48e-04 | 0.11M tok/s | 627s
    step   1102/1525 ( 72.3%) | loss=4.1552 | lr=2.28e-04 | 0.11M tok/s | 650s
    step   1140/1525 ( 74.8%) | loss=4.1535 | lr=2.09e-04 | 0.11M tok/s | 672s
    step   1178/1525 ( 77.2%) | loss=4.1468 | lr=1.91e-04 | 0.11M tok/s | 695s
    step   1216/1525 ( 79.7%) | loss=4.0946 | lr=1.73e-04 | 0.11M tok/s | 717s
    step   1254/1525 ( 82.2%) | loss=4.0450 | lr=1.56e-04 | 0.11M tok/s | 739s
    step   1292/1525 ( 84.7%) | loss=4.0933 | lr=1.41e-04 | 0.11M tok/s | 762s
    step   1330/1525 ( 87.2%) | loss=4.0438 | lr=1.26e-04 | 0.11M tok/s | 784s
    step   1368/1525 ( 89.7%) | loss=4.0785 | lr=1.13e-04 | 0.11M tok/s | 807s
    step   1406/1525 ( 92.2%) | loss=4.0693 | lr=1.01e-04 | 0.11M tok/s | 829s
    step   1444/1525 ( 94.7%) | loss=4.0200 | lr=9.05e-05 | 0.11M tok/s | 852s
    step   1482/1525 ( 97.2%) | loss=4.0295 | lr=8.15e-05 | 0.11M tok/s | 874s
    step   1520/1525 ( 99.7%) | loss=4.0236 | lr=7.40e-05 | 0.11M tok/s | 897s
  Training done in 899s (15.0min)

  Evaluating PPL...
    L=  256: PPL=73.77  (8 chunks)
    L=  512: PPL=47.10  (8 chunks)
    L= 1024: PPL=75.39  (8 chunks)
    L= 2048: PPL=132.10  (8 chunks)
    L= 4096: PPL=165.51  (8 chunks)
    L= 8192: PPL=245.07  (8 chunks)

======================================================================
  RUN: 125m_evq4.0_seed256
  inv_freq: min=0.00000779 max=0.949681 hash=78ebc7bc32db
======================================================================
  Model params: 151.9M
  Training: 100M tok, bs=256 (micro=64×ga=4), L=256, steps=1525, lr=0.0006
    step      1/1525 (  0.1%) | loss=10.9903 | lr=3.95e-06 | 0.10M tok/s | 1s
    step     38/1525 (  2.5%) | loss=7.8103 | lr=1.50e-04 | 0.11M tok/s | 22s
    step     76/1525 (  5.0%) | loss=6.7570 | lr=3.00e-04 | 0.11M tok/s | 45s
    step    114/1525 (  7.5%) | loss=6.2949 | lr=4.50e-04 | 0.11M tok/s | 67s
    step    152/1525 ( 10.0%) | loss=5.9682 | lr=6.00e-04 | 0.11M tok/s | 90s
    step    190/1525 ( 12.5%) | loss=5.6944 | lr=5.99e-04 | 0.11M tok/s | 112s
    step    228/1525 ( 15.0%) | loss=5.4810 | lr=5.97e-04 | 0.11M tok/s | 135s
    step    266/1525 ( 17.4%) | loss=5.2573 | lr=5.93e-04 | 0.11M tok/s | 157s
    step    304/1525 ( 19.9%) | loss=5.1056 | lr=5.87e-04 | 0.11M tok/s | 179s
    step    342/1525 ( 22.4%) | loss=5.0116 | lr=5.80e-04 | 0.11M tok/s | 202s
    step    380/1525 ( 24.9%) | loss=4.9756 | lr=5.71e-04 | 0.11M tok/s | 224s
    step    418/1525 ( 27.4%) | loss=4.8367 | lr=5.60e-04 | 0.11M tok/s | 247s
    step    456/1525 ( 29.9%) | loss=4.8198 | lr=5.49e-04 | 0.11M tok/s | 269s
    step    494/1525 ( 32.4%) | loss=4.7372 | lr=5.36e-04 | 0.11M tok/s | 291s
    step    532/1525 ( 34.9%) | loss=4.6782 | lr=5.21e-04 | 0.11M tok/s | 314s
    step    570/1525 ( 37.4%) | loss=4.6451 | lr=5.06e-04 | 0.11M tok/s | 336s
    step    608/1525 ( 39.9%) | loss=4.5533 | lr=4.89e-04 | 0.11M tok/s | 359s
    step    646/1525 ( 42.4%) | loss=4.5074 | lr=4.72e-04 | 0.11M tok/s | 381s
    step    684/1525 ( 44.9%) | loss=4.4983 | lr=4.53e-04 | 0.11M tok/s | 403s
    step    722/1525 ( 47.3%) | loss=4.4756 | lr=4.34e-04 | 0.11M tok/s | 426s
    step    760/1525 ( 49.8%) | loss=4.4789 | lr=4.14e-04 | 0.11M tok/s | 448s
    step    798/1525 ( 52.3%) | loss=4.3735 | lr=3.94e-04 | 0.11M tok/s | 471s
    step    836/1525 ( 54.8%) | loss=4.3924 | lr=3.73e-04 | 0.11M tok/s | 493s
    step    874/1525 ( 57.3%) | loss=4.3703 | lr=3.53e-04 | 0.11M tok/s | 516s
    step    912/1525 ( 59.8%) | loss=4.2943 | lr=3.31e-04 | 0.11M tok/s | 538s
    step    950/1525 ( 62.3%) | loss=4.2597 | lr=3.10e-04 | 0.11M tok/s | 560s
    step    988/1525 ( 64.8%) | loss=4.2275 | lr=2.89e-04 | 0.11M tok/s | 583s
    step   1026/1525 ( 67.3%) | loss=4.2521 | lr=2.69e-04 | 0.11M tok/s | 605s
    step   1064/1525 ( 69.8%) | loss=4.1697 | lr=2.48e-04 | 0.11M tok/s | 628s
    step   1102/1525 ( 72.3%) | loss=4.2333 | lr=2.28e-04 | 0.11M tok/s | 650s
    step   1140/1525 ( 74.8%) | loss=4.1667 | lr=2.09e-04 | 0.11M tok/s | 673s
    step   1178/1525 ( 77.2%) | loss=4.1064 | lr=1.91e-04 | 0.11M tok/s | 695s
    step   1216/1525 ( 79.7%) | loss=4.1348 | lr=1.73e-04 | 0.11M tok/s | 717s
    step   1254/1525 ( 82.2%) | loss=4.1287 | lr=1.56e-04 | 0.11M tok/s | 740s
    step   1292/1525 ( 84.7%) | loss=4.0983 | lr=1.41e-04 | 0.11M tok/s | 762s
    step   1330/1525 ( 87.2%) | loss=4.0587 | lr=1.26e-04 | 0.11M tok/s | 785s
    step   1368/1525 ( 89.7%) | loss=4.1149 | lr=1.13e-04 | 0.11M tok/s | 807s
    step   1406/1525 ( 92.2%) | loss=4.0251 | lr=1.01e-04 | 0.11M tok/s | 829s
    step   1444/1525 ( 94.7%) | loss=4.0173 | lr=9.05e-05 | 0.11M tok/s | 852s
    step   1482/1525 ( 97.2%) | loss=4.0321 | lr=8.15e-05 | 0.11M tok/s | 874s
    step   1520/1525 ( 99.7%) | loss=4.0572 | lr=7.40e-05 | 0.11M tok/s | 897s
  Training done in 900s (15.0min)

  Evaluating PPL...
    L=  256: PPL=71.44  (8 chunks)
    L=  512: PPL=48.07  (8 chunks)
    L= 1024: PPL=76.19  (8 chunks)
    L= 2048: PPL=135.55  (8 chunks)
    L= 4096: PPL=163.24  (8 chunks)
    L= 8192: PPL=249.96  (8 chunks)

==========================================================================================
  PHASE 11B RESULTS: 125M, L_train=256
==========================================================================================
        Method    L=256    L=512   L=1024   L=2048   L=4096   L=8192
  ---------------------------------------------------------------------------
           geo     72.1     56.4    111.5    209.4    259.9    352.7
        evq2.0     73.4     50.5     91.7    169.7    210.2    304.2
        evq4.0     73.0     48.2     76.8    136.9    170.3    254.7

  DELTA vs Geo:
        evq2.0:    +1.9%   -10.4%   -17.7%   -18.9%   -19.1%   -13.8%
        evq4.0:    +1.2%   -14.6%   -31.1%   -34.6%   -34.5%   -27.8%

  Results saved to /root/autodl-tmp/evq_phase11b_125m/all_results.json
