[init] device=cuda  dtype=torch.bfloat16  autocast=True
Phase 11B: 125M L=256 (phase=dape)
  Seeds: [42, 137, 256], Tokens: 100M
  Batch: 256 (micro=32×ga=8)

[1] Loading data...
  Loading cached data: /root/autodl-tmp/evq_phase11b_125m/data/train_fineweb-edu_105000000_256.pt
  Loading val from /root/autodl-tmp/evq_passkey_mix_10pct/val_fineweb-edu_5000000.pt
  Train: torch.Size([390624, 256]), Val: torch.Size([5000614])

######################################################################
  PHASE 2: DAPE Compatibility (Geo+DAPE vs EVQ+DAPE)
######################################################################

======================================================================
  RUN: 125m_geo_dape_seed42
  inv_freq: min=0.00000301 max=1.000000 hash=23123293cf50
======================================================================
  Model params: 151.9M (DAPE=True)
  Training: 100M tok, bs=256 (micro=32×ga=8), L=256, steps=1525, lr=0.0006
    step      1/1525 (  0.1%) | loss=10.9881 | lr=3.95e-06 | 0.04M tok/s | 2s
    step     38/1525 (  2.5%) | loss=7.7151 | lr=1.50e-04 | 0.06M tok/s | 40s
    step     76/1525 (  5.0%) | loss=6.6771 | lr=3.00e-04 | 0.06M tok/s | 80s
    step    114/1525 (  7.5%) | loss=6.1681 | lr=4.50e-04 | 0.06M tok/s | 119s
    step    152/1525 ( 10.0%) | loss=5.9043 | lr=6.00e-04 | 0.06M tok/s | 159s
    step    190/1525 ( 12.5%) | loss=5.6282 | lr=5.99e-04 | 0.06M tok/s | 199s
    step    228/1525 ( 15.0%) | loss=5.3596 | lr=5.97e-04 | 0.06M tok/s | 239s
    step    266/1525 ( 17.4%) | loss=5.2085 | lr=5.93e-04 | 0.06M tok/s | 278s
    step    304/1525 ( 19.9%) | loss=5.0858 | lr=5.87e-04 | 0.06M tok/s | 318s
    step    342/1525 ( 22.4%) | loss=4.9417 | lr=5.80e-04 | 0.06M tok/s | 358s
    step    380/1525 ( 24.9%) | loss=4.8399 | lr=5.71e-04 | 0.06M tok/s | 398s
    step    418/1525 ( 27.4%) | loss=4.8194 | lr=5.60e-04 | 0.06M tok/s | 437s
    step    456/1525 ( 29.9%) | loss=4.6797 | lr=5.49e-04 | 0.06M tok/s | 477s
    step    494/1525 ( 32.4%) | loss=4.7057 | lr=5.36e-04 | 0.06M tok/s | 517s
    step    532/1525 ( 34.9%) | loss=4.6167 | lr=5.21e-04 | 0.06M tok/s | 556s
    step    570/1525 ( 37.4%) | loss=4.5785 | lr=5.06e-04 | 0.06M tok/s | 596s
    step    608/1525 ( 39.9%) | loss=4.5018 | lr=4.89e-04 | 0.06M tok/s | 636s
    step    646/1525 ( 42.4%) | loss=4.4418 | lr=4.72e-04 | 0.06M tok/s | 676s
    step    684/1525 ( 44.9%) | loss=4.4324 | lr=4.53e-04 | 0.06M tok/s | 715s
    step    722/1525 ( 47.3%) | loss=4.3692 | lr=4.34e-04 | 0.06M tok/s | 755s
    step    760/1525 ( 49.8%) | loss=4.3679 | lr=4.14e-04 | 0.06M tok/s | 795s
    step    798/1525 ( 52.3%) | loss=4.3404 | lr=3.94e-04 | 0.06M tok/s | 834s
    step    836/1525 ( 54.8%) | loss=4.2791 | lr=3.73e-04 | 0.06M tok/s | 874s
    step    874/1525 ( 57.3%) | loss=4.2161 | lr=3.53e-04 | 0.06M tok/s | 914s
    step    912/1525 ( 59.8%) | loss=4.2018 | lr=3.31e-04 | 0.06M tok/s | 954s
    step    950/1525 ( 62.3%) | loss=4.1526 | lr=3.10e-04 | 0.06M tok/s | 993s
    step    988/1525 ( 64.8%) | loss=4.1437 | lr=2.89e-04 | 0.06M tok/s | 1033s
    step   1026/1525 ( 67.3%) | loss=4.2144 | lr=2.69e-04 | 0.06M tok/s | 1073s
    step   1064/1525 ( 69.8%) | loss=4.1417 | lr=2.48e-04 | 0.06M tok/s | 1113s
    step   1102/1525 ( 72.3%) | loss=4.1239 | lr=2.28e-04 | 0.06M tok/s | 1152s
    step   1140/1525 ( 74.8%) | loss=4.0956 | lr=2.09e-04 | 0.06M tok/s | 1192s
    step   1178/1525 ( 77.2%) | loss=4.0792 | lr=1.91e-04 | 0.06M tok/s | 1232s
    step   1216/1525 ( 79.7%) | loss=4.0116 | lr=1.73e-04 | 0.06M tok/s | 1272s
    step   1254/1525 ( 82.2%) | loss=4.0167 | lr=1.56e-04 | 0.06M tok/s | 1311s
    step   1292/1525 ( 84.7%) | loss=4.0002 | lr=1.41e-04 | 0.06M tok/s | 1351s
    step   1330/1525 ( 87.2%) | loss=4.0031 | lr=1.26e-04 | 0.06M tok/s | 1391s
    step   1368/1525 ( 89.7%) | loss=4.0039 | lr=1.13e-04 | 0.06M tok/s | 1430s
    step   1406/1525 ( 92.2%) | loss=3.9774 | lr=1.01e-04 | 0.06M tok/s | 1470s
    step   1444/1525 ( 94.7%) | loss=4.0339 | lr=9.05e-05 | 0.06M tok/s | 1510s
    step   1482/1525 ( 97.2%) | loss=4.0326 | lr=8.15e-05 | 0.06M tok/s | 1550s
    step   1520/1525 ( 99.7%) | loss=3.9505 | lr=7.40e-05 | 0.06M tok/s | 1590s
  Training done in 1595s (26.6min)

  Evaluating PPL...
    L=  256: PPL=68.34  (8 chunks)
    L=  512: PPL=40.92  (8 chunks)
    L= 1024: PPL=47.92  (8 chunks)
    L= 2048: PPL=56.53  (8 chunks)
    L= 4096: PPL=44.05  (8 chunks)
    L= 8192: PPL=56.35  (8 chunks)

======================================================================
  RUN: 125m_geo_dape_seed137
  inv_freq: min=0.00000301 max=1.000000 hash=23123293cf50
======================================================================
  Model params: 151.9M (DAPE=True)
  Training: 100M tok, bs=256 (micro=32×ga=8), L=256, steps=1525, lr=0.0006
    step      1/1525 (  0.1%) | loss=10.9911 | lr=3.95e-06 | 0.06M tok/s | 1s
    step     38/1525 (  2.5%) | loss=7.7061 | lr=1.50e-04 | 0.06M tok/s | 40s
    step     76/1525 (  5.0%) | loss=6.6233 | lr=3.00e-04 | 0.06M tok/s | 79s
    step    114/1525 (  7.5%) | loss=6.1808 | lr=4.50e-04 | 0.06M tok/s | 119s
    step    152/1525 ( 10.0%) | loss=5.8732 | lr=6.00e-04 | 0.06M tok/s | 159s
    step    190/1525 ( 12.5%) | loss=5.5754 | lr=5.99e-04 | 0.06M tok/s | 198s
    step    228/1525 ( 15.0%) | loss=5.4112 | lr=5.97e-04 | 0.06M tok/s | 238s
    step    266/1525 ( 17.4%) | loss=5.2154 | lr=5.93e-04 | 0.06M tok/s | 278s
    step    304/1525 ( 19.9%) | loss=5.0701 | lr=5.87e-04 | 0.06M tok/s | 318s
    step    342/1525 ( 22.4%) | loss=4.9874 | lr=5.80e-04 | 0.06M tok/s | 357s
    step    380/1525 ( 24.9%) | loss=4.8885 | lr=5.71e-04 | 0.06M tok/s | 397s
    step    418/1525 ( 27.4%) | loss=4.7930 | lr=5.60e-04 | 0.06M tok/s | 437s
    step    456/1525 ( 29.9%) | loss=4.7202 | lr=5.49e-04 | 0.06M tok/s | 476s
    step    494/1525 ( 32.4%) | loss=4.6308 | lr=5.36e-04 | 0.06M tok/s | 516s
    step    532/1525 ( 34.9%) | loss=4.6597 | lr=5.21e-04 | 0.06M tok/s | 556s
    step    570/1525 ( 37.4%) | loss=4.5495 | lr=5.06e-04 | 0.06M tok/s | 595s
    step    608/1525 ( 39.9%) | loss=4.4679 | lr=4.89e-04 | 0.06M tok/s | 635s
    step    646/1525 ( 42.4%) | loss=4.4128 | lr=4.72e-04 | 0.06M tok/s | 675s
    step    684/1525 ( 44.9%) | loss=4.3683 | lr=4.53e-04 | 0.06M tok/s | 715s
    step    722/1525 ( 47.3%) | loss=4.3304 | lr=4.34e-04 | 0.06M tok/s | 754s
    step    760/1525 ( 49.8%) | loss=4.3423 | lr=4.14e-04 | 0.06M tok/s | 794s
    step    798/1525 ( 52.3%) | loss=4.3104 | lr=3.94e-04 | 0.06M tok/s | 834s
    step    836/1525 ( 54.8%) | loss=4.2805 | lr=3.73e-04 | 0.06M tok/s | 874s
    step    874/1525 ( 57.3%) | loss=4.2730 | lr=3.53e-04 | 0.06M tok/s | 913s
    step    912/1525 ( 59.8%) | loss=4.2560 | lr=3.31e-04 | 0.06M tok/s | 953s
    step    950/1525 ( 62.3%) | loss=4.1381 | lr=3.10e-04 | 0.06M tok/s | 993s
    step    988/1525 ( 64.8%) | loss=4.1816 | lr=2.89e-04 | 0.06M tok/s | 1033s
    step   1026/1525 ( 67.3%) | loss=4.1253 | lr=2.69e-04 | 0.06M tok/s | 1072s
    step   1064/1525 ( 69.8%) | loss=4.1203 | lr=2.48e-04 | 0.06M tok/s | 1112s
    step   1102/1525 ( 72.3%) | loss=4.0868 | lr=2.28e-04 | 0.06M tok/s | 1152s
    step   1140/1525 ( 74.8%) | loss=4.0896 | lr=2.09e-04 | 0.06M tok/s | 1191s
    step   1178/1525 ( 77.2%) | loss=4.0796 | lr=1.91e-04 | 0.06M tok/s | 1231s
    step   1216/1525 ( 79.7%) | loss=4.0320 | lr=1.73e-04 | 0.06M tok/s | 1271s
    step   1254/1525 ( 82.2%) | loss=3.9835 | lr=1.56e-04 | 0.06M tok/s | 1310s
    step   1292/1525 ( 84.7%) | loss=4.0321 | lr=1.41e-04 | 0.06M tok/s | 1350s
    step   1330/1525 ( 87.2%) | loss=3.9799 | lr=1.26e-04 | 0.06M tok/s | 1390s
    step   1368/1525 ( 89.7%) | loss=4.0134 | lr=1.13e-04 | 0.06M tok/s | 1430s
    step   1406/1525 ( 92.2%) | loss=4.0109 | lr=1.01e-04 | 0.06M tok/s | 1469s
    step   1444/1525 ( 94.7%) | loss=3.9601 | lr=9.05e-05 | 0.06M tok/s | 1509s
    step   1482/1525 ( 97.2%) | loss=3.9682 | lr=8.15e-05 | 0.06M tok/s | 1549s
    step   1520/1525 ( 99.7%) | loss=3.9605 | lr=7.40e-05 | 0.06M tok/s | 1588s
  Training done in 1594s (26.6min)

  Evaluating PPL...
    L=  256: PPL=69.29  (8 chunks)
    L=  512: PPL=40.04  (8 chunks)
    L= 1024: PPL=47.40  (8 chunks)
    L= 2048: PPL=56.74  (8 chunks)
    L= 4096: PPL=43.25  (8 chunks)
    L= 8192: PPL=55.68  (8 chunks)

======================================================================
  RUN: 125m_geo_dape_seed256
  inv_freq: min=0.00000301 max=1.000000 hash=23123293cf50
======================================================================
  Model params: 151.9M (DAPE=True)
  Training: 100M tok, bs=256 (micro=32×ga=8), L=256, steps=1525, lr=0.0006
    step      1/1525 (  0.1%) | loss=10.9689 | lr=3.95e-06 | 0.06M tok/s | 1s
    step     38/1525 (  2.5%) | loss=7.7399 | lr=1.50e-04 | 0.06M tok/s | 40s
    step     76/1525 (  5.0%) | loss=6.6626 | lr=3.00e-04 | 0.06M tok/s | 80s
    step    114/1525 (  7.5%) | loss=6.1637 | lr=4.50e-04 | 0.06M tok/s | 119s
    step    152/1525 ( 10.0%) | loss=5.8628 | lr=6.00e-04 | 0.06M tok/s | 159s
    step    190/1525 ( 12.5%) | loss=5.6083 | lr=5.99e-04 | 0.06M tok/s | 199s
    step    228/1525 ( 15.0%) | loss=5.3785 | lr=5.97e-04 | 0.06M tok/s | 239s
    step    266/1525 ( 17.4%) | loss=5.1774 | lr=5.93e-04 | 0.06M tok/s | 278s
    step    304/1525 ( 19.9%) | loss=5.0316 | lr=5.87e-04 | 0.06M tok/s | 318s
    step    342/1525 ( 22.4%) | loss=4.9350 | lr=5.80e-04 | 0.06M tok/s | 358s
    step    380/1525 ( 24.9%) | loss=4.9063 | lr=5.71e-04 | 0.06M tok/s | 397s
    step    418/1525 ( 27.4%) | loss=4.7628 | lr=5.60e-04 | 0.06M tok/s | 437s
    step    456/1525 ( 29.9%) | loss=4.7438 | lr=5.49e-04 | 0.06M tok/s | 477s
    step    494/1525 ( 32.4%) | loss=4.6551 | lr=5.36e-04 | 0.06M tok/s | 517s
    step    532/1525 ( 34.9%) | loss=4.5934 | lr=5.21e-04 | 0.06M tok/s | 556s
    step    570/1525 ( 37.4%) | loss=4.5633 | lr=5.06e-04 | 0.06M tok/s | 596s
    step    608/1525 ( 39.9%) | loss=4.4593 | lr=4.89e-04 | 0.06M tok/s | 636s
    step    646/1525 ( 42.4%) | loss=4.4121 | lr=4.72e-04 | 0.06M tok/s | 675s
    step    684/1525 ( 44.9%) | loss=4.3994 | lr=4.53e-04 | 0.06M tok/s | 715s
    step    722/1525 ( 47.3%) | loss=4.3785 | lr=4.34e-04 | 0.06M tok/s | 755s
    step    760/1525 ( 49.8%) | loss=4.3810 | lr=4.14e-04 | 0.06M tok/s | 795s
    step    798/1525 ( 52.3%) | loss=4.2739 | lr=3.94e-04 | 0.06M tok/s | 835s
    step    836/1525 ( 54.8%) | loss=4.3060 | lr=3.73e-04 | 0.06M tok/s | 875s
    step    874/1525 ( 57.3%) | loss=4.2889 | lr=3.53e-04 | 0.06M tok/s | 914s
    step    912/1525 ( 59.8%) | loss=4.2155 | lr=3.31e-04 | 0.06M tok/s | 954s
    step    950/1525 ( 62.3%) | loss=4.1841 | lr=3.10e-04 | 0.06M tok/s | 994s
    step    988/1525 ( 64.8%) | loss=4.1599 | lr=2.89e-04 | 0.06M tok/s | 1033s
    step   1026/1525 ( 67.3%) | loss=4.1761 | lr=2.69e-04 | 0.06M tok/s | 1073s
    step   1064/1525 ( 69.8%) | loss=4.1030 | lr=2.48e-04 | 0.06M tok/s | 1113s
    step   1102/1525 ( 72.3%) | loss=4.1681 | lr=2.28e-04 | 0.06M tok/s | 1152s
    step   1140/1525 ( 74.8%) | loss=4.1005 | lr=2.09e-04 | 0.06M tok/s | 1192s
    step   1178/1525 ( 77.2%) | loss=4.0344 | lr=1.91e-04 | 0.06M tok/s | 1232s
    step   1216/1525 ( 79.7%) | loss=4.0648 | lr=1.73e-04 | 0.06M tok/s | 1272s
    step   1254/1525 ( 82.2%) | loss=4.0600 | lr=1.56e-04 | 0.06M tok/s | 1312s
    step   1292/1525 ( 84.7%) | loss=4.0274 | lr=1.41e-04 | 0.06M tok/s | 1352s
    step   1330/1525 ( 87.2%) | loss=3.9916 | lr=1.26e-04 | 0.06M tok/s | 1392s
    step   1368/1525 ( 89.7%) | loss=4.0483 | lr=1.13e-04 | 0.06M tok/s | 1431s
    step   1406/1525 ( 92.2%) | loss=3.9549 | lr=1.01e-04 | 0.06M tok/s | 1471s
    step   1444/1525 ( 94.7%) | loss=3.9487 | lr=9.05e-05 | 0.06M tok/s | 1511s
    step   1482/1525 ( 97.2%) | loss=3.9557 | lr=8.15e-05 | 0.06M tok/s | 1550s
    step   1520/1525 ( 99.7%) | loss=3.9881 | lr=7.40e-05 | 0.06M tok/s | 1590s
  Training done in 1595s (26.6min)

  Evaluating PPL...
    L=  256: PPL=67.86  (8 chunks)
    L=  512: PPL=40.80  (8 chunks)
    L= 1024: PPL=48.29  (8 chunks)
    L= 2048: PPL=55.79  (8 chunks)
    L= 4096: PPL=43.62  (8 chunks)
    L= 8192: PPL=55.74  (8 chunks)

======================================================================
  RUN: 125m_evq4.0_dape_seed42
  inv_freq: min=0.00000779 max=0.949681 hash=78ebc7bc32db
======================================================================
  Model params: 151.9M (DAPE=True)
  Training: 100M tok, bs=256 (micro=32×ga=8), L=256, steps=1525, lr=0.0006
    step      1/1525 (  0.1%) | loss=10.9889 | lr=3.95e-06 | 0.06M tok/s | 1s
    step     38/1525 (  2.5%) | loss=7.7157 | lr=1.50e-04 | 0.06M tok/s | 40s
    step     76/1525 (  5.0%) | loss=6.6459 | lr=3.00e-04 | 0.06M tok/s | 79s
    step    114/1525 (  7.5%) | loss=6.1384 | lr=4.50e-04 | 0.06M tok/s | 119s
    step    152/1525 ( 10.0%) | loss=5.8627 | lr=6.00e-04 | 0.06M tok/s | 159s
    step    190/1525 ( 12.5%) | loss=5.6050 | lr=5.99e-04 | 0.06M tok/s | 199s
    step    228/1525 ( 15.0%) | loss=5.3702 | lr=5.97e-04 | 0.06M tok/s | 239s
    step    266/1525 ( 17.4%) | loss=5.2029 | lr=5.93e-04 | 0.06M tok/s | 279s
    step    304/1525 ( 19.9%) | loss=5.0907 | lr=5.87e-04 | 0.06M tok/s | 319s
    step    342/1525 ( 22.4%) | loss=4.9416 | lr=5.80e-04 | 0.06M tok/s | 359s
    step    380/1525 ( 24.9%) | loss=4.8470 | lr=5.71e-04 | 0.06M tok/s | 399s
    step    418/1525 ( 27.4%) | loss=4.8288 | lr=5.60e-04 | 0.06M tok/s | 439s
    step    456/1525 ( 29.9%) | loss=4.6940 | lr=5.49e-04 | 0.06M tok/s | 479s
    step    494/1525 ( 32.4%) | loss=4.7108 | lr=5.36e-04 | 0.06M tok/s | 519s
    step    532/1525 ( 34.9%) | loss=4.6335 | lr=5.21e-04 | 0.06M tok/s | 559s
    step    570/1525 ( 37.4%) | loss=4.5905 | lr=5.06e-04 | 0.06M tok/s | 599s
    step    608/1525 ( 39.9%) | loss=4.5226 | lr=4.89e-04 | 0.06M tok/s | 640s
    step    646/1525 ( 42.4%) | loss=4.4648 | lr=4.72e-04 | 0.06M tok/s | 680s
    step    684/1525 ( 44.9%) | loss=4.4535 | lr=4.53e-04 | 0.06M tok/s | 720s
    step    722/1525 ( 47.3%) | loss=4.3848 | lr=4.34e-04 | 0.06M tok/s | 760s
    step    760/1525 ( 49.8%) | loss=4.3819 | lr=4.14e-04 | 0.06M tok/s | 800s
    step    798/1525 ( 52.3%) | loss=4.3573 | lr=3.94e-04 | 0.06M tok/s | 840s
    step    836/1525 ( 54.8%) | loss=4.2896 | lr=3.73e-04 | 0.06M tok/s | 880s
    step    874/1525 ( 57.3%) | loss=4.2290 | lr=3.53e-04 | 0.06M tok/s | 920s
    step    912/1525 ( 59.8%) | loss=4.2119 | lr=3.31e-04 | 0.06M tok/s | 960s
    step    950/1525 ( 62.3%) | loss=4.1653 | lr=3.10e-04 | 0.06M tok/s | 1000s
    step    988/1525 ( 64.8%) | loss=4.1511 | lr=2.89e-04 | 0.06M tok/s | 1040s
    step   1026/1525 ( 67.3%) | loss=4.2300 | lr=2.69e-04 | 0.06M tok/s | 1080s
    step   1064/1525 ( 69.8%) | loss=4.1513 | lr=2.48e-04 | 0.06M tok/s | 1120s
    step   1102/1525 ( 72.3%) | loss=4.1336 | lr=2.28e-04 | 0.06M tok/s | 1160s
    step   1140/1525 ( 74.8%) | loss=4.1057 | lr=2.09e-04 | 0.06M tok/s | 1200s
    step   1178/1525 ( 77.2%) | loss=4.0908 | lr=1.91e-04 | 0.06M tok/s | 1240s
    step   1216/1525 ( 79.7%) | loss=4.0228 | lr=1.73e-04 | 0.06M tok/s | 1280s
    step   1254/1525 ( 82.2%) | loss=4.0298 | lr=1.56e-04 | 0.06M tok/s | 1320s
    step   1292/1525 ( 84.7%) | loss=4.0111 | lr=1.41e-04 | 0.06M tok/s | 1361s
    step   1330/1525 ( 87.2%) | loss=4.0114 | lr=1.26e-04 | 0.06M tok/s | 1401s
    step   1368/1525 ( 89.7%) | loss=4.0094 | lr=1.13e-04 | 0.06M tok/s | 1441s
    step   1406/1525 ( 92.2%) | loss=3.9850 | lr=1.01e-04 | 0.06M tok/s | 1481s
    step   1444/1525 ( 94.7%) | loss=4.0442 | lr=9.05e-05 | 0.06M tok/s | 1521s
    step   1482/1525 ( 97.2%) | loss=4.0414 | lr=8.15e-05 | 0.06M tok/s | 1561s
    step   1520/1525 ( 99.7%) | loss=3.9572 | lr=7.40e-05 | 0.06M tok/s | 1601s
  Training done in 1606s (26.8min)

  Evaluating PPL...
    L=  256: PPL=68.85  (8 chunks)
    L=  512: PPL=41.47  (8 chunks)
    L= 1024: PPL=48.42  (8 chunks)
    L= 2048: PPL=57.41  (8 chunks)
    L= 4096: PPL=44.65  (8 chunks)
    L= 8192: PPL=57.04  (8 chunks)

======================================================================
  RUN: 125m_evq4.0_dape_seed137
  inv_freq: min=0.00000779 max=0.949681 hash=78ebc7bc32db
======================================================================
  Model params: 151.9M (DAPE=True)
  Training: 100M tok, bs=256 (micro=32×ga=8), L=256, steps=1525, lr=0.0006
    step      1/1525 (  0.1%) | loss=10.9909 | lr=3.95e-06 | 0.06M tok/s | 1s
    step     38/1525 (  2.5%) | loss=7.6967 | lr=1.50e-04 | 0.06M tok/s | 40s
    step     76/1525 (  5.0%) | loss=6.6073 | lr=3.00e-04 | 0.06M tok/s | 80s
    step    114/1525 (  7.5%) | loss=6.1683 | lr=4.50e-04 | 0.06M tok/s | 120s
    step    152/1525 ( 10.0%) | loss=5.8470 | lr=6.00e-04 | 0.06M tok/s | 160s
    step    190/1525 ( 12.5%) | loss=5.5626 | lr=5.99e-04 | 0.06M tok/s | 200s
    step    228/1525 ( 15.0%) | loss=5.4050 | lr=5.97e-04 | 0.06M tok/s | 240s
    step    266/1525 ( 17.4%) | loss=5.2155 | lr=5.93e-04 | 0.06M tok/s | 280s
    step    304/1525 ( 19.9%) | loss=5.0695 | lr=5.87e-04 | 0.06M tok/s | 320s
    step    342/1525 ( 22.4%) | loss=4.9867 | lr=5.80e-04 | 0.06M tok/s | 360s
    step    380/1525 ( 24.9%) | loss=4.8935 | lr=5.71e-04 | 0.06M tok/s | 400s
    step    418/1525 ( 27.4%) | loss=4.7989 | lr=5.60e-04 | 0.06M tok/s | 441s
    step    456/1525 ( 29.9%) | loss=4.7319 | lr=5.49e-04 | 0.06M tok/s | 481s
    step    494/1525 ( 32.4%) | loss=4.6539 | lr=5.36e-04 | 0.06M tok/s | 521s
    step    532/1525 ( 34.9%) | loss=4.6835 | lr=5.21e-04 | 0.06M tok/s | 561s
    step    570/1525 ( 37.4%) | loss=4.5781 | lr=5.06e-04 | 0.06M tok/s | 601s
    step    608/1525 ( 39.9%) | loss=4.4965 | lr=4.89e-04 | 0.06M tok/s | 641s
    step    646/1525 ( 42.4%) | loss=4.4395 | lr=4.72e-04 | 0.06M tok/s | 681s
    step    684/1525 ( 44.9%) | loss=4.3912 | lr=4.53e-04 | 0.06M tok/s | 721s
    step    722/1525 ( 47.3%) | loss=4.3486 | lr=4.34e-04 | 0.06M tok/s | 761s
    step    760/1525 ( 49.8%) | loss=4.3553 | lr=4.14e-04 | 0.06M tok/s | 801s
    step    798/1525 ( 52.3%) | loss=4.3274 | lr=3.94e-04 | 0.06M tok/s | 841s
    step    836/1525 ( 54.8%) | loss=4.2953 | lr=3.73e-04 | 0.06M tok/s | 882s
    step    874/1525 ( 57.3%) | loss=4.2815 | lr=3.53e-04 | 0.06M tok/s | 922s
    step    912/1525 ( 59.8%) | loss=4.2668 | lr=3.31e-04 | 0.06M tok/s | 962s
    step    950/1525 ( 62.3%) | loss=4.1473 | lr=3.10e-04 | 0.06M tok/s | 1002s
    step    988/1525 ( 64.8%) | loss=4.1928 | lr=2.89e-04 | 0.06M tok/s | 1042s
    step   1026/1525 ( 67.3%) | loss=4.1403 | lr=2.69e-04 | 0.06M tok/s | 1082s
    step   1064/1525 ( 69.8%) | loss=4.1309 | lr=2.48e-04 | 0.06M tok/s | 1122s
    step   1102/1525 ( 72.3%) | loss=4.0983 | lr=2.28e-04 | 0.06M tok/s | 1162s
    step   1140/1525 ( 74.8%) | loss=4.1013 | lr=2.09e-04 | 0.06M tok/s | 1202s
    step   1178/1525 ( 77.2%) | loss=4.0917 | lr=1.91e-04 | 0.06M tok/s | 1243s
    step   1216/1525 ( 79.7%) | loss=4.0382 | lr=1.73e-04 | 0.06M tok/s | 1283s
    step   1254/1525 ( 82.2%) | loss=3.9914 | lr=1.56e-04 | 0.06M tok/s | 1323s
    step   1292/1525 ( 84.7%) | loss=4.0414 | lr=1.41e-04 | 0.06M tok/s | 1363s
    step   1330/1525 ( 87.2%) | loss=3.9923 | lr=1.26e-04 | 0.06M tok/s | 1403s
    step   1368/1525 ( 89.7%) | loss=4.0245 | lr=1.13e-04 | 0.06M tok/s | 1443s
    step   1406/1525 ( 92.2%) | loss=4.0172 | lr=1.01e-04 | 0.06M tok/s | 1483s
    step   1444/1525 ( 94.7%) | loss=3.9699 | lr=9.05e-05 | 0.06M tok/s | 1524s
    step   1482/1525 ( 97.2%) | loss=3.9788 | lr=8.15e-05 | 0.06M tok/s | 1564s
    step   1520/1525 ( 99.7%) | loss=3.9728 | lr=7.40e-05 | 0.06M tok/s | 1604s
  Training done in 1609s (26.8min)

  Evaluating PPL...
    L=  256: PPL=71.43  (8 chunks)
    L=  512: PPL=41.06  (8 chunks)
    L= 1024: PPL=48.56  (8 chunks)
    L= 2048: PPL=57.45  (8 chunks)
    L= 4096: PPL=44.30  (8 chunks)
    L= 8192: PPL=56.49  (8 chunks)

======================================================================
  RUN: 125m_evq4.0_dape_seed256
  inv_freq: min=0.00000779 max=0.949681 hash=78ebc7bc32db
======================================================================
  Model params: 151.9M (DAPE=True)
  Training: 100M tok, bs=256 (micro=32×ga=8), L=256, steps=1525, lr=0.0006
    step      1/1525 (  0.1%) | loss=10.9690 | lr=3.95e-06 | 0.06M tok/s | 1s
    step     38/1525 (  2.5%) | loss=7.7440 | lr=1.50e-04 | 0.06M tok/s | 40s
    step     76/1525 (  5.0%) | loss=6.6366 | lr=3.00e-04 | 0.06M tok/s | 80s
    step    114/1525 (  7.5%) | loss=6.1630 | lr=4.50e-04 | 0.06M tok/s | 120s
    step    152/1525 ( 10.0%) | loss=5.8757 | lr=6.00e-04 | 0.06M tok/s | 161s
    step    190/1525 ( 12.5%) | loss=5.5985 | lr=5.99e-04 | 0.06M tok/s | 201s
    step    228/1525 ( 15.0%) | loss=5.3985 | lr=5.97e-04 | 0.06M tok/s | 241s
    step    266/1525 ( 17.4%) | loss=5.1863 | lr=5.93e-04 | 0.06M tok/s | 281s
    step    304/1525 ( 19.9%) | loss=5.0330 | lr=5.87e-04 | 0.06M tok/s | 321s
    step    342/1525 ( 22.4%) | loss=4.9439 | lr=5.80e-04 | 0.06M tok/s | 361s
    step    380/1525 ( 24.9%) | loss=4.9118 | lr=5.71e-04 | 0.06M tok/s | 402s
    step    418/1525 ( 27.4%) | loss=4.7675 | lr=5.60e-04 | 0.06M tok/s | 442s
    step    456/1525 ( 29.9%) | loss=4.7547 | lr=5.49e-04 | 0.06M tok/s | 482s
    step    494/1525 ( 32.4%) | loss=4.6745 | lr=5.36e-04 | 0.06M tok/s | 522s
    step    532/1525 ( 34.9%) | loss=4.6117 | lr=5.21e-04 | 0.06M tok/s | 562s
    step    570/1525 ( 37.4%) | loss=4.5794 | lr=5.06e-04 | 0.06M tok/s | 603s
    step    608/1525 ( 39.9%) | loss=4.4795 | lr=4.89e-04 | 0.06M tok/s | 643s
    step    646/1525 ( 42.4%) | loss=4.4318 | lr=4.72e-04 | 0.06M tok/s | 683s
    step    684/1525 ( 44.9%) | loss=4.4185 | lr=4.53e-04 | 0.06M tok/s | 723s
    step    722/1525 ( 47.3%) | loss=4.3953 | lr=4.34e-04 | 0.06M tok/s | 763s
    step    760/1525 ( 49.8%) | loss=4.3949 | lr=4.14e-04 | 0.06M tok/s | 803s
    step    798/1525 ( 52.3%) | loss=4.2893 | lr=3.94e-04 | 0.06M tok/s | 844s
    step    836/1525 ( 54.8%) | loss=4.3199 | lr=3.73e-04 | 0.06M tok/s | 884s
    step    874/1525 ( 57.3%) | loss=4.3007 | lr=3.53e-04 | 0.06M tok/s | 924s
    step    912/1525 ( 59.8%) | loss=4.2244 | lr=3.31e-04 | 0.06M tok/s | 964s
    step    950/1525 ( 62.3%) | loss=4.1969 | lr=3.10e-04 | 0.06M tok/s | 1004s
    step    988/1525 ( 64.8%) | loss=4.1672 | lr=2.89e-04 | 0.06M tok/s | 1044s
    step   1026/1525 ( 67.3%) | loss=4.1902 | lr=2.69e-04 | 0.06M tok/s | 1085s
    step   1064/1525 ( 69.8%) | loss=4.1125 | lr=2.48e-04 | 0.06M tok/s | 1125s
    step   1102/1525 ( 72.3%) | loss=4.1776 | lr=2.28e-04 | 0.06M tok/s | 1165s
    step   1140/1525 ( 74.8%) | loss=4.1107 | lr=2.09e-04 | 0.06M tok/s | 1205s
    step   1178/1525 ( 77.2%) | loss=4.0463 | lr=1.91e-04 | 0.06M tok/s | 1245s
    step   1216/1525 ( 79.7%) | loss=4.0770 | lr=1.73e-04 | 0.06M tok/s | 1286s
    step   1254/1525 ( 82.2%) | loss=4.0707 | lr=1.56e-04 | 0.06M tok/s | 1326s
    step   1292/1525 ( 84.7%) | loss=4.0401 | lr=1.41e-04 | 0.06M tok/s | 1366s
    step   1330/1525 ( 87.2%) | loss=4.0001 | lr=1.26e-04 | 0.06M tok/s | 1406s
    step   1368/1525 ( 89.7%) | loss=4.0533 | lr=1.13e-04 | 0.06M tok/s | 1446s
    step   1406/1525 ( 92.2%) | loss=3.9633 | lr=1.01e-04 | 0.06M tok/s | 1486s
    step   1444/1525 ( 94.7%) | loss=3.9572 | lr=9.05e-05 | 0.06M tok/s | 1527s
    step   1482/1525 ( 97.2%) | loss=3.9709 | lr=8.15e-05 | 0.06M tok/s | 1567s
    step   1520/1525 ( 99.7%) | loss=4.0011 | lr=7.40e-05 | 0.06M tok/s | 1607s
  Training done in 1612s (26.9min)

  Evaluating PPL...
    L=  256: PPL=69.41  (8 chunks)
    L=  512: PPL=41.22  (8 chunks)
    L= 1024: PPL=48.59  (8 chunks)
    L= 2048: PPL=57.44  (8 chunks)
    L= 4096: PPL=44.36  (8 chunks)
    L= 8192: PPL=57.00  (8 chunks)

==========================================================================================
  PHASE 11B RESULTS: 125M, L_train=256
==========================================================================================

  DAPE Compatibility:
            Method    L=256    L=512   L=1024   L=2048   L=4096   L=8192
  --------------------------------------------------------------------------------
               geo       --       --       --       --       --       --
            evq4.0       --       --       --       --       --       --
          geo_dape     68.5     40.6     47.9     56.4     43.6     55.9
       evq4.0_dape     69.9     41.2     48.5     57.4     44.4     56.8

  DAPE benefit (DAPE - plain):
           geo:       --       --       --       --       --       --
        evq4.0:       --       --       --       --       --       --

  EVQ τ=4.0 advantage (vs Geo):
         plain:       --       --       --       --       --       --
          DAPE:    +2.0%    +1.6%    +1.4%    +1.9%    +1.8%    +1.6%

  Results saved to /root/autodl-tmp/evq_phase11b_125m/all_results.json
