[train:geo_500k] n_seq=24,414 total_steps=382/382 micro_batch=64 grad_accum=1
[train:geo_500k] step=1/382 loss=10.9513 lr=0.000e+00 tokens=131,072
[train:geo_500k] step=20/382 loss=6.0463 lr=5.985e-04 tokens=131,072
[train:geo_500k] step=40/382 loss=5.6349 lr=5.893e-04 tokens=131,072
[train:geo_500k] step=60/382 loss=5.2145 lr=5.720e-04 tokens=131,072
[train:geo_500k] step=80/382 loss=4.7851 lr=5.471e-04 tokens=131,072
[train:geo_500k] step=100/382 loss=4.3935 lr=5.152e-04 tokens=131,072
[train:geo_500k] step=120/382 loss=4.0761 lr=4.774e-04 tokens=131,072
[train:geo_500k] step=140/382 loss=3.8624 lr=4.345e-04 tokens=131,072
[train:geo_500k] step=160/382 loss=3.7503 lr=3.879e-04 tokens=131,072
[train:geo_500k] step=180/382 loss=3.5492 lr=3.388e-04 tokens=131,072
[train:geo_500k] step=200/382 loss=3.3756 lr=2.887e-04 tokens=131,072
[train:geo_500k] step=220/382 loss=3.2750 lr=2.389e-04 tokens=131,072
[train:geo_500k] step=240/382 loss=3.2212 lr=1.907e-04 tokens=131,072
[train:geo_500k] step=260/382 loss=3.1553 lr=1.457e-04 tokens=131,072
[train:geo_500k] step=280/382 loss=3.1419 lr=1.049e-04 tokens=131,072
[train:geo_500k] step=300/382 loss=3.0492 lr=6.965e-05 tokens=131,072
[train:geo_500k] step=320/382 loss=2.9842 lr=4.082e-05 tokens=131,072
[train:geo_500k] step=340/382 loss=2.9577 lr=1.926e-05 tokens=131,072
[train:geo_500k] step=360/382 loss=2.9806 lr=5.552e-06 tokens=131,072
[train:geo_500k] step=380/382 loss=2.9305 lr=9.474e-08 tokens=131,072
[eval] L= 2048 PPL=18.271 ± 2.175
[eval] L=16384 PPL=26.482 ± 2.401
{
  "name": "geo_500k",
  "ppl@16384": 26.481570628407013
}
