[train:hybrid_basegeo100k_alpha0.2] n_seq=24,414 total_steps=382/382 micro_batch=64 grad_accum=1
[train:hybrid_basegeo100k_alpha0.2] step=1/382 loss=10.9518 lr=0.000e+00 tokens=131,072
[train:hybrid_basegeo100k_alpha0.2] step=20/382 loss=6.1268 lr=5.985e-04 tokens=131,072
[train:hybrid_basegeo100k_alpha0.2] step=40/382 loss=5.6818 lr=5.893e-04 tokens=131,072
[train:hybrid_basegeo100k_alpha0.2] step=60/382 loss=5.3254 lr=5.720e-04 tokens=131,072
[train:hybrid_basegeo100k_alpha0.2] step=80/382 loss=4.8045 lr=5.471e-04 tokens=131,072
[train:hybrid_basegeo100k_alpha0.2] step=100/382 loss=4.3995 lr=5.152e-04 tokens=131,072
[train:hybrid_basegeo100k_alpha0.2] step=120/382 loss=4.0379 lr=4.774e-04 tokens=131,072
[train:hybrid_basegeo100k_alpha0.2] step=140/382 loss=3.8289 lr=4.345e-04 tokens=131,072
[train:hybrid_basegeo100k_alpha0.2] step=160/382 loss=3.6837 lr=3.879e-04 tokens=131,072
[train:hybrid_basegeo100k_alpha0.2] step=180/382 loss=3.4920 lr=3.388e-04 tokens=131,072
[train:hybrid_basegeo100k_alpha0.2] step=200/382 loss=3.3127 lr=2.887e-04 tokens=131,072
[train:hybrid_basegeo100k_alpha0.2] step=220/382 loss=3.2079 lr=2.389e-04 tokens=131,072
[train:hybrid_basegeo100k_alpha0.2] step=240/382 loss=3.1566 lr=1.907e-04 tokens=131,072
[train:hybrid_basegeo100k_alpha0.2] step=260/382 loss=3.0990 lr=1.457e-04 tokens=131,072
[train:hybrid_basegeo100k_alpha0.2] step=280/382 loss=3.0834 lr=1.049e-04 tokens=131,072
[train:hybrid_basegeo100k_alpha0.2] step=300/382 loss=2.9910 lr=6.965e-05 tokens=131,072
[train:hybrid_basegeo100k_alpha0.2] step=320/382 loss=2.9280 lr=4.082e-05 tokens=131,072
[train:hybrid_basegeo100k_alpha0.2] step=340/382 loss=2.9042 lr=1.926e-05 tokens=131,072
[train:hybrid_basegeo100k_alpha0.2] step=360/382 loss=2.9263 lr=5.552e-06 tokens=131,072
[train:hybrid_basegeo100k_alpha0.2] step=380/382 loss=2.8788 lr=9.474e-08 tokens=131,072
[eval] L= 2048 PPL=17.222 ± 2.028
[eval] L=16384 PPL=29.552 ± 2.741
{
  "name": "hybrid_basegeo100k_alpha0.2",
  "ppl@16384": 29.551512021940358
}
