2026-02-15 13:29:24 | INFO | Loading model...
2026-02-15 13:29:27 | INFO | Running in base-only mode.
2026-02-15 13:29:27 | INFO | Model ready. attn=sdpa variant=base rope=None
2026-02-15 13:29:27 | INFO | Lengths=[4096, 8192] Depths=[10, 50, 90]
2026-02-15 13:29:27 | INFO | Cell start: length=4096 depth=10% needles=1
2026-02-15 13:29:28 | INFO | Cell done: length=4096 depth=10% acc=1.000 (1/1)
2026-02-15 13:29:28 | INFO | Cell start: length=4096 depth=50% needles=1
2026-02-15 13:29:29 | INFO | Cell done: length=4096 depth=50% acc=1.000 (1/1)
2026-02-15 13:29:29 | INFO | Cell start: length=4096 depth=90% needles=1
2026-02-15 13:29:30 | INFO | Cell done: length=4096 depth=90% acc=1.000 (1/1)
2026-02-15 13:29:30 | INFO | Cell start: length=8192 depth=10% needles=1
2026-02-15 13:29:30 | INFO | Cell done: length=8192 depth=10% acc=1.000 (1/1)
2026-02-15 13:29:30 | INFO | Cell start: length=8192 depth=50% needles=1
2026-02-15 13:29:31 | INFO | Cell done: length=8192 depth=50% acc=1.000 (1/1)
2026-02-15 13:29:31 | INFO | Cell start: length=8192 depth=90% needles=1
2026-02-15 13:29:32 | INFO | Cell done: length=8192 depth=90% acc=1.000 (1/1)
2026-02-15 13:29:32 | WARNING | seaborn unavailable; used matplotlib fallback.
2026-02-15 13:29:33 | INFO | Saved /root/autodl-tmp/dfrope/hybrid-rope/results/niah_sanity_piecewise_20260215/base_qa/niah_recall_heatmap.pdf
2026-02-15 13:29:33 | INFO | Saved /root/autodl-tmp/dfrope/hybrid-rope/results/niah_sanity_piecewise_20260215/base_qa/niah_recall_heatmap.png
2026-02-15 13:29:33 | INFO | Saved /root/autodl-tmp/dfrope/hybrid-rope/results/niah_sanity_piecewise_20260215/base_qa/niah_recall_results.json
