[train:geo_50k] n_seq=24,414 total_steps=382/382 micro_batch=64 grad_accum=1
[train:geo_50k] step=1/382 loss=10.9517 lr=0.000e+00 tokens=131,072
[train:geo_50k] step=20/382 loss=6.0804 lr=5.985e-04 tokens=131,072
[train:geo_50k] step=40/382 loss=5.6204 lr=5.893e-04 tokens=131,072
[train:geo_50k] step=60/382 loss=5.2294 lr=5.720e-04 tokens=131,072
[train:geo_50k] step=80/382 loss=4.6938 lr=5.471e-04 tokens=131,072
[train:geo_50k] step=100/382 loss=4.3530 lr=5.152e-04 tokens=131,072
[train:geo_50k] step=120/382 loss=4.0281 lr=4.774e-04 tokens=131,072
[train:geo_50k] step=140/382 loss=3.8187 lr=4.345e-04 tokens=131,072
[train:geo_50k] step=160/382 loss=3.7041 lr=3.879e-04 tokens=131,072
[train:geo_50k] step=180/382 loss=3.5160 lr=3.388e-04 tokens=131,072
[train:geo_50k] step=200/382 loss=3.3303 lr=2.887e-04 tokens=131,072
[train:geo_50k] step=220/382 loss=3.2170 lr=2.389e-04 tokens=131,072
[train:geo_50k] step=240/382 loss=3.1611 lr=1.907e-04 tokens=131,072
[train:geo_50k] step=260/382 loss=3.0990 lr=1.457e-04 tokens=131,072
[train:geo_50k] step=280/382 loss=3.0837 lr=1.049e-04 tokens=131,072
[train:geo_50k] step=300/382 loss=2.9901 lr=6.965e-05 tokens=131,072
[train:geo_50k] step=320/382 loss=2.9275 lr=4.082e-05 tokens=131,072
[train:geo_50k] step=340/382 loss=2.9022 lr=1.926e-05 tokens=131,072
[train:geo_50k] step=360/382 loss=2.9227 lr=5.552e-06 tokens=131,072
[train:geo_50k] step=380/382 loss=2.8754 lr=9.474e-08 tokens=131,072
[eval] L= 2048 PPL=17.116 ± 2.114
[eval] L=16384 PPL=36.129 ± 3.326
{
  "name": "geo_50k",
  "ppl@16384": 36.129439492546446
}
