2026-02-15 13:29:37 | INFO | Loading model...
2026-02-15 13:29:41 | INFO | Patched hybrid rotary layers=1
2026-02-15 13:29:41 | INFO | Running in base-only mode.
2026-02-15 13:29:41 | INFO | Model ready. attn=sdpa variant=hybrid rope=None
2026-02-15 13:29:41 | INFO | Lengths=[4096, 8192] Depths=[10, 50, 90]
2026-02-15 13:29:41 | INFO | Cell start: length=4096 depth=10% needles=1
2026-02-15 13:29:42 | INFO | Cell done: length=4096 depth=10% acc=1.000 (1/1)
2026-02-15 13:29:42 | INFO | Cell start: length=4096 depth=50% needles=1
2026-02-15 13:29:43 | INFO | Cell done: length=4096 depth=50% acc=1.000 (1/1)
2026-02-15 13:29:43 | INFO | Cell start: length=4096 depth=90% needles=1
2026-02-15 13:29:43 | INFO | Cell done: length=4096 depth=90% acc=1.000 (1/1)
2026-02-15 13:29:43 | INFO | Cell start: length=8192 depth=10% needles=1
2026-02-15 13:29:44 | INFO | Cell done: length=8192 depth=10% acc=0.000 (0/1)
2026-02-15 13:29:44 | INFO | Cell start: length=8192 depth=50% needles=1
2026-02-15 13:29:45 | INFO | Cell done: length=8192 depth=50% acc=0.000 (0/1)
2026-02-15 13:29:45 | INFO | Cell start: length=8192 depth=90% needles=1
2026-02-15 13:29:46 | INFO | Cell done: length=8192 depth=90% acc=0.000 (0/1)
2026-02-15 13:29:46 | WARNING | seaborn unavailable; used matplotlib fallback.
2026-02-15 13:29:47 | INFO | Saved /root/autodl-tmp/dfrope/hybrid-rope/results/niah_sanity_piecewise_20260215/base_piecewise_qa/niah_recall_heatmap.pdf
2026-02-15 13:29:47 | INFO | Saved /root/autodl-tmp/dfrope/hybrid-rope/results/niah_sanity_piecewise_20260215/base_piecewise_qa/niah_recall_heatmap.png
2026-02-15 13:29:47 | INFO | Saved /root/autodl-tmp/dfrope/hybrid-rope/results/niah_sanity_piecewise_20260215/base_piecewise_qa/niah_recall_results.json
