============================================================
  Round 3: A100 RoPE Frequency Search (50M)
============================================================
  Loading TinyStories (train)...
  Got 24414 chunks (50.0M tokens)
  Loading TinyStories (validation)...
  Got 290 chunks (4.8M tokens)

>>> Phase 1: Baselines

============================================================
  EXPERIMENT: geo_10k
============================================================
  inv_freq: [1.33e-04, 1.00e+00]
  Model: 50.9M params
  Training: 762 steps
    step 100/762  loss=6.0872  lr=2.91e-04  ETA=3min
    step 200/762  loss=3.5189  lr=2.57e-04  ETA=3min
    step 300/762  loss=2.9241  lr=2.05e-04  ETA=2min
    step 400/762  loss=2.6727  lr=1.43e-04  ETA=2min
    step 500/762  loss=2.5275  lr=8.28e-05  ETA=1min
    step 600/762  loss=2.4370  lr=3.39e-05  ETA=1min
    step 700/762  loss=2.4096  lr=5.23e-06  ETA=0min
  Saved: /opt/dfrope/results/round3_50m/geo_10k.pt
  Evaluating...
      2048: PPL = 8.37
      4096: PPL = 8.43
      8192: PPL = 9.83
     12288: PPL = 12.74
     16384: PPL = 15.13

================================================================================
  RESULTS TABLE (vs benchmark anchpoly_p3.9_omf0.3)
================================================================================
Config                    |     2048 |    16384 |  Improvement
--------------------------------------------------------------------------------
geo_10k                   |     8.37 |    15.13 |          N/A
================================================================================

============================================================
  EXPERIMENT: anchpoly_p3.9_omf0.3
============================================================
  inv_freq: [4.00e-05, 1.00e+00]
  Model: 50.9M params
  Training: 762 steps
    step 100/762  loss=6.1137  lr=2.91e-04  ETA=3min
    step 200/762  loss=3.5331  lr=2.57e-04  ETA=3min
    step 300/762  loss=2.9275  lr=2.05e-04  ETA=2min
    step 400/762  loss=2.6869  lr=1.43e-04  ETA=2min
    step 500/762  loss=2.5539  lr=8.28e-05  ETA=1min
    step 600/762  loss=2.4696  lr=3.39e-05  ETA=1min
    step 700/762  loss=2.4441  lr=5.23e-06  ETA=0min
  Saved: /opt/dfrope/results/round3_50m/anchpoly_p3.9_omf0.3.pt
  Evaluating...
      2048: PPL = 8.74
      4096: PPL = 8.78
      8192: PPL = 11.10
     12288: PPL = 14.71
     16384: PPL = 16.56

================================================================================
  RESULTS TABLE (vs benchmark anchpoly_p3.9_omf0.3)
================================================================================
Config                    |     2048 |    16384 |  Improvement
--------------------------------------------------------------------------------
geo_10k                   |     8.37 |    15.13 |        +8.6%
anchpoly_p3.9_omf0.3      |     8.74 |    16.56 |        +0.0% [B]
================================================================================

>>> Phase 2: Group A - omega_min factor tuning (p=3.9)

Config: anchpoly_p3.9_omf0.1, omega_min=1.33e-05

============================================================
  EXPERIMENT: anchpoly_p3.9_omf0.1
============================================================
  inv_freq: [1.33e-05, 1.00e+00]
  Model: 50.9M params
  Training: 762 steps
    step 100/762  loss=6.1442  lr=2.91e-04  ETA=3min
    step 200/762  loss=3.5410  lr=2.57e-04  ETA=3min
    step 300/762  loss=2.9299  lr=2.05e-04  ETA=2min
    step 400/762  loss=2.6850  lr=1.43e-04  ETA=2min
    step 500/762  loss=2.5482  lr=8.28e-05  ETA=1min
    step 600/762  loss=2.4624  lr=3.39e-05  ETA=1min
    step 700/762  loss=2.4365  lr=5.23e-06  ETA=0min
  Saved: /opt/dfrope/results/round3_50m/anchpoly_p3.9_omf0.1.pt
  Evaluating...
      2048: PPL = 8.65
      4096: PPL = 9.47
      8192: PPL = 12.56
     12288: PPL = 17.60
     16384: PPL = 20.10

================================================================================
  RESULTS TABLE (vs benchmark anchpoly_p3.9_omf0.3)
================================================================================
Config                    |     2048 |    16384 |  Improvement
--------------------------------------------------------------------------------
geo_10k                   |     8.37 |    15.13 |        +8.6%
anchpoly_p3.9_omf0.3      |     8.74 |    16.56 |        +0.0% [B]
anchpoly_p3.9_omf0.1      |     8.65 |    20.10 |       -21.4%
================================================================================

Config: anchpoly_p3.9_omf0.15, omega_min=2.00e-05

============================================================
  EXPERIMENT: anchpoly_p3.9_omf0.15
============================================================
  inv_freq: [2.00e-05, 1.00e+00]
  Model: 50.9M params
  Training: 762 steps
    step 100/762  loss=6.1289  lr=2.91e-04  ETA=3min
    step 200/762  loss=3.5357  lr=2.57e-04  ETA=3min
    step 300/762  loss=2.9273  lr=2.05e-04  ETA=2min
    step 400/762  loss=2.6852  lr=1.43e-04  ETA=2min
    step 500/762  loss=2.5521  lr=8.28e-05  ETA=1min
    step 600/762  loss=2.4677  lr=3.39e-05  ETA=1min
    step 700/762  loss=2.4423  lr=5.23e-06  ETA=0min
  Saved: /opt/dfrope/results/round3_50m/anchpoly_p3.9_omf0.15.pt
  Evaluating...
      2048: PPL = 8.71
      4096: PPL = 9.70
      8192: PPL = 12.69
     12288: PPL = 17.82
     16384: PPL = 20.45

================================================================================
  RESULTS TABLE (vs benchmark anchpoly_p3.9_omf0.3)
================================================================================
Config                    |     2048 |    16384 |  Improvement
--------------------------------------------------------------------------------
geo_10k                   |     8.37 |    15.13 |        +8.6%
anchpoly_p3.9_omf0.3      |     8.74 |    16.56 |        +0.0% [B]
anchpoly_p3.9_omf0.1      |     8.65 |    20.10 |       -21.4%
anchpoly_p3.9_omf0.15     |     8.71 |    20.45 |       -23.5%
================================================================================

Config: anchpoly_p3.9_omf0.2, omega_min=2.67e-05

============================================================
  EXPERIMENT: anchpoly_p3.9_omf0.2
============================================================
  inv_freq: [2.67e-05, 1.00e+00]
  Model: 50.9M params
  Training: 762 steps
    step 100/762  loss=6.1392  lr=2.91e-04  ETA=3min
    step 200/762  loss=3.5429  lr=2.57e-04  ETA=3min
    step 300/762  loss=2.9323  lr=2.05e-04  ETA=2min
    step 400/762  loss=2.6885  lr=1.43e-04  ETA=2min
    step 500/762  loss=2.5531  lr=8.28e-05  ETA=1min
    step 600/762  loss=2.4679  lr=3.39e-05  ETA=1min
    step 700/762  loss=2.4423  lr=5.23e-06  ETA=0min
  Saved: /opt/dfrope/results/round3_50m/anchpoly_p3.9_omf0.2.pt
  Evaluating...
      2048: PPL = 8.75
      4096: PPL = 9.56
      8192: PPL = 12.55
     12288: PPL = 17.63
     16384: PPL = 21.31

================================================================================
  RESULTS TABLE (vs benchmark anchpoly_p3.9_omf0.3)
================================================================================
Config                    |     2048 |    16384 |  Improvement
--------------------------------------------------------------------------------
geo_10k                   |     8.37 |    15.13 |        +8.6%
anchpoly_p3.9_omf0.3      |     8.74 |    16.56 |        +0.0% [B]
anchpoly_p3.9_omf0.1      |     8.65 |    20.10 |       -21.4%
anchpoly_p3.9_omf0.15     |     8.71 |    20.45 |       -23.5%
anchpoly_p3.9_omf0.2      |     8.75 |    21.31 |       -28.7%
================================================================================

Config: anchpoly_p3.9_omf0.25, omega_min=3.33e-05

============================================================
  EXPERIMENT: anchpoly_p3.9_omf0.25
============================================================
  inv_freq: [3.33e-05, 1.00e+00]
  Model: 50.9M params
  Training: 762 steps
    step 100/762  loss=6.1343  lr=2.91e-04  ETA=3min
    step 200/762  loss=3.5590  lr=2.57e-04  ETA=3min
    step 300/762  loss=2.9362  lr=2.05e-04  ETA=2min
    step 400/762  loss=2.6919  lr=1.43e-04  ETA=2min
    step 500/762  loss=2.5574  lr=8.28e-05  ETA=1min
    step 600/762  loss=2.4728  lr=3.39e-05  ETA=1min
    step 700/762  loss=2.4470  lr=5.23e-06  ETA=0min
  Saved: /opt/dfrope/results/round3_50m/anchpoly_p3.9_omf0.25.pt
  Evaluating...
      2048: PPL = 8.78
      4096: PPL = 9.05
      8192: PPL = 11.21
     12288: PPL = 14.75
     16384: PPL = 17.05

================================================================================
  RESULTS TABLE (vs benchmark anchpoly_p3.9_omf0.3)
================================================================================
Config                    |     2048 |    16384 |  Improvement
--------------------------------------------------------------------------------
geo_10k                   |     8.37 |    15.13 |        +8.6%
anchpoly_p3.9_omf0.3      |     8.74 |    16.56 |        +0.0% [B]
anchpoly_p3.9_omf0.1      |     8.65 |    20.10 |       -21.4%
anchpoly_p3.9_omf0.15     |     8.71 |    20.45 |       -23.5%
anchpoly_p3.9_omf0.2      |     8.75 |    21.31 |       -28.7%
anchpoly_p3.9_omf0.25     |     8.78 |    17.05 |        -3.0%
================================================================================

Config: anchpoly_p3.9_omf0.35, omega_min=4.67e-05

============================================================
  EXPERIMENT: anchpoly_p3.9_omf0.35
============================================================
  inv_freq: [4.67e-05, 1.00e+00]
  Model: 50.9M params
  Training: 762 steps
    step 100/762  loss=6.1460  lr=2.91e-04  ETA=3min
    step 200/762  loss=3.5409  lr=2.57e-04  ETA=3min
    step 300/762  loss=2.9327  lr=2.05e-04  ETA=2min
    step 400/762  loss=2.6857  lr=1.43e-04  ETA=2min
    step 500/762  loss=2.5501  lr=8.28e-05  ETA=1min
    step 600/762  loss=2.4648  lr=3.39e-05  ETA=1min
    step 700/762  loss=2.4392  lr=5.23e-06  ETA=0min
  Saved: /opt/dfrope/results/round3_50m/anchpoly_p3.9_omf0.35.pt
  Evaluating...
      2048: PPL = 8.68
      4096: PPL = 8.97
      8192: PPL = 12.67
     12288: PPL = 17.62
     16384: PPL = 20.01

================================================================================
  RESULTS TABLE (vs benchmark anchpoly_p3.9_omf0.3)
================================================================================
Config                    |     2048 |    16384 |  Improvement
--------------------------------------------------------------------------------
geo_10k                   |     8.37 |    15.13 |        +8.6%
anchpoly_p3.9_omf0.3      |     8.74 |    16.56 |        +0.0% [B]
anchpoly_p3.9_omf0.1      |     8.65 |    20.10 |       -21.4%
anchpoly_p3.9_omf0.15     |     8.71 |    20.45 |       -23.5%
anchpoly_p3.9_omf0.2      |     8.75 |    21.31 |       -28.7%
anchpoly_p3.9_omf0.25     |     8.78 |    17.05 |        -3.0%
anchpoly_p3.9_omf0.35     |     8.68 |    20.01 |       -20.9% [B]
================================================================================

Config: anchpoly_p3.9_omf0.4, omega_min=5.33e-05

============================================================
  EXPERIMENT: anchpoly_p3.9_omf0.4
============================================================
  inv_freq: [5.33e-05, 1.00e+00]
  Model: 50.9M params
  Training: 762 steps
    step 100/762  loss=6.1353  lr=2.91e-04  ETA=3min
    step 200/762  loss=3.5412  lr=2.57e-04  ETA=3min
    step 300/762  loss=2.9327  lr=2.05e-04  ETA=2min
    step 400/762  loss=2.6889  lr=1.43e-04  ETA=2min
    step 500/762  loss=2.5526  lr=8.28e-05  ETA=1min
    step 600/762  loss=2.4678  lr=3.39e-05  ETA=1min
    step 700/762  loss=2.4424  lr=5.23e-06  ETA=0min
  Saved: /opt/dfrope/results/round3_50m/anchpoly_p3.9_omf0.4.pt
  Evaluating...
      2048: PPL = 8.73
      4096: PPL = 9.56
      8192: PPL = 14.23
     12288: PPL = 19.91
     16384: PPL = 22.78

================================================================================
  RESULTS TABLE (vs benchmark anchpoly_p3.9_omf0.3)
================================================================================
Config                    |     2048 |    16384 |  Improvement
--------------------------------------------------------------------------------
geo_10k                   |     8.37 |    15.13 |        +8.6%
anchpoly_p3.9_omf0.3      |     8.74 |    16.56 |        +0.0% [B]
anchpoly_p3.9_omf0.1      |     8.65 |    20.10 |       -21.4%
anchpoly_p3.9_omf0.15     |     8.71 |    20.45 |       -23.5%
anchpoly_p3.9_omf0.2      |     8.75 |    21.31 |       -28.7%
anchpoly_p3.9_omf0.25     |     8.78 |    17.05 |        -3.0%
anchpoly_p3.9_omf0.35     |     8.68 |    20.01 |       -20.9% [B]
anchpoly_p3.9_omf0.4      |     8.73 |    22.78 |       -37.6%
================================================================================

>>> Phase 3: Group B - p value tuning (omf=0.3)

============================================================
  EXPERIMENT: anchpoly_p3.5_omf0.3
============================================================
  inv_freq: [4.00e-05, 1.00e+00]
  Model: 50.9M params
  Training: 762 steps
    step 100/762  loss=6.1330  lr=2.91e-04  ETA=3min
    step 200/762  loss=3.5327  lr=2.57e-04  ETA=3min
    step 300/762  loss=2.9285  lr=2.05e-04  ETA=2min
    step 400/762  loss=2.6876  lr=1.43e-04  ETA=2min
    step 500/762  loss=2.5541  lr=8.28e-05  ETA=1min
    step 600/762  loss=2.4696  lr=3.39e-05  ETA=1min
    step 700/762  loss=2.4447  lr=5.23e-06  ETA=0min
  Saved: /opt/dfrope/results/round3_50m/anchpoly_p3.5_omf0.3.pt
  Evaluating...
      2048: PPL = 8.75
      4096: PPL = 9.23
      8192: PPL = 12.50
     12288: PPL = 18.33
     16384: PPL = 21.27

================================================================================
  RESULTS TABLE (vs benchmark anchpoly_p3.9_omf0.3)
================================================================================
Config                    |     2048 |    16384 |  Improvement
--------------------------------------------------------------------------------
geo_10k                   |     8.37 |    15.13 |        +8.6%
anchpoly_p3.9_omf0.3      |     8.74 |    16.56 |        +0.0% [B]
anchpoly_p3.9_omf0.1      |     8.65 |    20.10 |       -21.4%
anchpoly_p3.9_omf0.15     |     8.71 |    20.45 |       -23.5%
anchpoly_p3.9_omf0.2      |     8.75 |    21.31 |       -28.7%
anchpoly_p3.9_omf0.25     |     8.78 |    17.05 |        -3.0%
anchpoly_p3.9_omf0.35     |     8.68 |    20.01 |       -20.9% [B]
anchpoly_p3.9_omf0.4      |     8.73 |    22.78 |       -37.6%
anchpoly_p3.5_omf0.3      |     8.75 |    21.27 |       -28.5%
================================================================================

============================================================
  EXPERIMENT: anchpoly_p3.6_omf0.3
============================================================
  inv_freq: [4.00e-05, 1.00e+00]
  Model: 50.9M params
  Training: 762 steps
    step 100/762  loss=6.1433  lr=2.91e-04  ETA=3min
    step 200/762  loss=3.5438  lr=2.57e-04  ETA=3min
    step 300/762  loss=2.9320  lr=2.05e-04  ETA=2min
    step 400/762  loss=2.6876  lr=1.43e-04  ETA=2min
    step 500/762  loss=2.5527  lr=8.28e-05  ETA=1min
    step 600/762  loss=2.4669  lr=3.39e-05  ETA=1min
    step 700/762  loss=2.4410  lr=5.23e-06  ETA=0min
  Saved: /opt/dfrope/results/round3_50m/anchpoly_p3.6_omf0.3.pt
  Evaluating...
      2048: PPL = 8.73
      4096: PPL = 9.15
      8192: PPL = 12.55
     12288: PPL = 17.97
     16384: PPL = 20.72

================================================================================
  RESULTS TABLE (vs benchmark anchpoly_p3.9_omf0.3)
================================================================================
Config                    |     2048 |    16384 |  Improvement
--------------------------------------------------------------------------------
geo_10k                   |     8.37 |    15.13 |        +8.6%
anchpoly_p3.9_omf0.3      |     8.74 |    16.56 |        +0.0% [B]
anchpoly_p3.9_omf0.1      |     8.65 |    20.10 |       -21.4%
anchpoly_p3.9_omf0.15     |     8.71 |    20.45 |       -23.5%
anchpoly_p3.9_omf0.2      |     8.75 |    21.31 |       -28.7%
anchpoly_p3.9_omf0.25     |     8.78 |    17.05 |        -3.0%
anchpoly_p3.9_omf0.35     |     8.68 |    20.01 |       -20.9% [B]
anchpoly_p3.9_omf0.4      |     8.73 |    22.78 |       -37.6%
anchpoly_p3.5_omf0.3      |     8.75 |    21.27 |       -28.5%
anchpoly_p3.6_omf0.3      |     8.73 |    20.72 |       -25.1%
================================================================================

============================================================
  EXPERIMENT: anchpoly_p3.7_omf0.3
============================================================
  inv_freq: [4.00e-05, 1.00e+00]
  Model: 50.9M params
  Training: 762 steps
    step 100/762  loss=6.1333  lr=2.91e-04  ETA=3min
    step 200/762  loss=3.5367  lr=2.57e-04  ETA=3min
    step 300/762  loss=2.9242  lr=2.05e-04  ETA=2min
    step 400/762  loss=2.6830  lr=1.43e-04  ETA=2min
    step 500/762  loss=2.5503  lr=8.28e-05  ETA=1min
    step 600/762  loss=2.4660  lr=3.39e-05  ETA=1min
    step 700/762  loss=2.4405  lr=5.23e-06  ETA=0min
  Saved: /opt/dfrope/results/round3_50m/anchpoly_p3.7_omf0.3.pt
  Evaluating...
      2048: PPL = 8.70
      4096: PPL = 9.06
      8192: PPL = 12.43
     12288: PPL = 17.27
     16384: PPL = 19.96

================================================================================
  RESULTS TABLE (vs benchmark anchpoly_p3.9_omf0.3)
================================================================================
Config                    |     2048 |    16384 |  Improvement
--------------------------------------------------------------------------------
geo_10k                   |     8.37 |    15.13 |        +8.6%
anchpoly_p3.9_omf0.3      |     8.74 |    16.56 |        +0.0% [B]
anchpoly_p3.9_omf0.1      |     8.65 |    20.10 |       -21.4%
anchpoly_p3.9_omf0.15     |     8.71 |    20.45 |       -23.5%
anchpoly_p3.9_omf0.2      |     8.75 |    21.31 |       -28.7%
anchpoly_p3.9_omf0.25     |     8.78 |    17.05 |        -3.0%
anchpoly_p3.9_omf0.35     |     8.68 |    20.01 |       -20.9% [B]
anchpoly_p3.9_omf0.4      |     8.73 |    22.78 |       -37.6%
anchpoly_p3.5_omf0.3      |     8.75 |    21.27 |       -28.5%
anchpoly_p3.6_omf0.3      |     8.73 |    20.72 |       -25.1%
anchpoly_p3.7_omf0.3      |     8.70 |    19.96 |       -20.6%
================================================================================

============================================================
  EXPERIMENT: anchpoly_p3.8_omf0.3
============================================================
  inv_freq: [4.00e-05, 1.00e+00]
  Model: 50.9M params
  Training: 762 steps
    step 100/762  loss=6.1326  lr=2.91e-04  ETA=3min
    step 200/762  loss=3.5411  lr=2.57e-04  ETA=3min
    step 300/762  loss=2.9313  lr=2.05e-04  ETA=2min
    step 400/762  loss=2.6880  lr=1.43e-04  ETA=2min
    step 500/762  loss=2.5542  lr=8.28e-05  ETA=1min
    step 600/762  loss=2.4693  lr=3.39e-05  ETA=1min
    step 700/762  loss=2.4440  lr=5.23e-06  ETA=0min
  Saved: /opt/dfrope/results/round3_50m/anchpoly_p3.8_omf0.3.pt
  Evaluating...
      2048: PPL = 8.74
      4096: PPL = 8.93
      8192: PPL = 11.76
     12288: PPL = 15.89
     16384: PPL = 18.36

================================================================================
  RESULTS TABLE (vs benchmark anchpoly_p3.9_omf0.3)
================================================================================
Config                    |     2048 |    16384 |  Improvement
--------------------------------------------------------------------------------
geo_10k                   |     8.37 |    15.13 |        +8.6%
anchpoly_p3.9_omf0.3      |     8.74 |    16.56 |        +0.0% [B]
anchpoly_p3.9_omf0.1      |     8.65 |    20.10 |       -21.4%
anchpoly_p3.9_omf0.15     |     8.71 |    20.45 |       -23.5%
anchpoly_p3.9_omf0.2      |     8.75 |    21.31 |       -28.7%
anchpoly_p3.9_omf0.25     |     8.78 |    17.05 |        -3.0%
anchpoly_p3.9_omf0.35     |     8.68 |    20.01 |       -20.9% [B]
anchpoly_p3.9_omf0.4      |     8.73 |    22.78 |       -37.6%
anchpoly_p3.5_omf0.3      |     8.75 |    21.27 |       -28.5%
anchpoly_p3.6_omf0.3      |     8.73 |    20.72 |       -25.1%
anchpoly_p3.7_omf0.3      |     8.70 |    19.96 |       -20.6%
anchpoly_p3.8_omf0.3      |     8.74 |    18.36 |       -10.9%
================================================================================

============================================================
  EXPERIMENT: anchpoly_p4.0_omf0.3
============================================================
  inv_freq: [4.00e-05, 1.00e+00]
  Model: 50.9M params
  Training: 762 steps
    step 100/762  loss=6.1525  lr=2.91e-04  ETA=3min
    step 200/762  loss=3.5677  lr=2.57e-04  ETA=3min
    step 300/762  loss=2.9425  lr=2.05e-04  ETA=2min
    step 400/762  loss=2.6921  lr=1.43e-04  ETA=2min
    step 500/762  loss=2.5560  lr=8.28e-05  ETA=1min
    step 600/762  loss=2.4703  lr=3.39e-05  ETA=1min
    step 700/762  loss=2.4442  lr=5.23e-06  ETA=0min
  Saved: /opt/dfrope/results/round3_50m/anchpoly_p4.0_omf0.3.pt
  Evaluating...
      2048: PPL = 8.74
      4096: PPL = 8.83
      8192: PPL = 11.79
     12288: PPL = 16.13
     16384: PPL = 18.73

================================================================================
  RESULTS TABLE (vs benchmark anchpoly_p3.9_omf0.3)
================================================================================
Config                    |     2048 |    16384 |  Improvement
--------------------------------------------------------------------------------
geo_10k                   |     8.37 |    15.13 |        +8.6%
anchpoly_p3.9_omf0.3      |     8.74 |    16.56 |        +0.0% [B]
anchpoly_p3.9_omf0.1      |     8.65 |    20.10 |       -21.4%
anchpoly_p3.9_omf0.15     |     8.71 |    20.45 |       -23.5%
anchpoly_p3.9_omf0.2      |     8.75 |    21.31 |       -28.7%
anchpoly_p3.9_omf0.25     |     8.78 |    17.05 |        -3.0%
anchpoly_p3.9_omf0.35     |     8.68 |    20.01 |       -20.9% [B]
anchpoly_p3.9_omf0.4      |     8.73 |    22.78 |       -37.6%
anchpoly_p3.5_omf0.3      |     8.75 |    21.27 |       -28.5%
anchpoly_p3.6_omf0.3      |     8.73 |    20.72 |       -25.1%
anchpoly_p3.7_omf0.3      |     8.70 |    19.96 |       -20.6%
anchpoly_p3.8_omf0.3      |     8.74 |    18.36 |       -10.9%
anchpoly_p4.0_omf0.3      |     8.74 |    18.73 |       -13.1%
================================================================================

============================================================
  EXPERIMENT: anchpoly_p4.1_omf0.3
============================================================
  inv_freq: [4.00e-05, 1.00e+00]
  Model: 50.9M params
  Training: 762 steps
    step 100/762  loss=6.1515  lr=2.91e-04  ETA=3min
    step 200/762  loss=3.5560  lr=2.57e-04  ETA=3min
    step 300/762  loss=2.9310  lr=2.05e-04  ETA=2min
    step 400/762  loss=2.6836  lr=1.43e-04  ETA=2min
    step 500/762  loss=2.5470  lr=8.28e-05  ETA=1min
    step 600/762  loss=2.4613  lr=3.39e-05  ETA=1min
    step 700/762  loss=2.4351  lr=5.23e-06  ETA=0min
  Saved: /opt/dfrope/results/round3_50m/anchpoly_p4.1_omf0.3.pt
  Evaluating...
      2048: PPL = 8.68
      4096: PPL = 8.98
      8192: PPL = 12.15
     12288: PPL = 17.36
     16384: PPL = 20.20

================================================================================
  RESULTS TABLE (vs benchmark anchpoly_p3.9_omf0.3)
================================================================================
Config                    |     2048 |    16384 |  Improvement
--------------------------------------------------------------------------------
geo_10k                   |     8.37 |    15.13 |        +8.6%
anchpoly_p3.9_omf0.3      |     8.74 |    16.56 |        +0.0% [B]
anchpoly_p3.9_omf0.1      |     8.65 |    20.10 |       -21.4%
anchpoly_p3.9_omf0.15     |     8.71 |    20.45 |       -23.5%
anchpoly_p3.9_omf0.2      |     8.75 |    21.31 |       -28.7%
anchpoly_p3.9_omf0.25     |     8.78 |    17.05 |        -3.0%
anchpoly_p3.9_omf0.35     |     8.68 |    20.01 |       -20.9% [B]
anchpoly_p3.9_omf0.4      |     8.73 |    22.78 |       -37.6%
anchpoly_p3.5_omf0.3      |     8.75 |    21.27 |       -28.5%
anchpoly_p3.6_omf0.3      |     8.73 |    20.72 |       -25.1%
anchpoly_p3.7_omf0.3      |     8.70 |    19.96 |       -20.6%
anchpoly_p3.8_omf0.3      |     8.74 |    18.36 |       -10.9%
anchpoly_p4.0_omf0.3      |     8.74 |    18.73 |       -13.1%
anchpoly_p4.1_omf0.3      |     8.68 |    20.20 |       -22.0%
================================================================================

============================================================
  EXPERIMENT: anchpoly_p4.2_omf0.3
============================================================
  inv_freq: [4.00e-05, 1.00e+00]
  Model: 50.9M params
  Training: 762 steps
    step 100/762  loss=6.1468  lr=2.91e-04  ETA=3min
