=== Check 1 at Thu Feb 12 06:29:22 UTC 2026 ===
  350M Model Validation: Polynomial vs Geometric RoPE
======================================================================
  Loading TinyStories (train)...
---
=== Check 2 at Thu Feb 12 06:29:52 UTC 2026 ===
  350M Model Validation: Polynomial vs Geometric RoPE
======================================================================
  Loading TinyStories (train)...
---
=== Check 3 at Thu Feb 12 06:30:22 UTC 2026 ===
  350M Model Validation: Polynomial vs Geometric RoPE
======================================================================
  Loading TinyStories (train)...
---
=== Check 4 at Thu Feb 12 06:30:52 UTC 2026 ===
  350M Model Validation: Polynomial vs Geometric RoPE
======================================================================
  Loading TinyStories (train)...
---
=== Check 5 at Thu Feb 12 06:31:22 UTC 2026 ===
  350M Model Validation: Polynomial vs Geometric RoPE
======================================================================
  Loading TinyStories (train)...
---
=== Check 6 at Thu Feb 12 06:31:52 UTC 2026 ===
  350M Model Validation: Polynomial vs Geometric RoPE
======================================================================
  Loading TinyStories (train)...
---
=== Check 7 at Thu Feb 12 06:32:22 UTC 2026 ===
  350M Model Validation: Polynomial vs Geometric RoPE
======================================================================
  Loading TinyStories (train)...
---
=== Check 8 at Thu Feb 12 06:32:52 UTC 2026 ===
  350M Model Validation: Polynomial vs Geometric RoPE
======================================================================
  Loading TinyStories (train)...
---
=== Check 9 at Thu Feb 12 06:33:22 UTC 2026 ===
  350M Model Validation: Polynomial vs Geometric RoPE
======================================================================
  Loading TinyStories (train)...
---
=== Check 10 at Thu Feb 12 06:33:52 UTC 2026 ===
  350M Model Validation: Polynomial vs Geometric RoPE
======================================================================
  Loading TinyStories (train)...
---
