[train:sigmoid_th500k_steep8_mid0.5_omf0.3] n_seq=24,414 total_steps=382/382 micro_batch=64 grad_accum=1
[train:sigmoid_th500k_steep8_mid0.5_omf0.3] step=1/382 loss=10.9511 lr=0.000e+00 tokens=131,072
[train:sigmoid_th500k_steep8_mid0.5_omf0.3] step=20/382 loss=6.0483 lr=5.985e-04 tokens=131,072
[train:sigmoid_th500k_steep8_mid0.5_omf0.3] step=40/382 loss=5.6069 lr=5.893e-04 tokens=131,072
[train:sigmoid_th500k_steep8_mid0.5_omf0.3] step=60/382 loss=5.2178 lr=5.720e-04 tokens=131,072
[train:sigmoid_th500k_steep8_mid0.5_omf0.3] step=80/382 loss=4.7820 lr=5.471e-04 tokens=131,072
[train:sigmoid_th500k_steep8_mid0.5_omf0.3] step=100/382 loss=4.3943 lr=5.152e-04 tokens=131,072
[train:sigmoid_th500k_steep8_mid0.5_omf0.3] step=120/382 loss=4.0613 lr=4.774e-04 tokens=131,072
[train:sigmoid_th500k_steep8_mid0.5_omf0.3] step=140/382 loss=3.8378 lr=4.345e-04 tokens=131,072
[train:sigmoid_th500k_steep8_mid0.5_omf0.3] step=160/382 loss=3.6949 lr=3.879e-04 tokens=131,072
[train:sigmoid_th500k_steep8_mid0.5_omf0.3] step=180/382 loss=3.5149 lr=3.388e-04 tokens=131,072
[train:sigmoid_th500k_steep8_mid0.5_omf0.3] step=200/382 loss=3.3398 lr=2.887e-04 tokens=131,072
[train:sigmoid_th500k_steep8_mid0.5_omf0.3] step=220/382 loss=3.2423 lr=2.389e-04 tokens=131,072
[train:sigmoid_th500k_steep8_mid0.5_omf0.3] step=240/382 loss=3.1846 lr=1.907e-04 tokens=131,072
[train:sigmoid_th500k_steep8_mid0.5_omf0.3] step=260/382 loss=3.1246 lr=1.457e-04 tokens=131,072
[train:sigmoid_th500k_steep8_mid0.5_omf0.3] step=280/382 loss=3.1108 lr=1.049e-04 tokens=131,072
[train:sigmoid_th500k_steep8_mid0.5_omf0.3] step=300/382 loss=3.0178 lr=6.965e-05 tokens=131,072
[train:sigmoid_th500k_steep8_mid0.5_omf0.3] step=320/382 loss=2.9529 lr=4.082e-05 tokens=131,072
[train:sigmoid_th500k_steep8_mid0.5_omf0.3] step=340/382 loss=2.9283 lr=1.926e-05 tokens=131,072
[train:sigmoid_th500k_steep8_mid0.5_omf0.3] step=360/382 loss=2.9514 lr=5.552e-06 tokens=131,072
[train:sigmoid_th500k_steep8_mid0.5_omf0.3] step=380/382 loss=2.9047 lr=9.474e-08 tokens=131,072
[eval] L= 2048 PPL=17.884 ± 2.192
[eval] L=16384 PPL=24.541 ± 2.270
{
  "name": "sigmoid_th500k_steep8_mid0.5_omf0.3",
  "ppl@16384": 24.540756755949214
}
