  Loading TinyStories (50M tokens)...
  Loading validation data...

============================================================
  geo_500k_seed42
  seed=42
  freq range: [3.01e-06, 1.0000]
============================================================
  Params: 50.9M
    step 0/762  loss=10.9601  lr=0.00e+00  ETA=8min
    step 100/762  loss=3.8904  lr=5.81e-04  ETA=3min
    step 200/762  loss=3.0572  lr=5.14e-04  ETA=2min
    step 300/762  loss=2.6067  lr=4.09e-04  ETA=2min
    step 400/762  loss=2.4238  lr=2.85e-04  ETA=1min
    step 500/762  loss=2.2385  lr=1.64e-04  ETA=1min
    step 600/762  loss=2.2090  lr=6.70e-05  ETA=1min
    step 700/762  loss=2.1949  lr=1.01e-05  ETA=0min
    L=2048: PPL=6.753
    L=4096: PPL=6.973
    L=8192: PPL=8.714
    L=16384: PPL=16.569

============================================================
  geo_500k_seed123
  seed=123
  freq range: [3.01e-06, 1.0000]
============================================================
  Params: 50.9M
    step 0/762  loss=10.9264  lr=0.00e+00  ETA=0min
    step 100/762  loss=3.9316  lr=5.81e-04  ETA=3min
    step 200/762  loss=3.2356  lr=5.14e-04  ETA=2min
    step 300/762  loss=2.7119  lr=4.09e-04  ETA=2min
    step 400/762  loss=2.4891  lr=2.85e-04  ETA=1min
    step 500/762  loss=2.3546  lr=1.64e-04  ETA=1min
    step 600/762  loss=2.2795  lr=6.70e-05  ETA=1min
    step 700/762  loss=2.2392  lr=1.01e-05  ETA=0min
    L=2048: PPL=6.912
    L=4096: PPL=7.648
    L=8192: PPL=10.602
    L=16384: PPL=20.490

============================================================
  geo_500k_seed7
  seed=7
  freq range: [3.01e-06, 1.0000]
============================================================
  Params: 50.9M
    step 0/762  loss=10.8710  lr=0.00e+00  ETA=0min
    step 100/762  loss=3.9954  lr=5.81e-04  ETA=3min
    step 200/762  loss=3.1782  lr=5.14e-04  ETA=2min
    step 300/762  loss=2.7220  lr=4.09e-04  ETA=2min
    step 400/762  loss=2.4751  lr=2.85e-04  ETA=1min
    step 500/762  loss=2.2429  lr=1.64e-04  ETA=1min
    step 600/762  loss=2.1822  lr=6.70e-05  ETA=1min
    step 700/762  loss=2.1427  lr=1.01e-05  ETA=0min
    L=2048: PPL=6.798
    L=4096: PPL=7.202
    L=8192: PPL=10.155
    L=16384: PPL=21.099

============================================================
  hybrid_a0.2_t100k_seed42
  seed=42
  freq range: [1.23e-05, 1.0000]
============================================================
  Params: 50.9M
    step 0/762  loss=10.9609  lr=0.00e+00  ETA=0min
    step 100/762  loss=3.8942  lr=5.81e-04  ETA=3min
    step 200/762  loss=3.0482  lr=5.14e-04  ETA=2min
    step 300/762  loss=2.5958  lr=4.09e-04  ETA=2min
    step 400/762  loss=2.4082  lr=2.85e-04  ETA=1min
    step 500/762  loss=2.2195  lr=1.64e-04  ETA=1min
    step 600/762  loss=2.1957  lr=6.70e-05  ETA=1min
    step 700/762  loss=2.1789  lr=1.01e-05  ETA=0min
    L=2048: PPL=6.654
    L=4096: PPL=6.724
    L=8192: PPL=8.435
    L=16384: PPL=15.454

============================================================
  hybrid_a0.2_t100k_seed123
  seed=123
  freq range: [1.23e-05, 1.0000]
============================================================
  Params: 50.9M
    step 0/762  loss=10.9260  lr=0.00e+00  ETA=0min
    step 100/762  loss=3.9746  lr=5.81e-04  ETA=3min
    step 200/762  loss=3.1773  lr=5.14e-04  ETA=2min
    step 300/762  loss=2.6936  lr=4.09e-04  ETA=2min
    step 400/762  loss=2.4899  lr=2.85e-04  ETA=1min
    step 500/762  loss=2.3562  lr=1.64e-04  ETA=1min
    step 600/762  loss=2.2777  lr=6.70e-05  ETA=1min
    step 700/762  loss=2.2348  lr=1.01e-05  ETA=0min
    L=2048: PPL=6.945
    L=4096: PPL=7.159
    L=8192: PPL=9.211
    L=16384: PPL=17.474

============================================================
  hybrid_a0.2_t100k_seed7
  seed=7
  freq range: [1.23e-05, 1.0000]
============================================================
  Params: 50.9M
    step 0/762  loss=10.8721  lr=0.00e+00  ETA=0min
    step 100/762  loss=3.8588  lr=5.81e-04  ETA=3min
    step 200/762  loss=3.0229  lr=5.14e-04  ETA=2min
    step 300/762  loss=2.6243  lr=4.09e-04  ETA=2min
    step 400/762  loss=2.4031  lr=2.85e-04  ETA=1min
    step 500/762  loss=2.1789  lr=1.64e-04  ETA=1min
    step 600/762  loss=2.1279  lr=6.70e-05  ETA=1min
    step 700/762  loss=2.0858  lr=1.01e-05  ETA=0min
    L=2048: PPL=6.458
    L=4096: PPL=6.701
    L=8192: PPL=9.729
    L=16384: PPL=19.284

============================================================
  anchpoly_p3.9_omf0.3_t500k_seed42
  seed=42
  freq range: [9.04e-07, 1.0000]
============================================================
  Params: 50.9M
    step 0/762  loss=10.9601  lr=0.00e+00  ETA=0min
    step 100/762  loss=3.9218  lr=5.81e-04  ETA=3min
    step 200/762  loss=3.0417  lr=5.14e-04  ETA=2min
    step 300/762  loss=2.5668  lr=4.09e-04  ETA=2min
    step 400/762  loss=2.3870  lr=2.85e-04  ETA=1min
    step 500/762  loss=2.1947  lr=1.64e-04  ETA=1min
    step 600/762  loss=2.1650  lr=6.70e-05  ETA=1min
    step 700/762  loss=2.1512  lr=1.01e-05  ETA=0min
    L=2048: PPL=6.411
    L=4096: PPL=6.387
    L=8192: PPL=9.281
    L=16384: PPL=18.683

============================================================
  anchpoly_p3.9_omf0.3_t500k_seed123
  seed=123
  freq range: [9.04e-07, 1.0000]
============================================================
  Params: 50.9M
    step 0/762  loss=10.9260  lr=0.00e+00  ETA=1min
    step 100/762  loss=3.9831  lr=5.81e-04  ETA=3min
    step 200/762  loss=3.1907  lr=5.14e-04  ETA=2min
    step 300/762  loss=2.6927  lr=4.09e-04  ETA=2min
    step 400/762  loss=2.4821  lr=2.85e-04  ETA=1min
    step 500/762  loss=2.3544  lr=1.64e-04  ETA=1min
    step 600/762  loss=2.2792  lr=6.70e-05  ETA=1min
    step 700/762  loss=2.2311  lr=1.01e-05  ETA=0min
    L=2048: PPL=6.963
    L=4096: PPL=6.943
    L=8192: PPL=9.435
    L=16384: PPL=17.774

============================================================
  anchpoly_p3.9_omf0.3_t500k_seed7
  seed=7
  freq range: [9.04e-07, 1.0000]
============================================================
  Params: 50.9M
    step 0/762  loss=10.8724  lr=0.00e+00  ETA=0min
    step 100/762  loss=3.9385  lr=5.81e-04  ETA=3min
    step 200/762  loss=3.0251  lr=5.14e-04  ETA=2min
    step 300/762  loss=2.6352  lr=4.09e-04  ETA=2min
    step 400/762  loss=2.4209  lr=2.85e-04  ETA=1min
    step 500/762  loss=2.1894  lr=1.64e-04  ETA=1min
    step 600/762  loss=2.1358  lr=6.70e-05  ETA=1min
    step 700/762  loss=2.0982  lr=1.01e-05  ETA=0min
    L=2048: PPL=6.485
    L=4096: PPL=6.500
    L=8192: PPL=8.932
    L=16384: PPL=17.378

Config              | Seed | PPL@2048 | PPL@16384
geo_500k            |   42 |    6.753 |    16.569
geo_500k            |  123 |    6.912 |     20.49
geo_500k            |    7 |    6.798 |    21.099
hybrid_a0.2_t100k   |   42 |    6.654 |    15.454
hybrid_a0.2_t100k   |  123 |    6.945 |    17.474
hybrid_a0.2_t100k   |    7 |    6.458 |    19.284
anchpoly_p3.9_omf0.3_t500k |   42 |    6.411 |    18.683
anchpoly_p3.9_omf0.3_t500k |  123 |    6.963 |    17.774
anchpoly_p3.9_omf0.3_t500k |    7 |    6.485 |    17.378

Config              | PPL@2048 (mean±std) | PPL@16384 (mean±std)
geo_500k            | 6.821 ± 0.067       | 19.386 ± 2.007     
hybrid_a0.2_t100k   | 6.686 ± 0.200       | 17.404 ± 1.564     
anchpoly_p3.9_omf0.3_t500k | 6.620 ± 0.245       | 17.945 ± 0.546     

[done] wrote /root/autodl-tmp/dfrope/hybrid-rope/results/evidence_chain_50m_3cfg3seed/results.json
